 Evaluating /Dedicated/schnieders/programs/stack-2021.1.sh
  Loading Modules
   Stack 2021.1
   GCC 9.3.0
   CMake 3.20.0
   Eigen 3.3.9
   Cuda 11.1.1
   Cuda: /usr/share/apps/2021.1/arch/gcc-9.3.0/cuda-11.1.1
   CudaNN 7.6.5.32-10.2
  Loading software from /Dedicated/schnieders/programs
   Ant: /Dedicated/schnieders/programs/apache-ant-1.10.11
   FFX: ~/programs/forcefieldx
   GDMA: /Dedicated/schnieders/programs/gdma-2.3
   Groovy: /Dedicated/schnieders/programs/groovy-4.0.1
   Java: /Dedicated/schnieders/programs/jdk-21
   Maven: /Dedicated/schnieders/programs/apache-maven-3.9.5
   OpenMM CUDA Compiler: /usr/share/apps/2021.1/arch/gcc-9.3.0/cuda-11.1.1/bin/nvcc
Warning on use of the timeseries module: If the inherent timescales of the system are long compared to those being analyzed, this statistical inefficiency may be an underestimate.  The estimate presumes the use of many statistically independent samples.  Tests should be performed to assess whether this condition is satisfied.   Be cautious in the interpretation of the data.

****** PyMBAR will use 64-bit JAX! *******
* JAX is currently set to 32-bit bitsize *
* which is its default.                  *
*                                        *
* PyMBAR requires 64-bit mode and WILL   *
* enable JAX's 64-bit mode when called.  *
*                                        *
* This MAY cause problems with other     *
* Uses of JAX in the same code.          *
******************************************


******* JAX 64-bit mode is now on! *******
*     JAX is now set to 64-bit mode!     *
*   This MAY cause problems with other   *
*      uses of JAX in the same code.     *
******************************************

An NVIDIA GPU may be present on this machine, but a CUDA-enabled jaxlib is not installed. Falling back to cpu.
Adding Restraint with parameters:  [(0, 1), (6275.999999999999, 0.0, 1.0)]
Using PBC Conditions on Restraint?  True
Force dictionary: {'AmoebaBond': 0, 'PeriodicTorsionForce': 1, 'AmoebaVdwForce': 2, 'AmoebaMultipoleForce': 3, 'HarmonicBondForce': 4, 'CMMotionRemover': 5, 'AmoebaOutOfPlaneBend': 6, 'AmoebaAngle': 7, 'AmoebaInPlaneAngle': 8, 'AmoebaStretchBend': 9, 'CustomCentroidBondForce': 10}
Evaluating Free Energy using BAR between (vdw, elec): (0.9, 0.0) and (0.95, 0.0)
WARNING! Restraints triggered with energy of 0.9877528548240662 kJ/mol at at frame 654 at lambda (0.9, 0.0)
WARNING! Restraints triggered with energy of 1.603934407234192 kJ/mol at at frame 2864 at lambda (0.9, 0.0)
WARNING! Restraints triggered with energy of 0.6775130033493042 kJ/mol at at frame 4186 at lambda (0.9, 0.0)
WARNING! Restraints triggered with energy of 0.1184229925274849 kJ/mol at at frame 4195 at lambda (0.9, 0.0)
WARNING! Restraints triggered with energy of 8.800572395324707 kJ/mol at at frame 4201 at lambda (0.9, 0.0)
WARNING! Restraints triggered with energy of 0.5923172831535339 kJ/mol at at frame 4207 at lambda (0.9, 0.0)
WARNING! Restraints triggered with energy of 0.2678917646408081 kJ/mol at at frame 4208 at lambda (0.9, 0.0)
WARNING! Restraints triggered with energy of 3.478898525238037 kJ/mol at at frame 4209 at lambda (0.9, 0.0)
WARNING! Restraints triggered with energy of 1.6426295042037964 kJ/mol at at frame 4212 at lambda (0.9, 0.0)
WARNING! Restraints triggered with energy of 9.077099800109863 kJ/mol at at frame 4214 at lambda (0.9, 0.0)
WARNING! Restraints triggered with energy of 0.9460781216621399 kJ/mol at at frame 4215 at lambda (0.9, 0.0)
WARNING! Restraints triggered with energy of 2.7402029037475586 kJ/mol at at frame 4220 at lambda (0.9, 0.0)
WARNING! Restraints triggered with energy of 2.0255684852600098 kJ/mol at at frame 4253 at lambda (0.9, 0.0)
WARNING! Restraints triggered with energy of 2.091308116912842 kJ/mol at at frame 4259 at lambda (0.9, 0.0)
WARNING! Restraints triggered with energy of 0.17141318321228027 kJ/mol at at frame 4260 at lambda (0.9, 0.0)
WARNING! Restraints triggered with energy of 0.10086880624294281 kJ/mol at at frame 4264 at lambda (0.9, 0.0)
WARNING! Restraints triggered with energy of 1.5573216676712036 kJ/mol at at frame 4266 at lambda (0.9, 0.0)
WARNING! Restraints triggered with energy of 0.17401136457920074 kJ/mol at at frame 4289 at lambda (0.9, 0.0)
WARNING! Restraints triggered with energy of 0.5549987554550171 kJ/mol at at frame 4328 at lambda (0.9, 0.0)
WARNING! Restraints triggered with energy of 0.023152722045779228 kJ/mol at at frame 4334 at lambda (0.9, 0.0)
WARNING! Restraints triggered with energy of 0.8444664478302002 kJ/mol at at frame 4339 at lambda (0.9, 0.0)
WARNING! Restraints triggered with energy of 1.1173877716064453 kJ/mol at at frame 4340 at lambda (0.9, 0.0)
WARNING! Restraints triggered with energy of 0.05717369168996811 kJ/mol at at frame 4341 at lambda (0.9, 0.0)
WARNING! Restraints triggered with energy of 2.6226797103881836 kJ/mol at at frame 4346 at lambda (0.9, 0.0)
WARNING! Restraints triggered with energy of 0.0218691136687994 kJ/mol at at frame 4351 at lambda (0.9, 0.0)
WARNING! Restraints triggered with energy of 0.5335683822631836 kJ/mol at at frame 4352 at lambda (0.9, 0.0)
WARNING! Restraints triggered with energy of 1.8053709268569946 kJ/mol at at frame 4353 at lambda (0.9, 0.0)
WARNING! Restraints triggered with energy of 0.8212484121322632 kJ/mol at at frame 4361 at lambda (0.9, 0.0)
WARNING! Restraints triggered with energy of 1.204951286315918 kJ/mol at at frame 4367 at lambda (0.9, 0.0)
WARNING! Restraints triggered with energy of 0.03500385954976082 kJ/mol at at frame 4369 at lambda (0.9, 0.0)
WARNING! Restraints triggered with energy of 0.00485621765255928 kJ/mol at at frame 4377 at lambda (0.9, 0.0)
WARNING! Restraints triggered with energy of 0.8361210823059082 kJ/mol at at frame 4378 at lambda (0.9, 0.0)
WARNING! Restraints triggered with energy of 3.804474353790283 kJ/mol at at frame 4381 at lambda (0.9, 0.0)
WARNING! Restraints triggered with energy of 0.5841037631034851 kJ/mol at at frame 4391 at lambda (0.9, 0.0)
WARNING! Restraints triggered with energy of 1.3950239419937134 kJ/mol at at frame 4392 at lambda (0.9, 0.0)
WARNING! Restraints triggered with energy of 0.4259757697582245 kJ/mol at at frame 4438 at lambda (0.9, 0.0)
WARNING! Restraints triggered with energy of 0.9457657933235168 kJ/mol at at frame 4545 at lambda (0.9, 0.0)
WARNING! Restraints triggered with energy of 1.0781662464141846 kJ/mol at at frame 4580 at lambda (0.9, 0.0)
WARNING! Restraints triggered with energy of 1.1496015787124634 kJ/mol at at frame 5846 at lambda (0.9, 0.0)
WARNING! Restraints triggered with energy of 1.703311562538147 kJ/mol at at frame 5849 at lambda (0.9, 0.0)
WARNING! Restraints triggered with energy of 0.02194739133119583 kJ/mol at at frame 6922 at lambda (0.9, 0.0)
WARNING! Restraints triggered with energy of 0.026363708078861237 kJ/mol at at frame 6923 at lambda (0.9, 0.0)
WARNING! Restraints triggered with energy of 0.30753180384635925 kJ/mol at at frame 6927 at lambda (0.9, 0.0)
WARNING! Restraints triggered with energy of 5.17179536819458 kJ/mol at at frame 7225 at lambda (0.9, 0.0)
WARNING! Restraints triggered with energy of 4.684591293334961 kJ/mol at at frame 7231 at lambda (0.9, 0.0)
WARNING! Restraints triggered with energy of 1.0798927545547485 kJ/mol at at frame 7247 at lambda (0.9, 0.0)
WARNING! Restraints triggered with energy of 0.8521032929420471 kJ/mol at at frame 7251 at lambda (0.9, 0.0)
WARNING! Restraints triggered with energy of 0.007525857537984848 kJ/mol at at frame 7264 at lambda (0.9, 0.0)
WARNING! Restraints triggered with energy of 0.05753103643655777 kJ/mol at at frame 7311 at lambda (0.9, 0.0)
WARNING! Restraints triggered with energy of 1.968370795249939 kJ/mol at at frame 7332 at lambda (0.9, 0.0)
WARNING! Restraints triggered with energy of 0.2887030243873596 kJ/mol at at frame 7348 at lambda (0.9, 0.0)
WARNING! Restraints triggered with energy of 2.5151257514953613 kJ/mol at at frame 7372 at lambda (0.9, 0.0)
WARNING! Restraints triggered with energy of 0.22594812512397766 kJ/mol at at frame 7377 at lambda (0.9, 0.0)
WARNING! Restraints triggered with energy of 0.17074133455753326 kJ/mol at at frame 7399 at lambda (0.9, 0.0)
WARNING! Restraints triggered with energy of 0.07544168829917908 kJ/mol at at frame 7951 at lambda (0.9, 0.0)
WARNING! Restraints triggered with energy of 2.035823345184326 kJ/mol at at frame 7965 at lambda (0.9, 0.0)
WARNING! Restraints triggered with energy of 0.059279244393110275 kJ/mol at at frame 7989 at lambda (0.9, 0.0)
WARNING! Restraints triggered with energy of 0.010256914421916008 kJ/mol at at frame 8102 at lambda (0.9, 0.0)
WARNING! Restraints triggered with energy of 7.435050964355469 kJ/mol at at frame 8103 at lambda (0.9, 0.0)
WARNING! Restraints triggered with energy of 0.0862295925617218 kJ/mol at at frame 8133 at lambda (0.9, 0.0)
WARNING! Restraints triggered with energy of 3.5480053424835205 kJ/mol at at frame 8143 at lambda (0.9, 0.0)
WARNING! Restraints triggered with energy of 0.766594409942627 kJ/mol at at frame 8146 at lambda (0.9, 0.0)
WARNING! Restraints triggered with energy of 0.14781777560710907 kJ/mol at at frame 8154 at lambda (0.9, 0.0)
WARNING! Restraints triggered with energy of 0.6886275410652161 kJ/mol at at frame 8155 at lambda (0.9, 0.0)
WARNING! Restraints triggered with energy of 0.3137638568878174 kJ/mol at at frame 8170 at lambda (0.9, 0.0)
WARNING! Restraints triggered with energy of 0.017940698191523552 kJ/mol at at frame 8171 at lambda (0.9, 0.0)
WARNING! Restraints triggered with energy of 0.5750162601470947 kJ/mol at at frame 8184 at lambda (0.9, 0.0)
WARNING! Restraints triggered with energy of 7.400995254516602 kJ/mol at at frame 8222 at lambda (0.9, 0.0)
WARNING! Restraints triggered with energy of 0.16266006231307983 kJ/mol at at frame 8268 at lambda (0.9, 0.0)
WARNING! Restraints triggered with energy of 1.3506097793579102 kJ/mol at at frame 8269 at lambda (0.9, 0.0)
WARNING! Restraints triggered with energy of 2.939650297164917 kJ/mol at at frame 8271 at lambda (0.9, 0.0)
WARNING! Restraints triggered with energy of 0.30782514810562134 kJ/mol at at frame 8274 at lambda (0.9, 0.0)
WARNING! Restraints triggered with energy of 0.12071540951728821 kJ/mol at at frame 8276 at lambda (0.9, 0.0)
WARNING! Restraints triggered with energy of 0.08796874433755875 kJ/mol at at frame 8277 at lambda (0.9, 0.0)
WARNING! Restraints triggered with energy of 0.563388466835022 kJ/mol at at frame 8278 at lambda (0.9, 0.0)
WARNING! Restraints triggered with energy of 2.4857966899871826 kJ/mol at at frame 8279 at lambda (0.9, 0.0)
WARNING! Restraints triggered with energy of 2.0126590728759766 kJ/mol at at frame 8283 at lambda (0.9, 0.0)
WARNING! Restraints triggered with energy of 2.8489091396331787 kJ/mol at at frame 8284 at lambda (0.9, 0.0)
WARNING! Restraints triggered with energy of 0.00027376084472052753 kJ/mol at at frame 8287 at lambda (0.9, 0.0)
WARNING! Restraints triggered with energy of 2.764267921447754 kJ/mol at at frame 8363 at lambda (0.9, 0.0)
WARNING! Restraints triggered with energy of 3.4906041622161865 kJ/mol at at frame 8398 at lambda (0.9, 0.0)
WARNING! Restraints triggered with energy of 0.26186493039131165 kJ/mol at at frame 8577 at lambda (0.9, 0.0)
WARNING! Restraints triggered with energy of 0.03272749483585358 kJ/mol at at frame 8581 at lambda (0.9, 0.0)
WARNING! Restraints triggered with energy of 0.19467438757419586 kJ/mol at at frame 8597 at lambda (0.9, 0.0)
WARNING! Restraints triggered with energy of 0.0413803830742836 kJ/mol at at frame 8598 at lambda (0.9, 0.0)
WARNING! Restraints triggered with energy of 0.3129497170448303 kJ/mol at at frame 8601 at lambda (0.9, 0.0)
WARNING! Restraints triggered with energy of 1.3333680629730225 kJ/mol at at frame 8603 at lambda (0.9, 0.0)
WARNING! Restraints triggered with energy of 1.4091137647628784 kJ/mol at at frame 8604 at lambda (0.9, 0.0)
WARNING! Restraints triggered with energy of 7.714555263519287 kJ/mol at at frame 8635 at lambda (0.9, 0.0)
WARNING! Restraints triggered with energy of 0.18265697360038757 kJ/mol at at frame 8667 at lambda (0.9, 0.0)
WARNING! Restraints triggered with energy of 2.7611911296844482 kJ/mol at at frame 8668 at lambda (0.9, 0.0)
WARNING! Restraints triggered with energy of 0.05397699028253555 kJ/mol at at frame 8672 at lambda (0.9, 0.0)
WARNING! Restraints triggered with energy of 0.004773649387061596 kJ/mol at at frame 8689 at lambda (0.9, 0.0)
WARNING! Restraints triggered with energy of 0.4131181538105011 kJ/mol at at frame 8691 at lambda (0.9, 0.0)
WARNING! Restraints triggered with energy of 0.44556236267089844 kJ/mol at at frame 8692 at lambda (0.9, 0.0)
WARNING! Restraints triggered with energy of 2.0713889598846436 kJ/mol at at frame 8694 at lambda (0.9, 0.0)
WARNING! Restraints triggered with energy of 0.006911376025527716 kJ/mol at at frame 8721 at lambda (0.9, 0.0)
WARNING! Restraints triggered with energy of 2.112887144088745 kJ/mol at at frame 8726 at lambda (0.9, 0.0)
WARNING! Restraints triggered with energy of 0.0024283500388264656 kJ/mol at at frame 8727 at lambda (0.9, 0.0)
WARNING! Restraints triggered with energy of 0.028579702600836754 kJ/mol at at frame 8731 at lambda (0.9, 0.0)
WARNING! Restraints triggered with energy of 0.9256865382194519 kJ/mol at at frame 8734 at lambda (0.9, 0.0)
WARNING! Restraints triggered with energy of 4.4083476066589355 kJ/mol at at frame 8736 at lambda (0.9, 0.0)
WARNING! Restraints triggered with energy of 0.3627017140388489 kJ/mol at at frame 8740 at lambda (0.9, 0.0)
WARNING! Restraints triggered with energy of 3.0558359622955322 kJ/mol at at frame 8742 at lambda (0.9, 0.0)
WARNING! Restraints triggered with energy of 0.008032218553125858 kJ/mol at at frame 8743 at lambda (0.9, 0.0)
WARNING! Restraints triggered with energy of 1.0430183410644531 kJ/mol at at frame 8747 at lambda (0.9, 0.0)
WARNING! Restraints triggered with energy of 3.752779245376587 kJ/mol at at frame 8749 at lambda (0.9, 0.0)
WARNING! Restraints triggered with energy of 0.3576800227165222 kJ/mol at at frame 8752 at lambda (0.9, 0.0)
WARNING! Restraints triggered with energy of 2.769671678543091 kJ/mol at at frame 8753 at lambda (0.9, 0.0)
WARNING! Restraints triggered with energy of 0.8037806153297424 kJ/mol at at frame 8757 at lambda (0.9, 0.0)
WARNING! Restraints triggered with energy of 0.5228748321533203 kJ/mol at at frame 8760 at lambda (0.9, 0.0)
WARNING! Restraints triggered with energy of 1.482188105583191 kJ/mol at at frame 8762 at lambda (0.9, 0.0)
WARNING! Restraints triggered with energy of 0.03951537236571312 kJ/mol at at frame 8769 at lambda (0.9, 0.0)
WARNING! Restraints triggered with energy of 0.3425706923007965 kJ/mol at at frame 8770 at lambda (0.9, 0.0)
WARNING! Restraints triggered with energy of 0.9387986660003662 kJ/mol at at frame 8771 at lambda (0.9, 0.0)
WARNING! Restraints triggered with energy of 0.08292298763990402 kJ/mol at at frame 8778 at lambda (0.9, 0.0)
WARNING! Restraints triggered with energy of 0.33000800013542175 kJ/mol at at frame 8779 at lambda (0.9, 0.0)
WARNING! Restraints triggered with energy of 6.042009353637695 kJ/mol at at frame 8781 at lambda (0.9, 0.0)
WARNING! Restraints triggered with energy of 0.7805653810501099 kJ/mol at at frame 8787 at lambda (0.9, 0.0)
WARNING! Restraints triggered with energy of 0.08367527276277542 kJ/mol at at frame 8815 at lambda (0.9, 0.0)
WARNING! Restraints triggered with energy of 0.48952561616897583 kJ/mol at at frame 8824 at lambda (0.9, 0.0)
WARNING! Restraints triggered with energy of 0.14034780859947205 kJ/mol at at frame 8842 at lambda (0.9, 0.0)
WARNING! Restraints triggered with energy of 0.22361984848976135 kJ/mol at at frame 8855 at lambda (0.9, 0.0)
WARNING! Restraints triggered with energy of 8.532073020935059 kJ/mol at at frame 8878 at lambda (0.9, 0.0)
WARNING! Restraints triggered with energy of 0.6408807635307312 kJ/mol at at frame 8967 at lambda (0.9, 0.0)
WARNING! Restraints triggered with energy of 5.579693794250488 kJ/mol at at frame 8969 at lambda (0.9, 0.0)
WARNING! Restraints triggered with energy of 0.04401053860783577 kJ/mol at at frame 8971 at lambda (0.9, 0.0)
WARNING! Restraints triggered with energy of 0.6059427261352539 kJ/mol at at frame 8975 at lambda (0.9, 0.0)
WARNING! Restraints triggered with energy of 0.35123664140701294 kJ/mol at at frame 8976 at lambda (0.9, 0.0)
WARNING! Restraints triggered with energy of 0.5351837873458862 kJ/mol at at frame 8977 at lambda (0.9, 0.0)
WARNING! Restraints triggered with energy of 1.6515742540359497 kJ/mol at at frame 8978 at lambda (0.9, 0.0)
WARNING! Restraints triggered with energy of 0.00875361543148756 kJ/mol at at frame 9000 at lambda (0.9, 0.0)
WARNING! Restraints triggered with energy of 0.10920453071594238 kJ/mol at at frame 9065 at lambda (0.9, 0.0)
WARNING! Restraints triggered with energy of 1.6892651319503784 kJ/mol at at frame 9066 at lambda (0.9, 0.0)
WARNING! Restraints triggered with energy of 0.03636317700147629 kJ/mol at at frame 9089 at lambda (0.9, 0.0)
WARNING! Restraints triggered with energy of 0.05804865434765816 kJ/mol at at frame 9185 at lambda (0.9, 0.0)
WARNING! Restraints triggered with energy of 1.3907662630081177 kJ/mol at at frame 9189 at lambda (0.9, 0.0)
WARNING! Restraints triggered with energy of 0.021228650584816933 kJ/mol at at frame 9221 at lambda (0.9, 0.0)
WARNING! Restraints triggered with energy of 0.6541948914527893 kJ/mol at at frame 9415 at lambda (0.9, 0.0)
WARNING! Restraints triggered with energy of 1.6427022218704224 kJ/mol at at frame 9416 at lambda (0.9, 0.0)
WARNING! Restraints triggered with energy of 6.005295276641846 kJ/mol at at frame 9422 at lambda (0.9, 0.0)
WARNING! Restraints triggered with energy of 1.8862497806549072 kJ/mol at at frame 9639 at lambda (0.9, 0.0)
WARNING! Restraints triggered with energy of 0.036298371851444244 kJ/mol at at frame 9674 at lambda (0.9, 0.0)
WARNING! Restraints triggered with energy of 0.014353325590491295 kJ/mol at at frame 9690 at lambda (0.9, 0.0)
WARNING! Restraints triggered with energy of 3.373215675354004 kJ/mol at at frame 9694 at lambda (0.9, 0.0)
WARNING! Restraints triggered with energy of 0.3832319974899292 kJ/mol at at frame 9698 at lambda (0.9, 0.0)
WARNING! Restraints triggered with energy of 1.7980692386627197 kJ/mol at at frame 9699 at lambda (0.9, 0.0)
WARNING! Restraints triggered with energy of 0.19271261990070343 kJ/mol at at frame 9710 at lambda (0.9, 0.0)
WARNING! Restraints triggered with energy of 0.20111030340194702 kJ/mol at at frame 9712 at lambda (0.9, 0.0)
WARNING! Restraints triggered with energy of 0.014283263124525547 kJ/mol at at frame 9725 at lambda (0.9, 0.0)
WARNING! Restraints triggered with energy of 2.851651668548584 kJ/mol at at frame 9726 at lambda (0.9, 0.0)
WARNING! Restraints triggered with energy of 1.8334717750549316 kJ/mol at at frame 9734 at lambda (0.9, 0.0)
WARNING! Restraints triggered with energy of 0.05344732478260994 kJ/mol at at frame 9770 at lambda (0.9, 0.0)
WARNING! Restraints triggered with energy of 1.3935965299606323 kJ/mol at at frame 9773 at lambda (0.9, 0.0)
WARNING! Restraints triggered with energy of 0.2242186814546585 kJ/mol at at frame 9775 at lambda (0.9, 0.0)
WARNING! Restraints triggered with energy of 3.3939573764801025 kJ/mol at at frame 9814 at lambda (0.9, 0.0)
WARNING! Restraints triggered with energy of 0.05186108872294426 kJ/mol at at frame 10142 at lambda (0.9, 0.0)
WARNING! Restraints triggered with energy of 0.23002448678016663 kJ/mol at at frame 10405 at lambda (0.9, 0.0)
WARNING! Restraints triggered with energy of 0.1335335522890091 kJ/mol at at frame 10406 at lambda (0.9, 0.0)
WARNING! Restraints triggered with energy of 0.3108716607093811 kJ/mol at at frame 10407 at lambda (0.9, 0.0)
WARNING! Restraints triggered with energy of 1.096621036529541 kJ/mol at at frame 10409 at lambda (0.9, 0.0)
WARNING! Restraints triggered with energy of 2.984346628189087 kJ/mol at at frame 10413 at lambda (0.9, 0.0)
WARNING! Restraints triggered with energy of 0.6103025674819946 kJ/mol at at frame 10414 at lambda (0.9, 0.0)
WARNING! Restraints triggered with energy of 0.0625278502702713 kJ/mol at at frame 10416 at lambda (0.9, 0.0)
WARNING! Restraints triggered with energy of 3.4424965381622314 kJ/mol at at frame 10428 at lambda (0.9, 0.0)
WARNING! Restraints triggered with energy of 0.7388687133789062 kJ/mol at at frame 10443 at lambda (0.9, 0.0)
WARNING! Restraints triggered with energy of 0.36838865280151367 kJ/mol at at frame 10455 at lambda (0.9, 0.0)
WARNING! Restraints triggered with energy of 1.7843934297561646 kJ/mol at at frame 10459 at lambda (0.9, 0.0)
WARNING! Restraints triggered with energy of 2.815216302871704 kJ/mol at at frame 10464 at lambda (0.9, 0.0)
WARNING! Restraints triggered with energy of 2.5377020835876465 kJ/mol at at frame 10465 at lambda (0.9, 0.0)
WARNING! Restraints triggered with energy of 0.6272995471954346 kJ/mol at at frame 10475 at lambda (0.9, 0.0)
WARNING! Restraints triggered with energy of 0.8594242930412292 kJ/mol at at frame 10481 at lambda (0.9, 0.0)
WARNING! Restraints triggered with energy of 2.753068447113037 kJ/mol at at frame 10482 at lambda (0.9, 0.0)
WARNING! Restraints triggered with energy of 7.134950160980225 kJ/mol at at frame 10488 at lambda (0.9, 0.0)
WARNING! Restraints triggered with energy of 8.496139526367188 kJ/mol at at frame 10507 at lambda (0.9, 0.0)
WARNING! Restraints triggered with energy of 3.5045926570892334 kJ/mol at at frame 10508 at lambda (0.9, 0.0)
WARNING! Restraints triggered with energy of 0.34338927268981934 kJ/mol at at frame 10509 at lambda (0.9, 0.0)
WARNING! Restraints triggered with energy of 1.0776759386062622 kJ/mol at at frame 10512 at lambda (0.9, 0.0)
WARNING! Restraints triggered with energy of 2.3301544189453125 kJ/mol at at frame 10513 at lambda (0.9, 0.0)
WARNING! Restraints triggered with energy of 0.20461520552635193 kJ/mol at at frame 10515 at lambda (0.9, 0.0)
WARNING! Restraints triggered with energy of 2.690095901489258 kJ/mol at at frame 10516 at lambda (0.9, 0.0)
WARNING! Restraints triggered with energy of 0.38666558265686035 kJ/mol at at frame 10517 at lambda (0.9, 0.0)
WARNING! Restraints triggered with energy of 0.08175772428512573 kJ/mol at at frame 10518 at lambda (0.9, 0.0)
WARNING! Restraints triggered with energy of 1.4969182014465332 kJ/mol at at frame 10519 at lambda (0.9, 0.0)
WARNING! Restraints triggered with energy of 0.6052812933921814 kJ/mol at at frame 10520 at lambda (0.9, 0.0)
WARNING! Restraints triggered with energy of 1.41104257106781 kJ/mol at at frame 10521 at lambda (0.9, 0.0)
WARNING! Restraints triggered with energy of 1.2650840282440186 kJ/mol at at frame 10529 at lambda (0.9, 0.0)
WARNING! Restraints triggered with energy of 0.932313084602356 kJ/mol at at frame 10537 at lambda (0.9, 0.0)
WARNING! Restraints triggered with energy of 0.22293265163898468 kJ/mol at at frame 10541 at lambda (0.9, 0.0)
WARNING! Restraints triggered with energy of 2.8645517826080322 kJ/mol at at frame 10542 at lambda (0.9, 0.0)
WARNING! Restraints triggered with energy of 1.7847466468811035 kJ/mol at at frame 10543 at lambda (0.9, 0.0)
WARNING! Restraints triggered with energy of 11.885497093200684 kJ/mol at at frame 10544 at lambda (0.9, 0.0)
WARNING! Restraints triggered with energy of 3.4745664596557617 kJ/mol at at frame 10545 at lambda (0.9, 0.0)
WARNING! Restraints triggered with energy of 1.253151774406433 kJ/mol at at frame 10559 at lambda (0.9, 0.0)
WARNING! Restraints triggered with energy of 5.599208354949951 kJ/mol at at frame 10561 at lambda (0.9, 0.0)
WARNING! Restraints triggered with energy of 1.9127758741378784 kJ/mol at at frame 10564 at lambda (0.9, 0.0)
WARNING! Restraints triggered with energy of 5.022337913513184 kJ/mol at at frame 10565 at lambda (0.9, 0.0)
WARNING! Restraints triggered with energy of 5.251608848571777 kJ/mol at at frame 10566 at lambda (0.9, 0.0)
WARNING! Restraints triggered with energy of 0.4574796259403229 kJ/mol at at frame 10572 at lambda (0.9, 0.0)
WARNING! Restraints triggered with energy of 0.5445931553840637 kJ/mol at at frame 10574 at lambda (0.9, 0.0)
WARNING! Restraints triggered with energy of 0.15138277411460876 kJ/mol at at frame 10678 at lambda (0.9, 0.0)
WARNING! Restraints triggered with energy of 2.3342790603637695 kJ/mol at at frame 10684 at lambda (0.9, 0.0)
WARNING! Restraints triggered with energy of 0.0015323295956477523 kJ/mol at at frame 10698 at lambda (0.9, 0.0)
WARNING! Restraints triggered with energy of 0.8566599488258362 kJ/mol at at frame 10704 at lambda (0.9, 0.0)
WARNING! Restraints triggered with energy of 0.19340141117572784 kJ/mol at at frame 10711 at lambda (0.9, 0.0)
WARNING! Restraints triggered with energy of 0.8938007354736328 kJ/mol at at frame 10721 at lambda (0.9, 0.0)
WARNING! Restraints triggered with energy of 5.938045501708984 kJ/mol at at frame 10723 at lambda (0.9, 0.0)
WARNING! Restraints triggered with energy of 0.39729633927345276 kJ/mol at at frame 10725 at lambda (0.9, 0.0)
WARNING! Restraints triggered with energy of 2.775993585586548 kJ/mol at at frame 10730 at lambda (0.9, 0.0)
WARNING! Restraints triggered with energy of 0.10082681477069855 kJ/mol at at frame 10733 at lambda (0.9, 0.0)
WARNING! Restraints triggered with energy of 0.5175074934959412 kJ/mol at at frame 10734 at lambda (0.9, 0.0)
WARNING! Restraints triggered with energy of 1.1421005725860596 kJ/mol at at frame 10735 at lambda (0.9, 0.0)
WARNING! Restraints triggered with energy of 1.9410394430160522 kJ/mol at at frame 10737 at lambda (0.9, 0.0)
WARNING! Restraints triggered with energy of 0.5942085385322571 kJ/mol at at frame 10738 at lambda (0.9, 0.0)
WARNING! Restraints triggered with energy of 4.710012912750244 kJ/mol at at frame 10739 at lambda (0.9, 0.0)
WARNING! Restraints triggered with energy of 3.846996307373047 kJ/mol at at frame 10742 at lambda (0.9, 0.0)
WARNING! Restraints triggered with energy of 2.9106411933898926 kJ/mol at at frame 10752 at lambda (0.9, 0.0)
WARNING! Restraints triggered with energy of 4.436389923095703 kJ/mol at at frame 10771 at lambda (0.9, 0.0)
WARNING! Restraints triggered with energy of 1.3893409967422485 kJ/mol at at frame 10772 at lambda (0.9, 0.0)
WARNING! Restraints triggered with energy of 0.01630258746445179 kJ/mol at at frame 10773 at lambda (0.9, 0.0)
WARNING! Restraints triggered with energy of 0.8215395212173462 kJ/mol at at frame 10774 at lambda (0.9, 0.0)
WARNING! Restraints triggered with energy of 6.988890647888184 kJ/mol at at frame 10778 at lambda (0.9, 0.0)
WARNING! Restraints triggered with energy of 0.00715690478682518 kJ/mol at at frame 10781 at lambda (0.9, 0.0)
WARNING! Restraints triggered with energy of 1.2182987928390503 kJ/mol at at frame 11351 at lambda (0.9, 0.0)
WARNING! Restraints triggered with energy of 0.007220962550491095 kJ/mol at at frame 11353 at lambda (0.9, 0.0)
WARNING! Restraints triggered with energy of 0.26875272393226624 kJ/mol at at frame 11390 at lambda (0.9, 0.0)
WARNING! Restraints triggered with energy of 0.4510001540184021 kJ/mol at at frame 11392 at lambda (0.9, 0.0)
WARNING! Restraints triggered with energy of 4.551140308380127 kJ/mol at at frame 11396 at lambda (0.9, 0.0)
WARNING! Restraints triggered with energy of 0.8764575719833374 kJ/mol at at frame 11400 at lambda (0.9, 0.0)
WARNING! Restraints triggered with energy of 0.3394933044910431 kJ/mol at at frame 11475 at lambda (0.9, 0.0)
WARNING! Restraints triggered with energy of 1.7548956871032715 kJ/mol at at frame 11477 at lambda (0.9, 0.0)
WARNING! Restraints triggered with energy of 2.7534759044647217 kJ/mol at at frame 11481 at lambda (0.9, 0.0)
WARNING! Restraints triggered with energy of 0.9775300621986389 kJ/mol at at frame 11498 at lambda (0.9, 0.0)
WARNING! Restraints triggered with energy of 0.5229977369308472 kJ/mol at at frame 11499 at lambda (0.9, 0.0)
WARNING! Restraints triggered with energy of 0.3503640294075012 kJ/mol at at frame 11500 at lambda (0.9, 0.0)
WARNING! Restraints triggered with energy of 0.9880532026290894 kJ/mol at at frame 11502 at lambda (0.9, 0.0)
WARNING! Restraints triggered with energy of 0.031963199377059937 kJ/mol at at frame 11504 at lambda (0.9, 0.0)
WARNING! Restraints triggered with energy of 0.10509324818849564 kJ/mol at at frame 11505 at lambda (0.9, 0.0)
WARNING! Restraints triggered with energy of 0.044196967035532 kJ/mol at at frame 11506 at lambda (0.9, 0.0)
WARNING! Restraints triggered with energy of 1.7595776319503784 kJ/mol at at frame 11507 at lambda (0.9, 0.0)
WARNING! Restraints triggered with energy of 0.0009333654306828976 kJ/mol at at frame 11525 at lambda (0.9, 0.0)
WARNING! Restraints triggered with energy of 0.017971070483326912 kJ/mol at at frame 11526 at lambda (0.9, 0.0)
WARNING! Restraints triggered with energy of 1.5472261905670166 kJ/mol at at frame 11611 at lambda (0.9, 0.0)
WARNING! Restraints triggered with energy of 2.080015182495117 kJ/mol at at frame 11614 at lambda (0.9, 0.0)
WARNING! Restraints triggered with energy of 0.8833673596382141 kJ/mol at at frame 11617 at lambda (0.9, 0.0)
WARNING! Restraints triggered with energy of 0.2687135636806488 kJ/mol at at frame 11618 at lambda (0.9, 0.0)
WARNING! Restraints triggered with energy of 0.0880696102976799 kJ/mol at at frame 11627 at lambda (0.9, 0.0)
WARNING! Restraints triggered with energy of 0.055053021758794785 kJ/mol at at frame 11628 at lambda (0.9, 0.0)
WARNING! Restraints triggered with energy of 4.158003807067871 kJ/mol at at frame 11630 at lambda (0.9, 0.0)
WARNING! Restraints triggered with energy of 1.0221365690231323 kJ/mol at at frame 11669 at lambda (0.9, 0.0)
WARNING! Restraints triggered with energy of 0.10573715716600418 kJ/mol at at frame 11675 at lambda (0.9, 0.0)
WARNING! Restraints triggered with energy of 0.18277809023857117 kJ/mol at at frame 11676 at lambda (0.9, 0.0)
WARNING! Restraints triggered with energy of 0.4211938977241516 kJ/mol at at frame 11677 at lambda (0.9, 0.0)
WARNING! Restraints triggered with energy of 0.3281444013118744 kJ/mol at at frame 11680 at lambda (0.9, 0.0)
WARNING! Restraints triggered with energy of 2.3101305961608887 kJ/mol at at frame 11682 at lambda (0.9, 0.0)
WARNING! Restraints triggered with energy of 1.3017802238464355 kJ/mol at at frame 11683 at lambda (0.9, 0.0)
WARNING! Restraints triggered with energy of 0.21522393822669983 kJ/mol at at frame 11685 at lambda (0.9, 0.0)
WARNING! Restraints triggered with energy of 0.10733386874198914 kJ/mol at at frame 11691 at lambda (0.9, 0.0)
WARNING! Restraints triggered with energy of 0.0847000852227211 kJ/mol at at frame 11693 at lambda (0.9, 0.0)
WARNING! Restraints triggered with energy of 0.8443101644515991 kJ/mol at at frame 11694 at lambda (0.9, 0.0)
WARNING! Restraints triggered with energy of 0.013806497678160667 kJ/mol at at frame 11696 at lambda (0.9, 0.0)
WARNING! Restraints triggered with energy of 4.040301322937012 kJ/mol at at frame 11710 at lambda (0.9, 0.0)
WARNING! Restraints triggered with energy of 7.300014019012451 kJ/mol at at frame 11711 at lambda (0.9, 0.0)
WARNING! Restraints triggered with energy of 2.529043674468994 kJ/mol at at frame 11712 at lambda (0.9, 0.0)
WARNING! Restraints triggered with energy of 3.1814792156219482 kJ/mol at at frame 11713 at lambda (0.9, 0.0)
WARNING! Restraints triggered with energy of 2.2398793697357178 kJ/mol at at frame 11714 at lambda (0.9, 0.0)
WARNING! Restraints triggered with energy of 0.0005132909864187241 kJ/mol at at frame 11718 at lambda (0.9, 0.0)
WARNING! Restraints triggered with energy of 4.654959201812744 kJ/mol at at frame 11721 at lambda (0.9, 0.0)
WARNING! Restraints triggered with energy of 2.3131744861602783 kJ/mol at at frame 11728 at lambda (0.9, 0.0)
WARNING! Restraints triggered with energy of 0.24929969012737274 kJ/mol at at frame 11732 at lambda (0.9, 0.0)
WARNING! Restraints triggered with energy of 2.989928960800171 kJ/mol at at frame 11742 at lambda (0.9, 0.0)
WARNING! Restraints triggered with energy of 0.15891869366168976 kJ/mol at at frame 11745 at lambda (0.9, 0.0)
WARNING! Restraints triggered with energy of 4.182071685791016 kJ/mol at at frame 11763 at lambda (0.9, 0.0)
WARNING! Restraints triggered with energy of 5.379809856414795 kJ/mol at at frame 11779 at lambda (0.9, 0.0)
WARNING! Restraints triggered with energy of 0.2687135636806488 kJ/mol at at frame 11784 at lambda (0.9, 0.0)
WARNING! Restraints triggered with energy of 5.345736503601074 kJ/mol at at frame 11811 at lambda (0.9, 0.0)
WARNING! Restraints triggered with energy of 1.6497057676315308 kJ/mol at at frame 11812 at lambda (0.9, 0.0)
WARNING! Restraints triggered with energy of 0.22230881452560425 kJ/mol at at frame 11813 at lambda (0.9, 0.0)
WARNING! Restraints triggered with energy of 2.3602941036224365 kJ/mol at at frame 11816 at lambda (0.9, 0.0)
WARNING! Restraints triggered with energy of 0.2176756113767624 kJ/mol at at frame 11820 at lambda (0.9, 0.0)
WARNING! Restraints triggered with energy of 0.05353032425045967 kJ/mol at at frame 11822 at lambda (0.9, 0.0)
WARNING! Restraints triggered with energy of 0.2791423201560974 kJ/mol at at frame 11962 at lambda (0.9, 0.0)
WARNING! Restraints triggered with energy of 2.9037816524505615 kJ/mol at at frame 11966 at lambda (0.9, 0.0)
WARNING! Restraints triggered with energy of 0.23664814233779907 kJ/mol at at frame 11969 at lambda (0.9, 0.0)
WARNING! Restraints triggered with energy of 1.0234928131103516 kJ/mol at at frame 11988 at lambda (0.9, 0.0)
WARNING! Restraints triggered with energy of 0.41354313492774963 kJ/mol at at frame 11989 at lambda (0.9, 0.0)
WARNING! Restraints triggered with energy of 2.8969943523406982 kJ/mol at at frame 12027 at lambda (0.9, 0.0)
WARNING! Restraints triggered with energy of 1.5154392719268799 kJ/mol at at frame 12028 at lambda (0.9, 0.0)
WARNING! Restraints triggered with energy of 1.957441806793213 kJ/mol at at frame 12030 at lambda (0.9, 0.0)
WARNING! Restraints triggered with energy of 0.5342032313346863 kJ/mol at at frame 12070 at lambda (0.9, 0.0)
WARNING! Restraints triggered with energy of 0.08160118758678436 kJ/mol at at frame 12071 at lambda (0.9, 0.0)
WARNING! Restraints triggered with energy of 0.8070012927055359 kJ/mol at at frame 12073 at lambda (0.9, 0.0)
WARNING! Restraints triggered with energy of 1.9549057483673096 kJ/mol at at frame 12074 at lambda (0.9, 0.0)
WARNING! Restraints triggered with energy of 5.1242265701293945 kJ/mol at at frame 12077 at lambda (0.9, 0.0)
WARNING! Restraints triggered with energy of 0.6760523915290833 kJ/mol at at frame 12079 at lambda (0.9, 0.0)
WARNING! Restraints triggered with energy of 0.8218305706977844 kJ/mol at at frame 12080 at lambda (0.9, 0.0)
WARNING! Restraints triggered with energy of 1.4707127809524536 kJ/mol at at frame 12081 at lambda (0.9, 0.0)
WARNING! Restraints triggered with energy of 7.220569610595703 kJ/mol at at frame 12108 at lambda (0.9, 0.0)
WARNING! Restraints triggered with energy of 0.12299668043851852 kJ/mol at at frame 12109 at lambda (0.9, 0.0)
WARNING! Restraints triggered with energy of 1.3127074241638184 kJ/mol at at frame 12122 at lambda (0.9, 0.0)
WARNING! Restraints triggered with energy of 0.2977028787136078 kJ/mol at at frame 12123 at lambda (0.9, 0.0)
WARNING! Restraints triggered with energy of 0.4349850118160248 kJ/mol at at frame 12124 at lambda (0.9, 0.0)
WARNING! Restraints triggered with energy of 0.008544586598873138 kJ/mol at at frame 12125 at lambda (0.9, 0.0)
WARNING! Restraints triggered with energy of 0.03054746612906456 kJ/mol at at frame 12126 at lambda (0.9, 0.0)
WARNING! Restraints triggered with energy of 0.09025219827890396 kJ/mol at at frame 12130 at lambda (0.9, 0.0)
WARNING! Restraints triggered with energy of 9.291520118713379 kJ/mol at at frame 12132 at lambda (0.9, 0.0)
WARNING! Restraints triggered with energy of 1.688651442527771 kJ/mol at at frame 12135 at lambda (0.9, 0.0)
WARNING! Restraints triggered with energy of 1.0530149936676025 kJ/mol at at frame 12137 at lambda (0.9, 0.0)
WARNING! Restraints triggered with energy of 1.5762587785720825 kJ/mol at at frame 12143 at lambda (0.9, 0.0)
WARNING! Restraints triggered with energy of 0.05754915997385979 kJ/mol at at frame 12144 at lambda (0.9, 0.0)
WARNING! Restraints triggered with energy of 0.3425596356391907 kJ/mol at at frame 12146 at lambda (0.9, 0.0)
WARNING! Restraints triggered with energy of 0.5220556855201721 kJ/mol at at frame 12147 at lambda (0.9, 0.0)
WARNING! Restraints triggered with energy of 1.3765692710876465 kJ/mol at at frame 12161 at lambda (0.9, 0.0)
WARNING! Restraints triggered with energy of 1.031975269317627 kJ/mol at at frame 12163 at lambda (0.9, 0.0)
WARNING! Restraints triggered with energy of 5.767654895782471 kJ/mol at at frame 12164 at lambda (0.9, 0.0)
WARNING! Restraints triggered with energy of 3.7716100215911865 kJ/mol at at frame 12167 at lambda (0.9, 0.0)
WARNING! Restraints triggered with energy of 0.10539963096380234 kJ/mol at at frame 12169 at lambda (0.9, 0.0)
WARNING! Restraints triggered with energy of 0.5465602278709412 kJ/mol at at frame 12170 at lambda (0.9, 0.0)
WARNING! Restraints triggered with energy of 0.04050520062446594 kJ/mol at at frame 12171 at lambda (0.9, 0.0)
WARNING! Restraints triggered with energy of 1.2972370386123657 kJ/mol at at frame 12173 at lambda (0.9, 0.0)
WARNING! Restraints triggered with energy of 2.571300983428955 kJ/mol at at frame 12178 at lambda (0.9, 0.0)
WARNING! Restraints triggered with energy of 0.3245943784713745 kJ/mol at at frame 12181 at lambda (0.9, 0.0)
WARNING! Restraints triggered with energy of 0.3523681163787842 kJ/mol at at frame 12182 at lambda (0.9, 0.0)
WARNING! Restraints triggered with energy of 0.0003128806420136243 kJ/mol at at frame 12183 at lambda (0.9, 0.0)
WARNING! Restraints triggered with energy of 4.231542110443115 kJ/mol at at frame 12185 at lambda (0.9, 0.0)
WARNING! Restraints triggered with energy of 1.5233783721923828 kJ/mol at at frame 12233 at lambda (0.9, 0.0)
WARNING! Restraints triggered with energy of 0.521769106388092 kJ/mol at at frame 12243 at lambda (0.9, 0.0)
WARNING! Restraints triggered with energy of 0.07466035336256027 kJ/mol at at frame 12248 at lambda (0.9, 0.0)
WARNING! Restraints triggered with energy of 0.8168895244598389 kJ/mol at at frame 12256 at lambda (0.9, 0.0)
WARNING! Restraints triggered with energy of 0.04360335320234299 kJ/mol at at frame 12262 at lambda (0.9, 0.0)
WARNING! Restraints triggered with energy of 0.09335385262966156 kJ/mol at at frame 12388 at lambda (0.9, 0.0)
WARNING! Restraints triggered with energy of 0.5276522636413574 kJ/mol at at frame 12391 at lambda (0.9, 0.0)
WARNING! Restraints triggered with energy of 0.08241251111030579 kJ/mol at at frame 12392 at lambda (0.9, 0.0)
WARNING! Restraints triggered with energy of 0.009139482863247395 kJ/mol at at frame 12395 at lambda (0.9, 0.0)
WARNING! Restraints triggered with energy of 7.834101676940918 kJ/mol at at frame 12396 at lambda (0.9, 0.0)
WARNING! Restraints triggered with energy of 0.4174024760723114 kJ/mol at at frame 12397 at lambda (0.9, 0.0)
WARNING! Restraints triggered with energy of 0.6926144361495972 kJ/mol at at frame 12399 at lambda (0.9, 0.0)
WARNING! Restraints triggered with energy of 4.574944972991943 kJ/mol at at frame 12400 at lambda (0.9, 0.0)
WARNING! Restraints triggered with energy of 2.5424883365631104 kJ/mol at at frame 12401 at lambda (0.9, 0.0)
WARNING! Restraints triggered with energy of 0.3877468705177307 kJ/mol at at frame 12404 at lambda (0.9, 0.0)
WARNING! Restraints triggered with energy of 0.022538939490914345 kJ/mol at at frame 12405 at lambda (0.9, 0.0)
WARNING! Restraints triggered with energy of 0.6305199861526489 kJ/mol at at frame 12408 at lambda (0.9, 0.0)
WARNING! Restraints triggered with energy of 0.539919912815094 kJ/mol at at frame 12410 at lambda (0.9, 0.0)
WARNING! Restraints triggered with energy of 0.25468510389328003 kJ/mol at at frame 12427 at lambda (0.9, 0.0)
WARNING! Restraints triggered with energy of 0.18581876158714294 kJ/mol at at frame 12430 at lambda (0.9, 0.0)
WARNING! Restraints triggered with energy of 1.3235716819763184 kJ/mol at at frame 12554 at lambda (0.9, 0.0)
WARNING! Restraints triggered with energy of 0.48762449622154236 kJ/mol at at frame 12563 at lambda (0.9, 0.0)
WARNING! Restraints triggered with energy of 0.41657307744026184 kJ/mol at at frame 12564 at lambda (0.9, 0.0)
WARNING! Restraints triggered with energy of 0.18083718419075012 kJ/mol at at frame 12572 at lambda (0.9, 0.0)
WARNING! Restraints triggered with energy of 0.006939669139683247 kJ/mol at at frame 12575 at lambda (0.9, 0.0)
WARNING! Restraints triggered with energy of 0.6130205988883972 kJ/mol at at frame 12587 at lambda (0.9, 0.0)
WARNING! Restraints triggered with energy of 0.03181142359972 kJ/mol at at frame 12596 at lambda (0.9, 0.0)
WARNING! Restraints triggered with energy of 2.443394422531128 kJ/mol at at frame 12612 at lambda (0.9, 0.0)
WARNING! Restraints triggered with energy of 1.5796518325805664 kJ/mol at at frame 12613 at lambda (0.9, 0.0)
WARNING! Restraints triggered with energy of 0.01751069538295269 kJ/mol at at frame 12623 at lambda (0.9, 0.0)
WARNING! Restraints triggered with energy of 1.4617246389389038 kJ/mol at at frame 12629 at lambda (0.9, 0.0)
WARNING! Restraints triggered with energy of 0.41872137784957886 kJ/mol at at frame 12630 at lambda (0.9, 0.0)
WARNING! Restraints triggered with energy of 0.05034959688782692 kJ/mol at at frame 12631 at lambda (0.9, 0.0)
WARNING! Restraints triggered with energy of 0.09777948260307312 kJ/mol at at frame 12633 at lambda (0.9, 0.0)
WARNING! Restraints triggered with energy of 0.26964452862739563 kJ/mol at at frame 12638 at lambda (0.9, 0.0)
WARNING! Restraints triggered with energy of 0.12669381499290466 kJ/mol at at frame 12647 at lambda (0.9, 0.0)
WARNING! Restraints triggered with energy of 11.31544017791748 kJ/mol at at frame 12649 at lambda (0.9, 0.0)
WARNING! Restraints triggered with energy of 2.8023645877838135 kJ/mol at at frame 12657 at lambda (0.9, 0.0)
WARNING! Restraints triggered with energy of 0.30039873719215393 kJ/mol at at frame 12667 at lambda (0.9, 0.0)
WARNING! Restraints triggered with energy of 3.8230648040771484 kJ/mol at at frame 12668 at lambda (0.9, 0.0)
WARNING! Restraints triggered with energy of 0.003466065274551511 kJ/mol at at frame 12738 at lambda (0.9, 0.0)
WARNING! Restraints triggered with energy of 3.714458465576172 kJ/mol at at frame 12751 at lambda (0.9, 0.0)
WARNING! Restraints triggered with energy of 0.7611468434333801 kJ/mol at at frame 14052 at lambda (0.9, 0.0)
WARNING! Restraints triggered with energy of 0.011483261361718178 kJ/mol at at frame 14071 at lambda (0.9, 0.0)
WARNING! Restraints triggered with energy of 0.883686900138855 kJ/mol at at frame 14149 at lambda (0.9, 0.0)
WARNING! Restraints triggered with energy of 6.754703521728516 kJ/mol at at frame 14152 at lambda (0.9, 0.0)
WARNING! Restraints triggered with energy of 0.0865015760064125 kJ/mol at at frame 14153 at lambda (0.9, 0.0)
WARNING! Restraints triggered with energy of 0.2711668908596039 kJ/mol at at frame 14154 at lambda (0.9, 0.0)
WARNING! Restraints triggered with energy of 0.22112596035003662 kJ/mol at at frame 14158 at lambda (0.9, 0.0)
WARNING! Restraints triggered with energy of 2.8994381427764893 kJ/mol at at frame 14159 at lambda (0.9, 0.0)
WARNING! Restraints triggered with energy of 0.8235951066017151 kJ/mol at at frame 14160 at lambda (0.9, 0.0)
WARNING! Restraints triggered with energy of 0.5654459595680237 kJ/mol at at frame 14163 at lambda (0.9, 0.0)
WARNING! Restraints triggered with energy of 0.22044259309768677 kJ/mol at at frame 14165 at lambda (0.9, 0.0)
WARNING! Restraints triggered with energy of 0.8312922120094299 kJ/mol at at frame 14166 at lambda (0.9, 0.0)
WARNING! Restraints triggered with energy of 0.5520196557044983 kJ/mol at at frame 14171 at lambda (0.9, 0.0)
WARNING! Restraints triggered with energy of 4.081293106079102 kJ/mol at at frame 14175 at lambda (0.9, 0.0)
WARNING! Restraints triggered with energy of 1.405663013458252 kJ/mol at at frame 14176 at lambda (0.9, 0.0)
WARNING! Restraints triggered with energy of 1.630331039428711 kJ/mol at at frame 14177 at lambda (0.9, 0.0)
WARNING! Restraints triggered with energy of 2.7052035331726074 kJ/mol at at frame 14179 at lambda (0.9, 0.0)
WARNING! Restraints triggered with energy of 0.1182735487818718 kJ/mol at at frame 14180 at lambda (0.9, 0.0)
WARNING! Restraints triggered with energy of 0.3035644292831421 kJ/mol at at frame 14185 at lambda (0.9, 0.0)
WARNING! Restraints triggered with energy of 1.537749171257019 kJ/mol at at frame 14190 at lambda (0.9, 0.0)
WARNING! Restraints triggered with energy of 2.2863073348999023 kJ/mol at at frame 14198 at lambda (0.9, 0.0)
WARNING! Restraints triggered with energy of 0.9902511239051819 kJ/mol at at frame 14199 at lambda (0.9, 0.0)
WARNING! Restraints triggered with energy of 3.1867706775665283 kJ/mol at at frame 14200 at lambda (0.9, 0.0)
WARNING! Restraints triggered with energy of 0.8305002450942993 kJ/mol at at frame 14204 at lambda (0.9, 0.0)
WARNING! Restraints triggered with energy of 8.01942253112793 kJ/mol at at frame 14215 at lambda (0.9, 0.0)
WARNING! Restraints triggered with energy of 0.039620570838451385 kJ/mol at at frame 14216 at lambda (0.9, 0.0)
WARNING! Restraints triggered with energy of 0.23266811668872833 kJ/mol at at frame 14278 at lambda (0.9, 0.0)
WARNING! Restraints triggered with energy of 0.07315076142549515 kJ/mol at at frame 14554 at lambda (0.9, 0.0)
WARNING! Restraints triggered with energy of 0.0017463434487581253 kJ/mol at at frame 14571 at lambda (0.9, 0.0)
WARNING! Restraints triggered with energy of 7.027591705322266 kJ/mol at at frame 14660 at lambda (0.9, 0.0)
WARNING! Restraints triggered with energy of 1.0975112915039062 kJ/mol at at frame 14715 at lambda (0.9, 0.0)
WARNING! Restraints triggered with energy of 0.0003697078500408679 kJ/mol at at frame 14817 at lambda (0.9, 0.0)
WARNING! Restraints triggered with energy of 0.05538589879870415 kJ/mol at at frame 14822 at lambda (0.9, 0.0)
WARNING! Restraints triggered with energy of 0.7865173816680908 kJ/mol at at frame 691 at lambda (0.95, 0.0)
WARNING! Restraints triggered with energy of 0.23547351360321045 kJ/mol at at frame 711 at lambda (0.95, 0.0)
WARNING! Restraints triggered with energy of 0.3105137050151825 kJ/mol at at frame 749 at lambda (0.95, 0.0)
WARNING! Restraints triggered with energy of 0.2199285328388214 kJ/mol at at frame 751 at lambda (0.95, 0.0)
WARNING! Restraints triggered with energy of 0.06480582058429718 kJ/mol at at frame 753 at lambda (0.95, 0.0)
WARNING! Restraints triggered with energy of 0.21895527839660645 kJ/mol at at frame 756 at lambda (0.95, 0.0)
WARNING! Restraints triggered with energy of 0.22608284652233124 kJ/mol at at frame 757 at lambda (0.95, 0.0)
WARNING! Restraints triggered with energy of 2.864807605743408 kJ/mol at at frame 801 at lambda (0.95, 0.0)
WARNING! Restraints triggered with energy of 0.9953135848045349 kJ/mol at at frame 805 at lambda (0.95, 0.0)
WARNING! Restraints triggered with energy of 0.5915616154670715 kJ/mol at at frame 808 at lambda (0.95, 0.0)
WARNING! Restraints triggered with energy of 2.8118581771850586 kJ/mol at at frame 1254 at lambda (0.95, 0.0)
WARNING! Restraints triggered with energy of 0.029949605464935303 kJ/mol at at frame 1293 at lambda (0.95, 0.0)
WARNING! Restraints triggered with energy of 0.44668513536453247 kJ/mol at at frame 1295 at lambda (0.95, 0.0)
WARNING! Restraints triggered with energy of 2.922027349472046 kJ/mol at at frame 1297 at lambda (0.95, 0.0)
WARNING! Restraints triggered with energy of 0.0035095682833343744 kJ/mol at at frame 1299 at lambda (0.95, 0.0)
WARNING! Restraints triggered with energy of 1.1064534187316895 kJ/mol at at frame 1323 at lambda (0.95, 0.0)
WARNING! Restraints triggered with energy of 0.03465137258172035 kJ/mol at at frame 1324 at lambda (0.95, 0.0)
WARNING! Restraints triggered with energy of 1.3319509029388428 kJ/mol at at frame 1326 at lambda (0.95, 0.0)
WARNING! Restraints triggered with energy of 0.022482262924313545 kJ/mol at at frame 1348 at lambda (0.95, 0.0)
WARNING! Restraints triggered with energy of 0.42813581228256226 kJ/mol at at frame 1813 at lambda (0.95, 0.0)
WARNING! Restraints triggered with energy of 0.15106694400310516 kJ/mol at at frame 2586 at lambda (0.95, 0.0)
WARNING! Restraints triggered with energy of 0.0009184225928038359 kJ/mol at at frame 2588 at lambda (0.95, 0.0)
WARNING! Restraints triggered with energy of 1.3285741806030273 kJ/mol at at frame 2594 at lambda (0.95, 0.0)
WARNING! Restraints triggered with energy of 0.07015279680490494 kJ/mol at at frame 2595 at lambda (0.95, 0.0)
WARNING! Restraints triggered with energy of 0.1974593698978424 kJ/mol at at frame 2597 at lambda (0.95, 0.0)
WARNING! Restraints triggered with energy of 0.37608635425567627 kJ/mol at at frame 3364 at lambda (0.95, 0.0)
WARNING! Restraints triggered with energy of 2.6389472484588623 kJ/mol at at frame 5214 at lambda (0.95, 0.0)
WARNING! Restraints triggered with energy of 0.44845420122146606 kJ/mol at at frame 8763 at lambda (0.95, 0.0)
WARNING! Restraints triggered with energy of 9.8329022875987e-05 kJ/mol at at frame 8772 at lambda (0.95, 0.0)
WARNING! Restraints triggered with energy of 0.4527395963668823 kJ/mol at at frame 8773 at lambda (0.95, 0.0)
WARNING! Restraints triggered with energy of 0.4959160089492798 kJ/mol at at frame 8775 at lambda (0.95, 0.0)
WARNING! Restraints triggered with energy of 3.127436876296997 kJ/mol at at frame 8776 at lambda (0.95, 0.0)
WARNING! Restraints triggered with energy of 0.31955641508102417 kJ/mol at at frame 8779 at lambda (0.95, 0.0)
WARNING! Restraints triggered with energy of 0.23518945276737213 kJ/mol at at frame 8786 at lambda (0.95, 0.0)
WARNING! Restraints triggered with energy of 0.027523161843419075 kJ/mol at at frame 8789 at lambda (0.95, 0.0)
WARNING! Restraints triggered with energy of 2.5959227085113525 kJ/mol at at frame 8795 at lambda (0.95, 0.0)
WARNING! Restraints triggered with energy of 0.02258717082440853 kJ/mol at at frame 8802 at lambda (0.95, 0.0)
WARNING! Restraints triggered with energy of 0.04347329959273338 kJ/mol at at frame 8803 at lambda (0.95, 0.0)
WARNING! Restraints triggered with energy of 0.058089617639780045 kJ/mol at at frame 8806 at lambda (0.95, 0.0)
WARNING! Restraints triggered with energy of 0.11360468715429306 kJ/mol at at frame 8808 at lambda (0.95, 0.0)
WARNING! Restraints triggered with energy of 0.006739730015397072 kJ/mol at at frame 8812 at lambda (0.95, 0.0)
WARNING! Restraints triggered with energy of 1.5494824647903442 kJ/mol at at frame 8817 at lambda (0.95, 0.0)
WARNING! Restraints triggered with energy of 0.00014612451195716858 kJ/mol at at frame 8819 at lambda (0.95, 0.0)
WARNING! Restraints triggered with energy of 0.5941211581230164 kJ/mol at at frame 8820 at lambda (0.95, 0.0)
WARNING! Restraints triggered with energy of 2.6426918506622314 kJ/mol at at frame 8831 at lambda (0.95, 0.0)
WARNING! Restraints triggered with energy of 1.5939749479293823 kJ/mol at at frame 8832 at lambda (0.95, 0.0)
WARNING! Restraints triggered with energy of 1.2585068941116333 kJ/mol at at frame 8883 at lambda (0.95, 0.0)
WARNING! Restraints triggered with energy of 0.013324740342795849 kJ/mol at at frame 8887 at lambda (0.95, 0.0)
WARNING! Restraints triggered with energy of 3.704200029373169 kJ/mol at at frame 8889 at lambda (0.95, 0.0)
WARNING! Restraints triggered with energy of 0.0006774255307391286 kJ/mol at at frame 8895 at lambda (0.95, 0.0)
WARNING! Restraints triggered with energy of 0.2068769931793213 kJ/mol at at frame 8896 at lambda (0.95, 0.0)
WARNING! Restraints triggered with energy of 1.1314475536346436 kJ/mol at at frame 8900 at lambda (0.95, 0.0)
WARNING! Restraints triggered with energy of 3.28530216217041 kJ/mol at at frame 8918 at lambda (0.95, 0.0)
WARNING! Restraints triggered with energy of 0.8124911189079285 kJ/mol at at frame 8920 at lambda (0.95, 0.0)
WARNING! Restraints triggered with energy of 3.2583460807800293 kJ/mol at at frame 8922 at lambda (0.95, 0.0)
WARNING! Restraints triggered with energy of 1.1240662336349487 kJ/mol at at frame 8924 at lambda (0.95, 0.0)
WARNING! Restraints triggered with energy of 3.5884647369384766 kJ/mol at at frame 8926 at lambda (0.95, 0.0)
WARNING! Restraints triggered with energy of 7.266218662261963 kJ/mol at at frame 8928 at lambda (0.95, 0.0)
WARNING! Restraints triggered with energy of 0.14529427886009216 kJ/mol at at frame 8936 at lambda (0.95, 0.0)
WARNING! Restraints triggered with energy of 4.2633056640625 kJ/mol at at frame 8937 at lambda (0.95, 0.0)
WARNING! Restraints triggered with energy of 2.46535062789917 kJ/mol at at frame 8955 at lambda (0.95, 0.0)
WARNING! Restraints triggered with energy of 0.05635916814208031 kJ/mol at at frame 8966 at lambda (0.95, 0.0)
WARNING! Restraints triggered with energy of 1.089157223701477 kJ/mol at at frame 8970 at lambda (0.95, 0.0)
WARNING! Restraints triggered with energy of 0.09079205989837646 kJ/mol at at frame 8993 at lambda (0.95, 0.0)
WARNING! Restraints triggered with energy of 4.410290718078613 kJ/mol at at frame 8996 at lambda (0.95, 0.0)
WARNING! Restraints triggered with energy of 0.3858673572540283 kJ/mol at at frame 8997 at lambda (0.95, 0.0)
WARNING! Restraints triggered with energy of 0.012954521924257278 kJ/mol at at frame 9136 at lambda (0.95, 0.0)
WARNING! Restraints triggered with energy of 0.17163221538066864 kJ/mol at at frame 9142 at lambda (0.95, 0.0)
WARNING! Restraints triggered with energy of 0.4319259226322174 kJ/mol at at frame 9148 at lambda (0.95, 0.0)
WARNING! Restraints triggered with energy of 1.9859524965286255 kJ/mol at at frame 9151 at lambda (0.95, 0.0)
WARNING! Restraints triggered with energy of 1.7630620002746582 kJ/mol at at frame 9198 at lambda (0.95, 0.0)
WARNING! Restraints triggered with energy of 1.0169872045516968 kJ/mol at at frame 9206 at lambda (0.95, 0.0)
WARNING! Restraints triggered with energy of 0.2330053448677063 kJ/mol at at frame 9211 at lambda (0.95, 0.0)
WARNING! Restraints triggered with energy of 0.5022943019866943 kJ/mol at at frame 9229 at lambda (0.95, 0.0)
WARNING! Restraints triggered with energy of 0.08538860082626343 kJ/mol at at frame 9230 at lambda (0.95, 0.0)
WARNING! Restraints triggered with energy of 1.0553033351898193 kJ/mol at at frame 9240 at lambda (0.95, 0.0)
WARNING! Restraints triggered with energy of 2.467782974243164 kJ/mol at at frame 9241 at lambda (0.95, 0.0)
WARNING! Restraints triggered with energy of 0.3981897532939911 kJ/mol at at frame 9245 at lambda (0.95, 0.0)
WARNING! Restraints triggered with energy of 2.18330979347229 kJ/mol at at frame 9246 at lambda (0.95, 0.0)
WARNING! Restraints triggered with energy of 0.37973225116729736 kJ/mol at at frame 9247 at lambda (0.95, 0.0)
WARNING! Restraints triggered with energy of 1.6045563220977783 kJ/mol at at frame 9248 at lambda (0.95, 0.0)
WARNING! Restraints triggered with energy of 0.4149532914161682 kJ/mol at at frame 9250 at lambda (0.95, 0.0)
WARNING! Restraints triggered with energy of 4.311448574066162 kJ/mol at at frame 9251 at lambda (0.95, 0.0)
WARNING! Restraints triggered with energy of 0.19248050451278687 kJ/mol at at frame 9254 at lambda (0.95, 0.0)
WARNING! Restraints triggered with energy of 0.18397514522075653 kJ/mol at at frame 9257 at lambda (0.95, 0.0)
WARNING! Restraints triggered with energy of 0.367941677570343 kJ/mol at at frame 9259 at lambda (0.95, 0.0)
WARNING! Restraints triggered with energy of 0.10466507077217102 kJ/mol at at frame 9260 at lambda (0.95, 0.0)
WARNING! Restraints triggered with energy of 0.16744820773601532 kJ/mol at at frame 9542 at lambda (0.95, 0.0)
WARNING! Restraints triggered with energy of 0.2055475264787674 kJ/mol at at frame 9571 at lambda (0.95, 0.0)
WARNING! Restraints triggered with energy of 8.313960075378418 kJ/mol at at frame 9572 at lambda (0.95, 0.0)
WARNING! Restraints triggered with energy of 0.2940453886985779 kJ/mol at at frame 9576 at lambda (0.95, 0.0)
WARNING! Restraints triggered with energy of 0.7022204399108887 kJ/mol at at frame 9577 at lambda (0.95, 0.0)
WARNING! Restraints triggered with energy of 0.08158499747514725 kJ/mol at at frame 9581 at lambda (0.95, 0.0)
WARNING! Restraints triggered with energy of 0.6103172898292542 kJ/mol at at frame 9587 at lambda (0.95, 0.0)
WARNING! Restraints triggered with energy of 2.162428379058838 kJ/mol at at frame 9636 at lambda (0.95, 0.0)
WARNING! Restraints triggered with energy of 0.9221463203430176 kJ/mol at at frame 9639 at lambda (0.95, 0.0)
WARNING! Restraints triggered with energy of 0.0021405136212706566 kJ/mol at at frame 9646 at lambda (0.95, 0.0)
WARNING! Restraints triggered with energy of 4.004578590393066 kJ/mol at at frame 9648 at lambda (0.95, 0.0)
WARNING! Restraints triggered with energy of 0.328241765499115 kJ/mol at at frame 9655 at lambda (0.95, 0.0)
WARNING! Restraints triggered with energy of 3.168353796005249 kJ/mol at at frame 9660 at lambda (0.95, 0.0)
WARNING! Restraints triggered with energy of 3.0926952362060547 kJ/mol at at frame 9661 at lambda (0.95, 0.0)
WARNING! Restraints triggered with energy of 0.6950372457504272 kJ/mol at at frame 9665 at lambda (0.95, 0.0)
WARNING! Restraints triggered with energy of 1.2316988706588745 kJ/mol at at frame 9671 at lambda (0.95, 0.0)
WARNING! Restraints triggered with energy of 0.7003539800643921 kJ/mol at at frame 9672 at lambda (0.95, 0.0)
WARNING! Restraints triggered with energy of 2.529494285583496 kJ/mol at at frame 9673 at lambda (0.95, 0.0)
WARNING! Restraints triggered with energy of 4.564446926116943 kJ/mol at at frame 9687 at lambda (0.95, 0.0)
WARNING! Restraints triggered with energy of 0.01535220630466938 kJ/mol at at frame 9694 at lambda (0.95, 0.0)
WARNING! Restraints triggered with energy of 0.5310465693473816 kJ/mol at at frame 9698 at lambda (0.95, 0.0)
WARNING! Restraints triggered with energy of 0.38792333006858826 kJ/mol at at frame 9700 at lambda (0.95, 0.0)
WARNING! Restraints triggered with energy of 5.716104507446289 kJ/mol at at frame 9702 at lambda (0.95, 0.0)
WARNING! Restraints triggered with energy of 4.15846586227417 kJ/mol at at frame 9714 at lambda (0.95, 0.0)
WARNING! Restraints triggered with energy of 0.0033546641934663057 kJ/mol at at frame 9717 at lambda (0.95, 0.0)
WARNING! Restraints triggered with energy of 4.486897945404053 kJ/mol at at frame 9720 at lambda (0.95, 0.0)
WARNING! Restraints triggered with energy of 0.6228793263435364 kJ/mol at at frame 9730 at lambda (0.95, 0.0)
WARNING! Restraints triggered with energy of 1.2643406391143799 kJ/mol at at frame 9738 at lambda (0.95, 0.0)
WARNING! Restraints triggered with energy of 0.7093132734298706 kJ/mol at at frame 9739 at lambda (0.95, 0.0)
WARNING! Restraints triggered with energy of 1.0764213800430298 kJ/mol at at frame 9740 at lambda (0.95, 0.0)
WARNING! Restraints triggered with energy of 0.6025804877281189 kJ/mol at at frame 9741 at lambda (0.95, 0.0)
WARNING! Restraints triggered with energy of 3.975188732147217 kJ/mol at at frame 9742 at lambda (0.95, 0.0)
WARNING! Restraints triggered with energy of 2.054731607437134 kJ/mol at at frame 9743 at lambda (0.95, 0.0)
WARNING! Restraints triggered with energy of 0.65938401222229 kJ/mol at at frame 9744 at lambda (0.95, 0.0)
WARNING! Restraints triggered with energy of 3.7028915882110596 kJ/mol at at frame 9745 at lambda (0.95, 0.0)
WARNING! Restraints triggered with energy of 0.23338842391967773 kJ/mol at at frame 9747 at lambda (0.95, 0.0)
WARNING! Restraints triggered with energy of 0.6472927927970886 kJ/mol at at frame 9748 at lambda (0.95, 0.0)
WARNING! Restraints triggered with energy of 0.6898977160453796 kJ/mol at at frame 9751 at lambda (0.95, 0.0)
WARNING! Restraints triggered with energy of 0.030441919341683388 kJ/mol at at frame 9792 at lambda (0.95, 0.0)
WARNING! Restraints triggered with energy of 0.3859729766845703 kJ/mol at at frame 9795 at lambda (0.95, 0.0)
WARNING! Restraints triggered with energy of 5.7386155128479 kJ/mol at at frame 9805 at lambda (0.95, 0.0)
WARNING! Restraints triggered with energy of 3.394618511199951 kJ/mol at at frame 9806 at lambda (0.95, 0.0)
WARNING! Restraints triggered with energy of 0.31557562947273254 kJ/mol at at frame 9817 at lambda (0.95, 0.0)
WARNING! Restraints triggered with energy of 0.07728936523199081 kJ/mol at at frame 9820 at lambda (0.95, 0.0)
WARNING! Restraints triggered with energy of 4.759454250335693 kJ/mol at at frame 9821 at lambda (0.95, 0.0)
WARNING! Restraints triggered with energy of 1.7245521545410156 kJ/mol at at frame 9822 at lambda (0.95, 0.0)
WARNING! Restraints triggered with energy of 0.9334076642990112 kJ/mol at at frame 9823 at lambda (0.95, 0.0)
WARNING! Restraints triggered with energy of 3.5942275524139404 kJ/mol at at frame 9834 at lambda (0.95, 0.0)
WARNING! Restraints triggered with energy of 0.7343459129333496 kJ/mol at at frame 9835 at lambda (0.95, 0.0)
WARNING! Restraints triggered with energy of 0.8986822962760925 kJ/mol at at frame 9836 at lambda (0.95, 0.0)
WARNING! Restraints triggered with energy of 0.8208890557289124 kJ/mol at at frame 9839 at lambda (0.95, 0.0)
WARNING! Restraints triggered with energy of 0.17362549901008606 kJ/mol at at frame 9868 at lambda (0.95, 0.0)
WARNING! Restraints triggered with energy of 0.06826464831829071 kJ/mol at at frame 9882 at lambda (0.95, 0.0)
WARNING! Restraints triggered with energy of 0.8508135080337524 kJ/mol at at frame 9886 at lambda (0.95, 0.0)
WARNING! Restraints triggered with energy of 0.4298553764820099 kJ/mol at at frame 9887 at lambda (0.95, 0.0)
WARNING! Restraints triggered with energy of 4.380077838897705 kJ/mol at at frame 9890 at lambda (0.95, 0.0)
WARNING! Restraints triggered with energy of 1.0865567922592163 kJ/mol at at frame 9901 at lambda (0.95, 0.0)
WARNING! Restraints triggered with energy of 0.6586326956748962 kJ/mol at at frame 9902 at lambda (0.95, 0.0)
WARNING! Restraints triggered with energy of 2.707782745361328 kJ/mol at at frame 9915 at lambda (0.95, 0.0)
WARNING! Restraints triggered with energy of 0.00434524193406105 kJ/mol at at frame 12731 at lambda (0.95, 0.0)
WARNING! Restraints triggered with energy of 1.9959198236465454 kJ/mol at at frame 12734 at lambda (0.95, 0.0)
WARNING! Restraints triggered with energy of 0.0046196188777685165 kJ/mol at at frame 12735 at lambda (0.95, 0.0)
WARNING! Restraints triggered with energy of 0.25859859585762024 kJ/mol at at frame 12802 at lambda (0.95, 0.0)
WARNING! Restraints triggered with energy of 0.44902360439300537 kJ/mol at at frame 12803 at lambda (0.95, 0.0)
WARNING! Restraints triggered with energy of 0.7334398031234741 kJ/mol at at frame 12806 at lambda (0.95, 0.0)
WARNING! Restraints triggered with energy of 0.5788467526435852 kJ/mol at at frame 12811 at lambda (0.95, 0.0)
WARNING! Restraints triggered with energy of 1.0623583793640137 kJ/mol at at frame 12814 at lambda (0.95, 0.0)
WARNING! Restraints triggered with energy of 1.413399338722229 kJ/mol at at frame 12910 at lambda (0.95, 0.0)
WARNING! Restraints triggered with energy of 5.874241828918457 kJ/mol at at frame 12926 at lambda (0.95, 0.0)
WARNING! Restraints triggered with energy of 0.5602879524230957 kJ/mol at at frame 12937 at lambda (0.95, 0.0)
WARNING! Restraints triggered with energy of 0.5446210503578186 kJ/mol at at frame 12938 at lambda (0.95, 0.0)
WARNING! Restraints triggered with energy of 0.3817484974861145 kJ/mol at at frame 12984 at lambda (0.95, 0.0)
WARNING! Restraints triggered with energy of 0.006252666935324669 kJ/mol at at frame 13004 at lambda (0.95, 0.0)
WARNING! Restraints triggered with energy of 1.9075288772583008 kJ/mol at at frame 13007 at lambda (0.95, 0.0)
WARNING! Restraints triggered with energy of 0.7685636281967163 kJ/mol at at frame 13008 at lambda (0.95, 0.0)
WARNING! Restraints triggered with energy of 3.918752431869507 kJ/mol at at frame 13013 at lambda (0.95, 0.0)
WARNING! Restraints triggered with energy of 0.08221201598644257 kJ/mol at at frame 13014 at lambda (0.95, 0.0)
WARNING! Restraints triggered with energy of 0.2943527400493622 kJ/mol at at frame 13064 at lambda (0.95, 0.0)
WARNING! Restraints triggered with energy of 0.8394231200218201 kJ/mol at at frame 13095 at lambda (0.95, 0.0)
WARNING! Restraints triggered with energy of 2.046239137649536 kJ/mol at at frame 13139 at lambda (0.95, 0.0)
WARNING! Restraints triggered with energy of 2.6819236278533936 kJ/mol at at frame 13145 at lambda (0.95, 0.0)
WARNING! Restraints triggered with energy of 0.2775081396102905 kJ/mol at at frame 13146 at lambda (0.95, 0.0)
WARNING! Restraints triggered with energy of 0.9864955544471741 kJ/mol at at frame 13173 at lambda (0.95, 0.0)
WARNING! Restraints triggered with energy of 0.19925957918167114 kJ/mol at at frame 13179 at lambda (0.95, 0.0)
WARNING! Restraints triggered with energy of 0.01641129143536091 kJ/mol at at frame 13206 at lambda (0.95, 0.0)
WARNING! Restraints triggered with energy of 1.0168348550796509 kJ/mol at at frame 13207 at lambda (0.95, 0.0)
WARNING! Restraints triggered with energy of 0.48190397024154663 kJ/mol at at frame 13212 at lambda (0.95, 0.0)
WARNING! Restraints triggered with energy of 0.5357919335365295 kJ/mol at at frame 13220 at lambda (0.95, 0.0)
WARNING! Restraints triggered with energy of 6.43915319442749 kJ/mol at at frame 13224 at lambda (0.95, 0.0)
WARNING! Restraints triggered with energy of 0.034423213452100754 kJ/mol at at frame 13229 at lambda (0.95, 0.0)
WARNING! Restraints triggered with energy of 1.3401377201080322 kJ/mol at at frame 13230 at lambda (0.95, 0.0)
WARNING! Restraints triggered with energy of 1.419873833656311 kJ/mol at at frame 13231 at lambda (0.95, 0.0)
WARNING! Restraints triggered with energy of 4.226104259490967 kJ/mol at at frame 13245 at lambda (0.95, 0.0)
WARNING! Restraints triggered with energy of 1.1524993181228638 kJ/mol at at frame 13246 at lambda (0.95, 0.0)
WARNING! Restraints triggered with energy of 0.045199256390333176 kJ/mol at at frame 13252 at lambda (0.95, 0.0)
WARNING! Restraints triggered with energy of 1.9836373329162598 kJ/mol at at frame 13260 at lambda (0.95, 0.0)
WARNING! Restraints triggered with energy of 2.1551573276519775 kJ/mol at at frame 13264 at lambda (0.95, 0.0)
WARNING! Restraints triggered with energy of 0.7661975622177124 kJ/mol at at frame 13269 at lambda (0.95, 0.0)
WARNING! Restraints triggered with energy of 0.16526804864406586 kJ/mol at at frame 13275 at lambda (0.95, 0.0)
WARNING! Restraints triggered with energy of 1.2111377716064453 kJ/mol at at frame 13287 at lambda (0.95, 0.0)
WARNING! Restraints triggered with energy of 1.5052953958511353 kJ/mol at at frame 13288 at lambda (0.95, 0.0)
WARNING! Restraints triggered with energy of 3.252007484436035 kJ/mol at at frame 13290 at lambda (0.95, 0.0)
WARNING! Restraints triggered with energy of 0.043559979647397995 kJ/mol at at frame 13291 at lambda (0.95, 0.0)
WARNING! Restraints triggered with energy of 1.1620289087295532 kJ/mol at at frame 13294 at lambda (0.95, 0.0)
WARNING! Restraints triggered with energy of 0.12458493560552597 kJ/mol at at frame 13295 at lambda (0.95, 0.0)
WARNING! Restraints triggered with energy of 2.1212968826293945 kJ/mol at at frame 13318 at lambda (0.95, 0.0)
WARNING! Restraints triggered with energy of 0.07330409437417984 kJ/mol at at frame 13319 at lambda (0.95, 0.0)
WARNING! Restraints triggered with energy of 1.511094331741333 kJ/mol at at frame 13322 at lambda (0.95, 0.0)
WARNING! Restraints triggered with energy of 0.03754682093858719 kJ/mol at at frame 13384 at lambda (0.95, 0.0)
WARNING! Restraints triggered with energy of 0.6719896793365479 kJ/mol at at frame 13385 at lambda (0.95, 0.0)
WARNING! Restraints triggered with energy of 0.017361052334308624 kJ/mol at at frame 13599 at lambda (0.95, 0.0)
WARNING! Restraints triggered with energy of 0.39286813139915466 kJ/mol at at frame 13633 at lambda (0.95, 0.0)
WARNING! Restraints triggered with energy of 0.6914359927177429 kJ/mol at at frame 13655 at lambda (0.95, 0.0)
WARNING! Restraints triggered with energy of 1.6407660245895386 kJ/mol at at frame 13656 at lambda (0.95, 0.0)
WARNING! Restraints triggered with energy of 0.736208438873291 kJ/mol at at frame 13665 at lambda (0.95, 0.0)
WARNING! Restraints triggered with energy of 0.7196747064590454 kJ/mol at at frame 13669 at lambda (0.95, 0.0)
WARNING! Restraints triggered with energy of 0.021871907636523247 kJ/mol at at frame 13670 at lambda (0.95, 0.0)
WARNING! Restraints triggered with energy of 0.8358793258666992 kJ/mol at at frame 13671 at lambda (0.95, 0.0)
WARNING! Restraints triggered with energy of 1.4650377035140991 kJ/mol at at frame 13678 at lambda (0.95, 0.0)
WARNING! Restraints triggered with energy of 0.020069822669029236 kJ/mol at at frame 13679 at lambda (0.95, 0.0)
WARNING! Restraints triggered with energy of 0.5662984848022461 kJ/mol at at frame 13681 at lambda (0.95, 0.0)
WARNING! Restraints triggered with energy of 0.05336439236998558 kJ/mol at at frame 13710 at lambda (0.95, 0.0)
WARNING! Restraints triggered with energy of 0.9750851988792419 kJ/mol at at frame 13715 at lambda (0.95, 0.0)
WARNING! Restraints triggered with energy of 0.3321489989757538 kJ/mol at at frame 13722 at lambda (0.95, 0.0)
WARNING! Restraints triggered with energy of 0.08825467526912689 kJ/mol at at frame 13766 at lambda (0.95, 0.0)
WARNING! Restraints triggered with energy of 0.8897518515586853 kJ/mol at at frame 13770 at lambda (0.95, 0.0)
WARNING! Restraints triggered with energy of 2.3363285064697266 kJ/mol at at frame 13806 at lambda (0.95, 0.0)
WARNING! Restraints triggered with energy of 0.5239270329475403 kJ/mol at at frame 13809 at lambda (0.95, 0.0)
WARNING! Restraints triggered with energy of 0.2717573344707489 kJ/mol at at frame 13837 at lambda (0.95, 0.0)
WARNING! Restraints triggered with energy of 3.245335102081299 kJ/mol at at frame 13846 at lambda (0.95, 0.0)
WARNING! Restraints triggered with energy of 0.5443980097770691 kJ/mol at at frame 13864 at lambda (0.95, 0.0)
WARNING! Restraints triggered with energy of 0.43448686599731445 kJ/mol at at frame 13884 at lambda (0.95, 0.0)
WARNING! Restraints triggered with energy of 0.4942680299282074 kJ/mol at at frame 13885 at lambda (0.95, 0.0)
WARNING! Restraints triggered with energy of 0.5940775275230408 kJ/mol at at frame 13886 at lambda (0.95, 0.0)
WARNING! Restraints triggered with energy of 1.7068877220153809 kJ/mol at at frame 13887 at lambda (0.95, 0.0)
WARNING! Restraints triggered with energy of 3.5795257091522217 kJ/mol at at frame 13888 at lambda (0.95, 0.0)
WARNING! Restraints triggered with energy of 0.024849627166986465 kJ/mol at at frame 13892 at lambda (0.95, 0.0)
WARNING! Restraints triggered with energy of 0.01854272000491619 kJ/mol at at frame 13897 at lambda (0.95, 0.0)
WARNING! Restraints triggered with energy of 3.799870729446411 kJ/mol at at frame 13900 at lambda (0.95, 0.0)
WARNING! Restraints triggered with energy of 1.3725168704986572 kJ/mol at at frame 13918 at lambda (0.95, 0.0)
WARNING! Restraints triggered with energy of 1.8569992780685425 kJ/mol at at frame 13919 at lambda (0.95, 0.0)
WARNING! Restraints triggered with energy of 0.33223608136177063 kJ/mol at at frame 13921 at lambda (0.95, 0.0)
WARNING! Restraints triggered with energy of 1.1638009548187256 kJ/mol at at frame 13923 at lambda (0.95, 0.0)
WARNING! Restraints triggered with energy of 0.01204661000519991 kJ/mol at at frame 13924 at lambda (0.95, 0.0)
WARNING! Restraints triggered with energy of 1.533419132232666 kJ/mol at at frame 13926 at lambda (0.95, 0.0)
WARNING! Restraints triggered with energy of 5.7365643442608416e-05 kJ/mol at at frame 13934 at lambda (0.95, 0.0)
WARNING! Restraints triggered with energy of 0.39048030972480774 kJ/mol at at frame 13939 at lambda (0.95, 0.0)
WARNING! Restraints triggered with energy of 5.311249256134033 kJ/mol at at frame 13940 at lambda (0.95, 0.0)
WARNING! Restraints triggered with energy of 0.8123888969421387 kJ/mol at at frame 13943 at lambda (0.95, 0.0)
WARNING! Restraints triggered with energy of 0.661548376083374 kJ/mol at at frame 13944 at lambda (0.95, 0.0)
WARNING! Restraints triggered with energy of 3.124798536300659 kJ/mol at at frame 13945 at lambda (0.95, 0.0)
WARNING! Restraints triggered with energy of 3.212583303451538 kJ/mol at at frame 13951 at lambda (0.95, 0.0)
WARNING! Restraints triggered with energy of 1.3122313022613525 kJ/mol at at frame 13952 at lambda (0.95, 0.0)
WARNING! Restraints triggered with energy of 1.3441640138626099 kJ/mol at at frame 13953 at lambda (0.95, 0.0)
WARNING! Restraints triggered with energy of 0.00941417459398508 kJ/mol at at frame 13954 at lambda (0.95, 0.0)
WARNING! Restraints triggered with energy of 0.6375133395195007 kJ/mol at at frame 13960 at lambda (0.95, 0.0)
WARNING! Restraints triggered with energy of 1.1811645030975342 kJ/mol at at frame 13970 at lambda (0.95, 0.0)
WARNING! Restraints triggered with energy of 0.0180318895727396 kJ/mol at at frame 13971 at lambda (0.95, 0.0)
WARNING! Restraints triggered with energy of 1.8844343423843384 kJ/mol at at frame 13974 at lambda (0.95, 0.0)
WARNING! Restraints triggered with energy of 2.540651559829712 kJ/mol at at frame 13975 at lambda (0.95, 0.0)
WARNING! Restraints triggered with energy of 0.916839599609375 kJ/mol at at frame 13978 at lambda (0.95, 0.0)
WARNING! Restraints triggered with energy of 2.7168657779693604 kJ/mol at at frame 14021 at lambda (0.95, 0.0)
WARNING! Restraints triggered with energy of 1.1221246719360352 kJ/mol at at frame 14026 at lambda (0.95, 0.0)
WARNING! Restraints triggered with energy of 0.4216843843460083 kJ/mol at at frame 14028 at lambda (0.95, 0.0)
WARNING! Restraints triggered with energy of 0.7838562726974487 kJ/mol at at frame 14132 at lambda (0.95, 0.0)
WARNING! Restraints triggered with energy of 3.6421186923980713 kJ/mol at at frame 14148 at lambda (0.95, 0.0)
WARNING! Restraints triggered with energy of 0.08027929067611694 kJ/mol at at frame 14154 at lambda (0.95, 0.0)
WARNING! Restraints triggered with energy of 0.08579198271036148 kJ/mol at at frame 14155 at lambda (0.95, 0.0)
WARNING! Restraints triggered with energy of 0.12439834326505661 kJ/mol at at frame 14159 at lambda (0.95, 0.0)
WARNING! Restraints triggered with energy of 0.0031702029518783092 kJ/mol at at frame 14175 at lambda (0.95, 0.0)
WARNING! Restraints triggered with energy of 0.02444339357316494 kJ/mol at at frame 14208 at lambda (0.95, 0.0)
WARNING! Restraints triggered with energy of 0.045307744294404984 kJ/mol at at frame 14209 at lambda (0.95, 0.0)
WARNING! Restraints triggered with energy of 5.286553382873535 kJ/mol at at frame 14210 at lambda (0.95, 0.0)
WARNING! Restraints triggered with energy of 0.0062452019192278385 kJ/mol at at frame 14211 at lambda (0.95, 0.0)
WARNING! Restraints triggered with energy of 0.16195999085903168 kJ/mol at at frame 14223 at lambda (0.95, 0.0)
WARNING! Restraints triggered with energy of 0.7171772718429565 kJ/mol at at frame 14262 at lambda (0.95, 0.0)
WARNING! Restraints triggered with energy of 0.44960594177246094 kJ/mol at at frame 14266 at lambda (0.95, 0.0)
WARNING! Restraints triggered with energy of 2.987740993499756 kJ/mol at at frame 14268 at lambda (0.95, 0.0)
WARNING! Restraints triggered with energy of 2.427771806716919 kJ/mol at at frame 14275 at lambda (0.95, 0.0)
WARNING! Restraints triggered with energy of 3.8379251956939697 kJ/mol at at frame 14276 at lambda (0.95, 0.0)
WARNING! Restraints triggered with energy of 0.08648490905761719 kJ/mol at at frame 14277 at lambda (0.95, 0.0)
WARNING! Restraints triggered with energy of 0.030729299411177635 kJ/mol at at frame 14293 at lambda (0.95, 0.0)
WARNING! Restraints triggered with energy of 0.46475183963775635 kJ/mol at at frame 14295 at lambda (0.95, 0.0)
WARNING! Restraints triggered with energy of 0.07328875362873077 kJ/mol at at frame 14301 at lambda (0.95, 0.0)
WARNING! Restraints triggered with energy of 0.4470639228820801 kJ/mol at at frame 14736 at lambda (0.95, 0.0)
WARNING! Restraints triggered with energy of 9.315473289461806e-05 kJ/mol at at frame 14740 at lambda (0.95, 0.0)
WARNING! Restraints triggered with energy of 0.9894618391990662 kJ/mol at at frame 14741 at lambda (0.95, 0.0)
WARNING! Restraints triggered with energy of 0.24044884741306305 kJ/mol at at frame 14743 at lambda (0.95, 0.0)
WARNING! Restraints triggered with energy of 0.22306641936302185 kJ/mol at at frame 14769 at lambda (0.95, 0.0)
WARNING! Restraints triggered with energy of 0.0005296807503327727 kJ/mol at at frame 14777 at lambda (0.95, 0.0)
WARNING! Restraints triggered with energy of 0.21052688360214233 kJ/mol at at frame 14779 at lambda (0.95, 0.0)
WARNING! Restraints triggered with energy of 4.951099395751953 kJ/mol at at frame 14811 at lambda (0.95, 0.0)
WARNING! Restraints triggered with energy of 0.0038661863654851913 kJ/mol at at frame 14813 at lambda (0.95, 0.0)
WARNING! Restraints triggered with energy of 1.1319499015808105 kJ/mol at at frame 14815 at lambda (0.95, 0.0)
WARNING! Restraints triggered with energy of 0.3313983082771301 kJ/mol at at frame 14824 at lambda (0.95, 0.0)
WARNING! Restraints triggered with energy of 1.6798269748687744 kJ/mol at at frame 14826 at lambda (0.95, 0.0)
WARNING! Restraints triggered with energy of 1.143190860748291 kJ/mol at at frame 14828 at lambda (0.95, 0.0)
WARNING! Restraints triggered with energy of 0.272604763507843 kJ/mol at at frame 14831 at lambda (0.95, 0.0)
WARNING! Restraints triggered with energy of 0.4212919771671295 kJ/mol at at frame 14833 at lambda (0.95, 0.0)
WARNING! Restraints triggered with energy of 0.6088426113128662 kJ/mol at at frame 14834 at lambda (0.95, 0.0)
WARNING! Restraints triggered with energy of 0.20337821543216705 kJ/mol at at frame 14857 at lambda (0.95, 0.0)
WARNING! Restraints triggered with energy of 3.8113667964935303 kJ/mol at at frame 14884 at lambda (0.95, 0.0)
WARNING! Restraints triggered with energy of 4.214851379394531 kJ/mol at at frame 14885 at lambda (0.95, 0.0)
WARNING! Restraints triggered with energy of 0.5829206705093384 kJ/mol at at frame 14886 at lambda (0.95, 0.0)
WARNING! Restraints triggered with energy of 3.959538459777832 kJ/mol at at frame 14889 at lambda (0.95, 0.0)
WARNING! Restraints triggered with energy of 1.4184563159942627 kJ/mol at at frame 14890 at lambda (0.95, 0.0)
WARNING! Restraints triggered with energy of 0.4533371329307556 kJ/mol at at frame 14900 at lambda (0.95, 0.0)
WARNING! Restraints triggered with energy of 0.4511270225048065 kJ/mol at at frame 14905 at lambda (0.95, 0.0)
WARNING! Restraints triggered with energy of 0.0024600988253951073 kJ/mol at at frame 14917 at lambda (0.95, 0.0)
WARNING! Restraints triggered with energy of 0.7498518824577332 kJ/mol at at frame 14918 at lambda (0.95, 0.0)
WARNING! Restraints triggered with energy of 2.6560962200164795 kJ/mol at at frame 14919 at lambda (0.95, 0.0)
WARNING! Restraints triggered with energy of 3.161297559738159 kJ/mol at at frame 14920 at lambda (0.95, 0.0)
WARNING! Restraints triggered with energy of 4.27157735824585 kJ/mol at at frame 14921 at lambda (0.95, 0.0)
WARNING! Restraints triggered with energy of 2.741516351699829 kJ/mol at at frame 14922 at lambda (0.95, 0.0)
WARNING! Restraints triggered with energy of 0.08348961174488068 kJ/mol at at frame 14923 at lambda (0.95, 0.0)
WARNING! Restraints triggered with energy of 0.27760764956474304 kJ/mol at at frame 14924 at lambda (0.95, 0.0)
WARNING! Restraints triggered with energy of 0.01689387857913971 kJ/mol at at frame 14927 at lambda (0.95, 0.0)
WARNING! Restraints triggered with energy of 1.6872526407241821 kJ/mol at at frame 14931 at lambda (0.95, 0.0)
WARNING! Restraints triggered with energy of 0.23201261460781097 kJ/mol at at frame 14940 at lambda (0.95, 0.0)
WARNING! Restraints triggered with energy of 1.8492599725723267 kJ/mol at at frame 14983 at lambda (0.95, 0.0)
WARNING! Restraints triggered with energy of 5.138859748840332 kJ/mol at at frame 14994 at lambda (0.95, 0.0)
WARNING! Restraints triggered with energy of 1.6429442167282104 kJ/mol at at frame 14995 at lambda (0.95, 0.0)
Forward Free energy difference: -4.82066153662692  0.09800406026437855 kJ/mol
Reverse Free energy difference: -1.579285460665682  0.1609536544168957 kJ/mol
BAR Free energy difference from first half of samples: -3.2915023402582695  0.01783527705816079 kJ/mol
BAR Free energy difference from second half of samples: -1.1257299320739516  0.018865057855011934 kJ/mol
Total BAR Free energy difference: -2.631473368867806  0.26704946099195964 kJ/mol with estimated overlap of 0.382217060888852
