 Evaluating /Dedicated/schnieders/programs/stack-2021.1.sh
  Loading Modules
   Stack 2021.1
   GCC 9.3.0
   CMake 3.20.0
   Eigen 3.3.9
   Cuda 11.1.1
   Cuda: /usr/share/apps/2021.1/arch/gcc-9.3.0/cuda-11.1.1
   CudaNN 7.6.5.32-10.2
  Loading software from /Dedicated/schnieders/programs
   Ant: /Dedicated/schnieders/programs/apache-ant-1.10.11
   FFX: ~/programs/forcefieldx
   GDMA: /Dedicated/schnieders/programs/gdma-2.3
   Groovy: /Dedicated/schnieders/programs/groovy-4.0.1
   Java: /Dedicated/schnieders/programs/jdk-21
   Maven: /Dedicated/schnieders/programs/apache-maven-3.9.5
   OpenMM CUDA Compiler: /usr/share/apps/2021.1/arch/gcc-9.3.0/cuda-11.1.1/bin/nvcc
Warning on use of the timeseries module: If the inherent timescales of the system are long compared to those being analyzed, this statistical inefficiency may be an underestimate.  The estimate presumes the use of many statistically independent samples.  Tests should be performed to assess whether this condition is satisfied.   Be cautious in the interpretation of the data.

****** PyMBAR will use 64-bit JAX! *******
* JAX is currently set to 32-bit bitsize *
* which is its default.                  *
*                                        *
* PyMBAR requires 64-bit mode and WILL   *
* enable JAX's 64-bit mode when called.  *
*                                        *
* This MAY cause problems with other     *
* Uses of JAX in the same code.          *
******************************************


******* JAX 64-bit mode is now on! *******
*     JAX is now set to 64-bit mode!     *
*   This MAY cause problems with other   *
*      uses of JAX in the same code.     *
******************************************

An NVIDIA GPU may be present on this machine, but a CUDA-enabled jaxlib is not installed. Falling back to cpu.
Adding Restraint with parameters:  [(0, 1), (6275.999999999999, 0.0, 1.0)]
Using PBC Conditions on Restraint?  True
Force dictionary: {'AmoebaBond': 0, 'PeriodicTorsionForce': 1, 'AmoebaVdwForce': 2, 'AmoebaMultipoleForce': 3, 'HarmonicBondForce': 4, 'CMMotionRemover': 5, 'AmoebaOutOfPlaneBend': 6, 'AmoebaAngle': 7, 'AmoebaInPlaneAngle': 8, 'AmoebaStretchBend': 9, 'CustomCentroidBondForce': 10}
Evaluating Free Energy using BAR between (vdw, elec): (0.85, 0.0) and (0.9, 0.0)
WARNING! Restraints triggered with energy of 0.11366835236549377 kJ/mol at at frame 522 at lambda (0.85, 0.0)
WARNING! Restraints triggered with energy of 0.0839432030916214 kJ/mol at at frame 546 at lambda (0.85, 0.0)
WARNING! Restraints triggered with energy of 0.0003298083902336657 kJ/mol at at frame 547 at lambda (0.85, 0.0)
WARNING! Restraints triggered with energy of 0.030941568315029144 kJ/mol at at frame 554 at lambda (0.85, 0.0)
WARNING! Restraints triggered with energy of 4.465997695922852 kJ/mol at at frame 575 at lambda (0.85, 0.0)
WARNING! Restraints triggered with energy of 2.2558510303497314 kJ/mol at at frame 591 at lambda (0.85, 0.0)
WARNING! Restraints triggered with energy of 2.922672986984253 kJ/mol at at frame 592 at lambda (0.85, 0.0)
WARNING! Restraints triggered with energy of 0.22053126990795135 kJ/mol at at frame 601 at lambda (0.85, 0.0)
WARNING! Restraints triggered with energy of 2.095325231552124 kJ/mol at at frame 632 at lambda (0.85, 0.0)
WARNING! Restraints triggered with energy of 0.08549901843070984 kJ/mol at at frame 704 at lambda (0.85, 0.0)
WARNING! Restraints triggered with energy of 0.4547625780105591 kJ/mol at at frame 705 at lambda (0.85, 0.0)
WARNING! Restraints triggered with energy of 3.58925199508667 kJ/mol at at frame 710 at lambda (0.85, 0.0)
WARNING! Restraints triggered with energy of 0.5173308849334717 kJ/mol at at frame 715 at lambda (0.85, 0.0)
WARNING! Restraints triggered with energy of 1.5495295524597168 kJ/mol at at frame 717 at lambda (0.85, 0.0)
WARNING! Restraints triggered with energy of 5.493696689605713 kJ/mol at at frame 718 at lambda (0.85, 0.0)
WARNING! Restraints triggered with energy of 0.3425486087799072 kJ/mol at at frame 719 at lambda (0.85, 0.0)
WARNING! Restraints triggered with energy of 0.13263778388500214 kJ/mol at at frame 720 at lambda (0.85, 0.0)
WARNING! Restraints triggered with energy of 3.7483530044555664 kJ/mol at at frame 743 at lambda (0.85, 0.0)
WARNING! Restraints triggered with energy of 0.02664968930184841 kJ/mol at at frame 745 at lambda (0.85, 0.0)
WARNING! Restraints triggered with energy of 0.34692907333374023 kJ/mol at at frame 768 at lambda (0.85, 0.0)
WARNING! Restraints triggered with energy of 0.24379463493824005 kJ/mol at at frame 894 at lambda (0.85, 0.0)
WARNING! Restraints triggered with energy of 0.26034000515937805 kJ/mol at at frame 1287 at lambda (0.85, 0.0)
WARNING! Restraints triggered with energy of 0.20567600429058075 kJ/mol at at frame 1495 at lambda (0.85, 0.0)
WARNING! Restraints triggered with energy of 0.007056592497974634 kJ/mol at at frame 1564 at lambda (0.85, 0.0)
WARNING! Restraints triggered with energy of 0.026717565953731537 kJ/mol at at frame 1724 at lambda (0.85, 0.0)
WARNING! Restraints triggered with energy of 0.048381507396698 kJ/mol at at frame 1967 at lambda (0.85, 0.0)
WARNING! Restraints triggered with energy of 1.0394526720046997 kJ/mol at at frame 2355 at lambda (0.85, 0.0)
WARNING! Restraints triggered with energy of 1.427197813987732 kJ/mol at at frame 2429 at lambda (0.85, 0.0)
WARNING! Restraints triggered with energy of 0.0008188199135474861 kJ/mol at at frame 2616 at lambda (0.85, 0.0)
WARNING! Restraints triggered with energy of 0.09902370721101761 kJ/mol at at frame 2617 at lambda (0.85, 0.0)
WARNING! Restraints triggered with energy of 0.18678075075149536 kJ/mol at at frame 2622 at lambda (0.85, 0.0)
WARNING! Restraints triggered with energy of 0.0038991400506347418 kJ/mol at at frame 2623 at lambda (0.85, 0.0)
WARNING! Restraints triggered with energy of 7.03740930557251 kJ/mol at at frame 2726 at lambda (0.85, 0.0)
WARNING! Restraints triggered with energy of 0.41018548607826233 kJ/mol at at frame 2891 at lambda (0.85, 0.0)
WARNING! Restraints triggered with energy of 0.3843318819999695 kJ/mol at at frame 2986 at lambda (0.85, 0.0)
WARNING! Restraints triggered with energy of 0.004445417318493128 kJ/mol at at frame 2993 at lambda (0.85, 0.0)
WARNING! Restraints triggered with energy of 0.00038142065750434995 kJ/mol at at frame 3163 at lambda (0.85, 0.0)
WARNING! Restraints triggered with energy of 0.005699430126696825 kJ/mol at at frame 3191 at lambda (0.85, 0.0)
WARNING! Restraints triggered with energy of 0.3049605190753937 kJ/mol at at frame 3339 at lambda (0.85, 0.0)
WARNING! Restraints triggered with energy of 0.46367084980010986 kJ/mol at at frame 3440 at lambda (0.85, 0.0)
WARNING! Restraints triggered with energy of 0.558310329914093 kJ/mol at at frame 3577 at lambda (0.85, 0.0)
WARNING! Restraints triggered with energy of 0.17741580307483673 kJ/mol at at frame 3578 at lambda (0.85, 0.0)
WARNING! Restraints triggered with energy of 0.8924441337585449 kJ/mol at at frame 3908 at lambda (0.85, 0.0)
WARNING! Restraints triggered with energy of 0.03345244377851486 kJ/mol at at frame 4045 at lambda (0.85, 0.0)
WARNING! Restraints triggered with energy of 4.526955604553223 kJ/mol at at frame 4467 at lambda (0.85, 0.0)
WARNING! Restraints triggered with energy of 1.149783968925476 kJ/mol at at frame 4468 at lambda (0.85, 0.0)
WARNING! Restraints triggered with energy of 0.49982085824012756 kJ/mol at at frame 4477 at lambda (0.85, 0.0)
WARNING! Restraints triggered with energy of 3.883573055267334 kJ/mol at at frame 4481 at lambda (0.85, 0.0)
WARNING! Restraints triggered with energy of 1.9317353963851929 kJ/mol at at frame 4909 at lambda (0.85, 0.0)
WARNING! Restraints triggered with energy of 7.063187122344971 kJ/mol at at frame 4913 at lambda (0.85, 0.0)
WARNING! Restraints triggered with energy of 10.553089141845703 kJ/mol at at frame 4933 at lambda (0.85, 0.0)
WARNING! Restraints triggered with energy of 0.006254160311073065 kJ/mol at at frame 4958 at lambda (0.85, 0.0)
WARNING! Restraints triggered with energy of 3.6765153408050537 kJ/mol at at frame 4960 at lambda (0.85, 0.0)
WARNING! Restraints triggered with energy of 0.004300535656511784 kJ/mol at at frame 5076 at lambda (0.85, 0.0)
WARNING! Restraints triggered with energy of 3.1679842472076416 kJ/mol at at frame 5080 at lambda (0.85, 0.0)
WARNING! Restraints triggered with energy of 0.7940732836723328 kJ/mol at at frame 5081 at lambda (0.85, 0.0)
WARNING! Restraints triggered with energy of 0.409931480884552 kJ/mol at at frame 5082 at lambda (0.85, 0.0)
WARNING! Restraints triggered with energy of 0.013213778845965862 kJ/mol at at frame 5152 at lambda (0.85, 0.0)
WARNING! Restraints triggered with energy of 0.1275760531425476 kJ/mol at at frame 5153 at lambda (0.85, 0.0)
WARNING! Restraints triggered with energy of 0.07011278718709946 kJ/mol at at frame 5154 at lambda (0.85, 0.0)
WARNING! Restraints triggered with energy of 1.3544758558273315 kJ/mol at at frame 5155 at lambda (0.85, 0.0)
WARNING! Restraints triggered with energy of 0.00013735570246353745 kJ/mol at at frame 5160 at lambda (0.85, 0.0)
WARNING! Restraints triggered with energy of 0.07522913813591003 kJ/mol at at frame 5161 at lambda (0.85, 0.0)
WARNING! Restraints triggered with energy of 7.5410566329956055 kJ/mol at at frame 5196 at lambda (0.85, 0.0)
WARNING! Restraints triggered with energy of 0.03316632658243179 kJ/mol at at frame 5234 at lambda (0.85, 0.0)
WARNING! Restraints triggered with energy of 0.6948010921478271 kJ/mol at at frame 5242 at lambda (0.85, 0.0)
WARNING! Restraints triggered with energy of 1.2984635829925537 kJ/mol at at frame 5244 at lambda (0.85, 0.0)
WARNING! Restraints triggered with energy of 0.09883954375982285 kJ/mol at at frame 5276 at lambda (0.85, 0.0)
WARNING! Restraints triggered with energy of 0.6591539978981018 kJ/mol at at frame 5420 at lambda (0.85, 0.0)
WARNING! Restraints triggered with energy of 3.1790878772735596 kJ/mol at at frame 5501 at lambda (0.85, 0.0)
WARNING! Restraints triggered with energy of 0.5598638653755188 kJ/mol at at frame 5502 at lambda (0.85, 0.0)
WARNING! Restraints triggered with energy of 0.6157001852989197 kJ/mol at at frame 5508 at lambda (0.85, 0.0)
WARNING! Restraints triggered with energy of 0.3142718970775604 kJ/mol at at frame 5509 at lambda (0.85, 0.0)
WARNING! Restraints triggered with energy of 0.005857361014932394 kJ/mol at at frame 5607 at lambda (0.85, 0.0)
WARNING! Restraints triggered with energy of 0.0028249535243958235 kJ/mol at at frame 5611 at lambda (0.85, 0.0)
WARNING! Restraints triggered with energy of 7.34094762802124 kJ/mol at at frame 5613 at lambda (0.85, 0.0)
WARNING! Restraints triggered with energy of 0.2471635341644287 kJ/mol at at frame 5665 at lambda (0.85, 0.0)
WARNING! Restraints triggered with energy of 0.00034087616950273514 kJ/mol at at frame 5670 at lambda (0.85, 0.0)
WARNING! Restraints triggered with energy of 0.0482652522623539 kJ/mol at at frame 5671 at lambda (0.85, 0.0)
WARNING! Restraints triggered with energy of 2.68461537361145 kJ/mol at at frame 5687 at lambda (0.85, 0.0)
WARNING! Restraints triggered with energy of 1.9694838523864746 kJ/mol at at frame 5689 at lambda (0.85, 0.0)
WARNING! Restraints triggered with energy of 0.10079683363437653 kJ/mol at at frame 5696 at lambda (0.85, 0.0)
WARNING! Restraints triggered with energy of 3.6288297176361084 kJ/mol at at frame 5707 at lambda (0.85, 0.0)
WARNING! Restraints triggered with energy of 0.036298371851444244 kJ/mol at at frame 5708 at lambda (0.85, 0.0)
WARNING! Restraints triggered with energy of 2.1223974227905273 kJ/mol at at frame 5709 at lambda (0.85, 0.0)
WARNING! Restraints triggered with energy of 0.366065114736557 kJ/mol at at frame 5710 at lambda (0.85, 0.0)
WARNING! Restraints triggered with energy of 0.7135190367698669 kJ/mol at at frame 5717 at lambda (0.85, 0.0)
WARNING! Restraints triggered with energy of 0.17790144681930542 kJ/mol at at frame 5723 at lambda (0.85, 0.0)
WARNING! Restraints triggered with energy of 7.002228736877441 kJ/mol at at frame 5724 at lambda (0.85, 0.0)
WARNING! Restraints triggered with energy of 2.175780773162842 kJ/mol at at frame 5725 at lambda (0.85, 0.0)
WARNING! Restraints triggered with energy of 0.012127596884965897 kJ/mol at at frame 5727 at lambda (0.85, 0.0)
WARNING! Restraints triggered with energy of 2.5603187084198 kJ/mol at at frame 5729 at lambda (0.85, 0.0)
WARNING! Restraints triggered with energy of 1.4677594900131226 kJ/mol at at frame 5730 at lambda (0.85, 0.0)
WARNING! Restraints triggered with energy of 0.14807932078838348 kJ/mol at at frame 5748 at lambda (0.85, 0.0)
WARNING! Restraints triggered with energy of 0.8515105247497559 kJ/mol at at frame 5751 at lambda (0.85, 0.0)
WARNING! Restraints triggered with energy of 0.7932655811309814 kJ/mol at at frame 5755 at lambda (0.85, 0.0)
WARNING! Restraints triggered with energy of 0.5431027412414551 kJ/mol at at frame 5761 at lambda (0.85, 0.0)
WARNING! Restraints triggered with energy of 0.14084355533123016 kJ/mol at at frame 5762 at lambda (0.85, 0.0)
WARNING! Restraints triggered with energy of 0.23224011063575745 kJ/mol at at frame 5771 at lambda (0.85, 0.0)
WARNING! Restraints triggered with energy of 0.21112528443336487 kJ/mol at at frame 5772 at lambda (0.85, 0.0)
WARNING! Restraints triggered with energy of 0.17585992813110352 kJ/mol at at frame 5786 at lambda (0.85, 0.0)
WARNING! Restraints triggered with energy of 5.167973041534424 kJ/mol at at frame 5787 at lambda (0.85, 0.0)
WARNING! Restraints triggered with energy of 0.22782845795154572 kJ/mol at at frame 5788 at lambda (0.85, 0.0)
WARNING! Restraints triggered with energy of 0.44186338782310486 kJ/mol at at frame 5789 at lambda (0.85, 0.0)
WARNING! Restraints triggered with energy of 0.21458475291728973 kJ/mol at at frame 5817 at lambda (0.85, 0.0)
WARNING! Restraints triggered with energy of 0.3180420696735382 kJ/mol at at frame 5818 at lambda (0.85, 0.0)
WARNING! Restraints triggered with energy of 0.14272111654281616 kJ/mol at at frame 5826 at lambda (0.85, 0.0)
WARNING! Restraints triggered with energy of 0.02606096677482128 kJ/mol at at frame 5828 at lambda (0.85, 0.0)
WARNING! Restraints triggered with energy of 1.4985594749450684 kJ/mol at at frame 5841 at lambda (0.85, 0.0)
WARNING! Restraints triggered with energy of 0.13926728069782257 kJ/mol at at frame 5846 at lambda (0.85, 0.0)
WARNING! Restraints triggered with energy of 2.7768118381500244 kJ/mol at at frame 5848 at lambda (0.85, 0.0)
WARNING! Restraints triggered with energy of 0.30499178171157837 kJ/mol at at frame 5904 at lambda (0.85, 0.0)
WARNING! Restraints triggered with energy of 0.0056141954846680164 kJ/mol at at frame 5972 at lambda (0.85, 0.0)
WARNING! Restraints triggered with energy of 0.5572382807731628 kJ/mol at at frame 6323 at lambda (0.85, 0.0)
WARNING! Restraints triggered with energy of 9.21023178100586 kJ/mol at at frame 6337 at lambda (0.85, 0.0)
WARNING! Restraints triggered with energy of 0.2149261236190796 kJ/mol at at frame 6338 at lambda (0.85, 0.0)
WARNING! Restraints triggered with energy of 0.06686544418334961 kJ/mol at at frame 6339 at lambda (0.85, 0.0)
WARNING! Restraints triggered with energy of 2.405076026916504 kJ/mol at at frame 6341 at lambda (0.85, 0.0)
WARNING! Restraints triggered with energy of 0.021571265533566475 kJ/mol at at frame 6347 at lambda (0.85, 0.0)
WARNING! Restraints triggered with energy of 3.083598130615428e-05 kJ/mol at at frame 6350 at lambda (0.85, 0.0)
WARNING! Restraints triggered with energy of 0.0007536907796747983 kJ/mol at at frame 6413 at lambda (0.85, 0.0)
WARNING! Restraints triggered with energy of 0.3619172275066376 kJ/mol at at frame 6424 at lambda (0.85, 0.0)
WARNING! Restraints triggered with energy of 0.3963801860809326 kJ/mol at at frame 6437 at lambda (0.85, 0.0)
WARNING! Restraints triggered with energy of 9.824248313903809 kJ/mol at at frame 6544 at lambda (0.85, 0.0)
WARNING! Restraints triggered with energy of 0.6811403036117554 kJ/mol at at frame 6632 at lambda (0.85, 0.0)
WARNING! Restraints triggered with energy of 0.953035295009613 kJ/mol at at frame 6879 at lambda (0.85, 0.0)
WARNING! Restraints triggered with energy of 2.8286378383636475 kJ/mol at at frame 6885 at lambda (0.85, 0.0)
WARNING! Restraints triggered with energy of 0.6804077625274658 kJ/mol at at frame 6891 at lambda (0.85, 0.0)
WARNING! Restraints triggered with energy of 0.48177286982536316 kJ/mol at at frame 6892 at lambda (0.85, 0.0)
WARNING! Restraints triggered with energy of 1.1057382822036743 kJ/mol at at frame 6893 at lambda (0.85, 0.0)
WARNING! Restraints triggered with energy of 0.10580472648143768 kJ/mol at at frame 6894 at lambda (0.85, 0.0)
WARNING! Restraints triggered with energy of 0.04549286887049675 kJ/mol at at frame 6897 at lambda (0.85, 0.0)
WARNING! Restraints triggered with energy of 1.3627537488937378 kJ/mol at at frame 6900 at lambda (0.85, 0.0)
WARNING! Restraints triggered with energy of 2.6692874431610107 kJ/mol at at frame 7190 at lambda (0.85, 0.0)
WARNING! Restraints triggered with energy of 5.877034664154053 kJ/mol at at frame 7191 at lambda (0.85, 0.0)
WARNING! Restraints triggered with energy of 1.099787950515747 kJ/mol at at frame 7192 at lambda (0.85, 0.0)
WARNING! Restraints triggered with energy of 0.06395754963159561 kJ/mol at at frame 7234 at lambda (0.85, 0.0)
WARNING! Restraints triggered with energy of 5.773416996002197 kJ/mol at at frame 7239 at lambda (0.85, 0.0)
WARNING! Restraints triggered with energy of 0.654546320438385 kJ/mol at at frame 7242 at lambda (0.85, 0.0)
WARNING! Restraints triggered with energy of 1.2054904699325562 kJ/mol at at frame 7244 at lambda (0.85, 0.0)
WARNING! Restraints triggered with energy of 0.3120100498199463 kJ/mol at at frame 7245 at lambda (0.85, 0.0)
WARNING! Restraints triggered with energy of 0.8344293832778931 kJ/mol at at frame 7246 at lambda (0.85, 0.0)
WARNING! Restraints triggered with energy of 1.9109216928482056 kJ/mol at at frame 7247 at lambda (0.85, 0.0)
WARNING! Restraints triggered with energy of 0.03311818838119507 kJ/mol at at frame 7249 at lambda (0.85, 0.0)
WARNING! Restraints triggered with energy of 0.7012394666671753 kJ/mol at at frame 7250 at lambda (0.85, 0.0)
WARNING! Restraints triggered with energy of 0.18349745869636536 kJ/mol at at frame 7251 at lambda (0.85, 0.0)
WARNING! Restraints triggered with energy of 6.225940227508545 kJ/mol at at frame 7253 at lambda (0.85, 0.0)
WARNING! Restraints triggered with energy of 0.05676795169711113 kJ/mol at at frame 7254 at lambda (0.85, 0.0)
WARNING! Restraints triggered with energy of 0.3800232708454132 kJ/mol at at frame 7279 at lambda (0.85, 0.0)
WARNING! Restraints triggered with energy of 4.01267147064209 kJ/mol at at frame 7294 at lambda (0.85, 0.0)
WARNING! Restraints triggered with energy of 0.9633519649505615 kJ/mol at at frame 7299 at lambda (0.85, 0.0)
WARNING! Restraints triggered with energy of 1.8886370658874512 kJ/mol at at frame 7300 at lambda (0.85, 0.0)
WARNING! Restraints triggered with energy of 0.44014501571655273 kJ/mol at at frame 7334 at lambda (0.85, 0.0)
WARNING! Restraints triggered with energy of 0.9723082184791565 kJ/mol at at frame 7357 at lambda (0.85, 0.0)
WARNING! Restraints triggered with energy of 2.10391902923584 kJ/mol at at frame 7360 at lambda (0.85, 0.0)
WARNING! Restraints triggered with energy of 0.19395004212856293 kJ/mol at at frame 7363 at lambda (0.85, 0.0)
WARNING! Restraints triggered with energy of 0.09809867292642593 kJ/mol at at frame 7366 at lambda (0.85, 0.0)
WARNING! Restraints triggered with energy of 1.6751301288604736 kJ/mol at at frame 7371 at lambda (0.85, 0.0)
WARNING! Restraints triggered with energy of 0.3745242655277252 kJ/mol at at frame 7379 at lambda (0.85, 0.0)
WARNING! Restraints triggered with energy of 0.031980086117982864 kJ/mol at at frame 7380 at lambda (0.85, 0.0)
WARNING! Restraints triggered with energy of 3.578632354736328 kJ/mol at at frame 7381 at lambda (0.85, 0.0)
WARNING! Restraints triggered with energy of 0.04023196920752525 kJ/mol at at frame 7383 at lambda (0.85, 0.0)
WARNING! Restraints triggered with energy of 0.3849059045314789 kJ/mol at at frame 7384 at lambda (0.85, 0.0)
WARNING! Restraints triggered with energy of 0.5110060572624207 kJ/mol at at frame 7386 at lambda (0.85, 0.0)
WARNING! Restraints triggered with energy of 1.3113012313842773 kJ/mol at at frame 7395 at lambda (0.85, 0.0)
WARNING! Restraints triggered with energy of 0.1719610095024109 kJ/mol at at frame 7396 at lambda (0.85, 0.0)
WARNING! Restraints triggered with energy of 0.2888045310974121 kJ/mol at at frame 7397 at lambda (0.85, 0.0)
WARNING! Restraints triggered with energy of 2.859982490539551 kJ/mol at at frame 7398 at lambda (0.85, 0.0)
WARNING! Restraints triggered with energy of 0.37142133712768555 kJ/mol at at frame 7399 at lambda (0.85, 0.0)
WARNING! Restraints triggered with energy of 0.7107934355735779 kJ/mol at at frame 7402 at lambda (0.85, 0.0)
WARNING! Restraints triggered with energy of 0.12289071083068848 kJ/mol at at frame 7403 at lambda (0.85, 0.0)
WARNING! Restraints triggered with energy of 1.413017749786377 kJ/mol at at frame 7406 at lambda (0.85, 0.0)
WARNING! Restraints triggered with energy of 0.29449620842933655 kJ/mol at at frame 7411 at lambda (0.85, 0.0)
WARNING! Restraints triggered with energy of 0.80771404504776 kJ/mol at at frame 7431 at lambda (0.85, 0.0)
WARNING! Restraints triggered with energy of 0.4781874418258667 kJ/mol at at frame 7440 at lambda (0.85, 0.0)
WARNING! Restraints triggered with energy of 0.03859342262148857 kJ/mol at at frame 7455 at lambda (0.85, 0.0)
WARNING! Restraints triggered with energy of 0.12660643458366394 kJ/mol at at frame 7460 at lambda (0.85, 0.0)
WARNING! Restraints triggered with energy of 0.8275423049926758 kJ/mol at at frame 7470 at lambda (0.85, 0.0)
WARNING! Restraints triggered with energy of 0.09801586717367172 kJ/mol at at frame 7484 at lambda (0.85, 0.0)
WARNING! Restraints triggered with energy of 2.522050142288208 kJ/mol at at frame 7486 at lambda (0.85, 0.0)
WARNING! Restraints triggered with energy of 2.2790021896362305 kJ/mol at at frame 7488 at lambda (0.85, 0.0)
WARNING! Restraints triggered with energy of 0.5576896071434021 kJ/mol at at frame 7493 at lambda (0.85, 0.0)
WARNING! Restraints triggered with energy of 5.6794844567775726e-05 kJ/mol at at frame 7521 at lambda (0.85, 0.0)
WARNING! Restraints triggered with energy of 1.0614629983901978 kJ/mol at at frame 7658 at lambda (0.85, 0.0)
WARNING! Restraints triggered with energy of 0.47270452976226807 kJ/mol at at frame 7744 at lambda (0.85, 0.0)
WARNING! Restraints triggered with energy of 0.13600893318653107 kJ/mol at at frame 7795 at lambda (0.85, 0.0)
WARNING! Restraints triggered with energy of 0.21630306541919708 kJ/mol at at frame 7816 at lambda (0.85, 0.0)
WARNING! Restraints triggered with energy of 0.15873803198337555 kJ/mol at at frame 7819 at lambda (0.85, 0.0)
WARNING! Restraints triggered with energy of 0.4325592517852783 kJ/mol at at frame 7831 at lambda (0.85, 0.0)
WARNING! Restraints triggered with energy of 0.6616866588592529 kJ/mol at at frame 7864 at lambda (0.85, 0.0)
WARNING! Restraints triggered with energy of 0.036399200558662415 kJ/mol at at frame 7868 at lambda (0.85, 0.0)
WARNING! Restraints triggered with energy of 1.0534801483154297 kJ/mol at at frame 7916 at lambda (0.85, 0.0)
WARNING! Restraints triggered with energy of 0.1024889126420021 kJ/mol at at frame 7917 at lambda (0.85, 0.0)
WARNING! Restraints triggered with energy of 0.0005388487479649484 kJ/mol at at frame 7929 at lambda (0.85, 0.0)
WARNING! Restraints triggered with energy of 1.4536747932434082 kJ/mol at at frame 7934 at lambda (0.85, 0.0)
WARNING! Restraints triggered with energy of 0.07126274704933167 kJ/mol at at frame 7935 at lambda (0.85, 0.0)
WARNING! Restraints triggered with energy of 0.0061189718544483185 kJ/mol at at frame 7936 at lambda (0.85, 0.0)
WARNING! Restraints triggered with energy of 2.001340389251709 kJ/mol at at frame 7942 at lambda (0.85, 0.0)
WARNING! Restraints triggered with energy of 1.5154857635498047 kJ/mol at at frame 7944 at lambda (0.85, 0.0)
WARNING! Restraints triggered with energy of 1.0279115438461304 kJ/mol at at frame 7948 at lambda (0.85, 0.0)
WARNING! Restraints triggered with energy of 0.8329117894172668 kJ/mol at at frame 7950 at lambda (0.85, 0.0)
WARNING! Restraints triggered with energy of 0.08658492565155029 kJ/mol at at frame 7952 at lambda (0.85, 0.0)
WARNING! Restraints triggered with energy of 0.0037623695097863674 kJ/mol at at frame 7979 at lambda (0.85, 0.0)
WARNING! Restraints triggered with energy of 0.15406958758831024 kJ/mol at at frame 7981 at lambda (0.85, 0.0)
WARNING! Restraints triggered with energy of 0.04469071701169014 kJ/mol at at frame 7985 at lambda (0.85, 0.0)
WARNING! Restraints triggered with energy of 1.6586697101593018 kJ/mol at at frame 8159 at lambda (0.85, 0.0)
WARNING! Restraints triggered with energy of 2.325918197631836 kJ/mol at at frame 8171 at lambda (0.85, 0.0)
WARNING! Restraints triggered with energy of 0.01750819757580757 kJ/mol at at frame 8172 at lambda (0.85, 0.0)
WARNING! Restraints triggered with energy of 2.8444159030914307 kJ/mol at at frame 8173 at lambda (0.85, 0.0)
WARNING! Restraints triggered with energy of 0.34284713864326477 kJ/mol at at frame 8176 at lambda (0.85, 0.0)
WARNING! Restraints triggered with energy of 0.010876202024519444 kJ/mol at at frame 8177 at lambda (0.85, 0.0)
WARNING! Restraints triggered with energy of 0.10503202676773071 kJ/mol at at frame 8178 at lambda (0.85, 0.0)
WARNING! Restraints triggered with energy of 3.637542247772217 kJ/mol at at frame 8181 at lambda (0.85, 0.0)
WARNING! Restraints triggered with energy of 1.1539597511291504 kJ/mol at at frame 8187 at lambda (0.85, 0.0)
WARNING! Restraints triggered with energy of 0.40656447410583496 kJ/mol at at frame 8188 at lambda (0.85, 0.0)
WARNING! Restraints triggered with energy of 1.8416393995285034 kJ/mol at at frame 8205 at lambda (0.85, 0.0)
WARNING! Restraints triggered with energy of 0.01407186221331358 kJ/mol at at frame 8206 at lambda (0.85, 0.0)
WARNING! Restraints triggered with energy of 0.0832987055182457 kJ/mol at at frame 8209 at lambda (0.85, 0.0)
WARNING! Restraints triggered with energy of 0.030988100916147232 kJ/mol at at frame 8317 at lambda (0.85, 0.0)
WARNING! Restraints triggered with energy of 0.9810439944267273 kJ/mol at at frame 8324 at lambda (0.85, 0.0)
WARNING! Restraints triggered with energy of 0.05642196163535118 kJ/mol at at frame 8350 at lambda (0.85, 0.0)
WARNING! Restraints triggered with energy of 0.028967373073101044 kJ/mol at at frame 8365 at lambda (0.85, 0.0)
WARNING! Restraints triggered with energy of 1.537842869758606 kJ/mol at at frame 8455 at lambda (0.85, 0.0)
WARNING! Restraints triggered with energy of 1.8287944793701172 kJ/mol at at frame 8460 at lambda (0.85, 0.0)
WARNING! Restraints triggered with energy of 2.0439162254333496 kJ/mol at at frame 8633 at lambda (0.85, 0.0)
WARNING! Restraints triggered with energy of 9.351968765258789e-05 kJ/mol at at frame 8648 at lambda (0.85, 0.0)
WARNING! Restraints triggered with energy of 1.3382798433303833 kJ/mol at at frame 8685 at lambda (0.85, 0.0)
WARNING! Restraints triggered with energy of 0.2058044970035553 kJ/mol at at frame 8722 at lambda (0.85, 0.0)
WARNING! Restraints triggered with energy of 0.2056674361228943 kJ/mol at at frame 8724 at lambda (0.85, 0.0)
WARNING! Restraints triggered with energy of 0.9482103586196899 kJ/mol at at frame 8730 at lambda (0.85, 0.0)
WARNING! Restraints triggered with energy of 0.031462036073207855 kJ/mol at at frame 8836 at lambda (0.85, 0.0)
WARNING! Restraints triggered with energy of 0.2161625325679779 kJ/mol at at frame 8846 at lambda (0.85, 0.0)
WARNING! Restraints triggered with energy of 1.6096326112747192 kJ/mol at at frame 8860 at lambda (0.85, 0.0)
WARNING! Restraints triggered with energy of 0.0031861751340329647 kJ/mol at at frame 8872 at lambda (0.85, 0.0)
WARNING! Restraints triggered with energy of 0.4128025770187378 kJ/mol at at frame 8873 at lambda (0.85, 0.0)
WARNING! Restraints triggered with energy of 0.007315969094634056 kJ/mol at at frame 8875 at lambda (0.85, 0.0)
WARNING! Restraints triggered with energy of 0.6318555474281311 kJ/mol at at frame 8895 at lambda (0.85, 0.0)
WARNING! Restraints triggered with energy of 0.4413236975669861 kJ/mol at at frame 8902 at lambda (0.85, 0.0)
WARNING! Restraints triggered with energy of 1.5753341913223267 kJ/mol at at frame 8903 at lambda (0.85, 0.0)
WARNING! Restraints triggered with energy of 4.072292804718018 kJ/mol at at frame 8907 at lambda (0.85, 0.0)
WARNING! Restraints triggered with energy of 4.32687520980835 kJ/mol at at frame 8911 at lambda (0.85, 0.0)
WARNING! Restraints triggered with energy of 2.5126702785491943 kJ/mol at at frame 8916 at lambda (0.85, 0.0)
WARNING! Restraints triggered with energy of 1.1533106565475464 kJ/mol at at frame 8939 at lambda (0.85, 0.0)
WARNING! Restraints triggered with energy of 2.935894727706909 kJ/mol at at frame 8982 at lambda (0.85, 0.0)
WARNING! Restraints triggered with energy of 0.016817860305309296 kJ/mol at at frame 8986 at lambda (0.85, 0.0)
WARNING! Restraints triggered with energy of 2.714437961578369 kJ/mol at at frame 9276 at lambda (0.85, 0.0)
WARNING! Restraints triggered with energy of 1.666072964668274 kJ/mol at at frame 9306 at lambda (0.85, 0.0)
WARNING! Restraints triggered with energy of 5.65952730178833 kJ/mol at at frame 9307 at lambda (0.85, 0.0)
WARNING! Restraints triggered with energy of 0.86723393201828 kJ/mol at at frame 9313 at lambda (0.85, 0.0)
WARNING! Restraints triggered with energy of 0.14685353636741638 kJ/mol at at frame 9315 at lambda (0.85, 0.0)
WARNING! Restraints triggered with energy of 0.3470292091369629 kJ/mol at at frame 9319 at lambda (0.85, 0.0)
WARNING! Restraints triggered with energy of 0.34945905208587646 kJ/mol at at frame 9322 at lambda (0.85, 0.0)
WARNING! Restraints triggered with energy of 0.03275825455784798 kJ/mol at at frame 9325 at lambda (0.85, 0.0)
WARNING! Restraints triggered with energy of 0.507945716381073 kJ/mol at at frame 9335 at lambda (0.85, 0.0)
WARNING! Restraints triggered with energy of 0.2098168283700943 kJ/mol at at frame 9350 at lambda (0.85, 0.0)
WARNING! Restraints triggered with energy of 1.9199663400650024 kJ/mol at at frame 9351 at lambda (0.85, 0.0)
WARNING! Restraints triggered with energy of 0.3829163908958435 kJ/mol at at frame 9356 at lambda (0.85, 0.0)
WARNING! Restraints triggered with energy of 0.014818660914897919 kJ/mol at at frame 9365 at lambda (0.85, 0.0)
WARNING! Restraints triggered with energy of 2.5827016830444336 kJ/mol at at frame 9408 at lambda (0.85, 0.0)
WARNING! Restraints triggered with energy of 0.11789709329605103 kJ/mol at at frame 9410 at lambda (0.85, 0.0)
WARNING! Restraints triggered with energy of 0.019981618970632553 kJ/mol at at frame 9512 at lambda (0.85, 0.0)
WARNING! Restraints triggered with energy of 2.9680216312408447 kJ/mol at at frame 9544 at lambda (0.85, 0.0)
WARNING! Restraints triggered with energy of 1.2335861921310425 kJ/mol at at frame 9583 at lambda (0.85, 0.0)
WARNING! Restraints triggered with energy of 0.6787728667259216 kJ/mol at at frame 9584 at lambda (0.85, 0.0)
WARNING! Restraints triggered with energy of 0.19243909418582916 kJ/mol at at frame 9589 at lambda (0.85, 0.0)
WARNING! Restraints triggered with energy of 0.021006327122449875 kJ/mol at at frame 9596 at lambda (0.85, 0.0)
WARNING! Restraints triggered with energy of 0.04458696395158768 kJ/mol at at frame 9612 at lambda (0.85, 0.0)
WARNING! Restraints triggered with energy of 4.328526020050049 kJ/mol at at frame 9640 at lambda (0.85, 0.0)
WARNING! Restraints triggered with energy of 0.1951163113117218 kJ/mol at at frame 9641 at lambda (0.85, 0.0)
WARNING! Restraints triggered with energy of 5.325841903686523 kJ/mol at at frame 9642 at lambda (0.85, 0.0)
WARNING! Restraints triggered with energy of 2.089642286300659 kJ/mol at at frame 9647 at lambda (0.85, 0.0)
WARNING! Restraints triggered with energy of 0.06730083376169205 kJ/mol at at frame 9648 at lambda (0.85, 0.0)
WARNING! Restraints triggered with energy of 0.17444497346878052 kJ/mol at at frame 9649 at lambda (0.85, 0.0)
WARNING! Restraints triggered with energy of 0.3994302451610565 kJ/mol at at frame 9662 at lambda (0.85, 0.0)
WARNING! Restraints triggered with energy of 0.003749636234715581 kJ/mol at at frame 9664 at lambda (0.85, 0.0)
WARNING! Restraints triggered with energy of 0.032509177923202515 kJ/mol at at frame 9665 at lambda (0.85, 0.0)
WARNING! Restraints triggered with energy of 1.0724470615386963 kJ/mol at at frame 9667 at lambda (0.85, 0.0)
WARNING! Restraints triggered with energy of 0.007548815105110407 kJ/mol at at frame 9668 at lambda (0.85, 0.0)
WARNING! Restraints triggered with energy of 4.158195972442627 kJ/mol at at frame 9669 at lambda (0.85, 0.0)
WARNING! Restraints triggered with energy of 0.6118381023406982 kJ/mol at at frame 9714 at lambda (0.85, 0.0)
WARNING! Restraints triggered with energy of 0.5340375304222107 kJ/mol at at frame 9715 at lambda (0.85, 0.0)
WARNING! Restraints triggered with energy of 2.158236503601074 kJ/mol at at frame 9718 at lambda (0.85, 0.0)
WARNING! Restraints triggered with energy of 0.5596660375595093 kJ/mol at at frame 9720 at lambda (0.85, 0.0)
WARNING! Restraints triggered with energy of 0.000627263740170747 kJ/mol at at frame 9724 at lambda (0.85, 0.0)
WARNING! Restraints triggered with energy of 0.4401324987411499 kJ/mol at at frame 9726 at lambda (0.85, 0.0)
WARNING! Restraints triggered with energy of 0.5590586066246033 kJ/mol at at frame 9727 at lambda (0.85, 0.0)
WARNING! Restraints triggered with energy of 3.011064052581787 kJ/mol at at frame 9733 at lambda (0.85, 0.0)
WARNING! Restraints triggered with energy of 3.9902286529541016 kJ/mol at at frame 9739 at lambda (0.85, 0.0)
WARNING! Restraints triggered with energy of 0.7298047542572021 kJ/mol at at frame 9740 at lambda (0.85, 0.0)
WARNING! Restraints triggered with energy of 0.5411002039909363 kJ/mol at at frame 9741 at lambda (0.85, 0.0)
WARNING! Restraints triggered with energy of 1.435604214668274 kJ/mol at at frame 9742 at lambda (0.85, 0.0)
WARNING! Restraints triggered with energy of 4.464720249176025 kJ/mol at at frame 9744 at lambda (0.85, 0.0)
WARNING! Restraints triggered with energy of 0.38482388854026794 kJ/mol at at frame 9764 at lambda (0.85, 0.0)
WARNING! Restraints triggered with energy of 4.531859874725342 kJ/mol at at frame 9766 at lambda (0.85, 0.0)
WARNING! Restraints triggered with energy of 0.9958412647247314 kJ/mol at at frame 9775 at lambda (0.85, 0.0)
WARNING! Restraints triggered with energy of 0.00016568944556638598 kJ/mol at at frame 9777 at lambda (0.85, 0.0)
WARNING! Restraints triggered with energy of 0.9108631014823914 kJ/mol at at frame 9782 at lambda (0.85, 0.0)
WARNING! Restraints triggered with energy of 1.2058844566345215 kJ/mol at at frame 9790 at lambda (0.85, 0.0)
WARNING! Restraints triggered with energy of 1.5706675052642822 kJ/mol at at frame 9812 at lambda (0.85, 0.0)
WARNING! Restraints triggered with energy of 3.451158046722412 kJ/mol at at frame 9813 at lambda (0.85, 0.0)
WARNING! Restraints triggered with energy of 0.019837703555822372 kJ/mol at at frame 9814 at lambda (0.85, 0.0)
WARNING! Restraints triggered with energy of 0.9466661214828491 kJ/mol at at frame 9818 at lambda (0.85, 0.0)
WARNING! Restraints triggered with energy of 6.028923988342285 kJ/mol at at frame 10053 at lambda (0.85, 0.0)
WARNING! Restraints triggered with energy of 0.34028616547584534 kJ/mol at at frame 10054 at lambda (0.85, 0.0)
WARNING! Restraints triggered with energy of 0.4835049510002136 kJ/mol at at frame 10304 at lambda (0.85, 0.0)
WARNING! Restraints triggered with energy of 1.663806438446045 kJ/mol at at frame 10309 at lambda (0.85, 0.0)
WARNING! Restraints triggered with energy of 5.407928466796875 kJ/mol at at frame 10311 at lambda (0.85, 0.0)
WARNING! Restraints triggered with energy of 0.07128292322158813 kJ/mol at at frame 10361 at lambda (0.85, 0.0)
WARNING! Restraints triggered with energy of 1.1623953580856323 kJ/mol at at frame 10366 at lambda (0.85, 0.0)
WARNING! Restraints triggered with energy of 0.8102962970733643 kJ/mol at at frame 10367 at lambda (0.85, 0.0)
WARNING! Restraints triggered with energy of 3.16267466545105 kJ/mol at at frame 10370 at lambda (0.85, 0.0)
WARNING! Restraints triggered with energy of 0.2281801998615265 kJ/mol at at frame 10372 at lambda (0.85, 0.0)
WARNING! Restraints triggered with energy of 0.18146422505378723 kJ/mol at at frame 10942 at lambda (0.85, 0.0)
WARNING! Restraints triggered with energy of 0.2264961451292038 kJ/mol at at frame 10943 at lambda (0.85, 0.0)
WARNING! Restraints triggered with energy of 0.45483899116516113 kJ/mol at at frame 10999 at lambda (0.85, 0.0)
WARNING! Restraints triggered with energy of 0.5247202515602112 kJ/mol at at frame 11002 at lambda (0.85, 0.0)
WARNING! Restraints triggered with energy of 1.2772648334503174 kJ/mol at at frame 11005 at lambda (0.85, 0.0)
WARNING! Restraints triggered with energy of 0.9195725917816162 kJ/mol at at frame 11006 at lambda (0.85, 0.0)
WARNING! Restraints triggered with energy of 0.5780854225158691 kJ/mol at at frame 11008 at lambda (0.85, 0.0)
WARNING! Restraints triggered with energy of 0.03394479304552078 kJ/mol at at frame 11009 at lambda (0.85, 0.0)
WARNING! Restraints triggered with energy of 0.01581907644867897 kJ/mol at at frame 11019 at lambda (0.85, 0.0)
WARNING! Restraints triggered with energy of 3.3608078956604004 kJ/mol at at frame 11033 at lambda (0.85, 0.0)
WARNING! Restraints triggered with energy of 0.13737764954566956 kJ/mol at at frame 11068 at lambda (0.85, 0.0)
WARNING! Restraints triggered with energy of 0.024175409227609634 kJ/mol at at frame 11080 at lambda (0.85, 0.0)
WARNING! Restraints triggered with energy of 1.797866702079773 kJ/mol at at frame 11173 at lambda (0.85, 0.0)
WARNING! Restraints triggered with energy of 0.9311098456382751 kJ/mol at at frame 11181 at lambda (0.85, 0.0)
WARNING! Restraints triggered with energy of 1.0346249341964722 kJ/mol at at frame 11183 at lambda (0.85, 0.0)
WARNING! Restraints triggered with energy of 5.507783889770508 kJ/mol at at frame 11184 at lambda (0.85, 0.0)
WARNING! Restraints triggered with energy of 0.052972424775362015 kJ/mol at at frame 11217 at lambda (0.85, 0.0)
WARNING! Restraints triggered with energy of 7.223564624786377 kJ/mol at at frame 11221 at lambda (0.85, 0.0)
WARNING! Restraints triggered with energy of 0.5269938707351685 kJ/mol at at frame 11238 at lambda (0.85, 0.0)
WARNING! Restraints triggered with energy of 0.14214374125003815 kJ/mol at at frame 11247 at lambda (0.85, 0.0)
WARNING! Restraints triggered with energy of 0.000336704368237406 kJ/mol at at frame 11251 at lambda (0.85, 0.0)
WARNING! Restraints triggered with energy of 2.42903733253479 kJ/mol at at frame 11255 at lambda (0.85, 0.0)
WARNING! Restraints triggered with energy of 1.0142652988433838 kJ/mol at at frame 11268 at lambda (0.85, 0.0)
WARNING! Restraints triggered with energy of 0.015207451768219471 kJ/mol at at frame 11276 at lambda (0.85, 0.0)
WARNING! Restraints triggered with energy of 0.8052545785903931 kJ/mol at at frame 11315 at lambda (0.85, 0.0)
WARNING! Restraints triggered with energy of 1.470964789390564 kJ/mol at at frame 11316 at lambda (0.85, 0.0)
WARNING! Restraints triggered with energy of 0.2537994086742401 kJ/mol at at frame 11319 at lambda (0.85, 0.0)
WARNING! Restraints triggered with energy of 0.08542723953723907 kJ/mol at at frame 11320 at lambda (0.85, 0.0)
WARNING! Restraints triggered with energy of 0.0024404649157077074 kJ/mol at at frame 11325 at lambda (0.85, 0.0)
WARNING! Restraints triggered with energy of 5.016286849975586 kJ/mol at at frame 11326 at lambda (0.85, 0.0)
WARNING! Restraints triggered with energy of 0.5264319181442261 kJ/mol at at frame 11328 at lambda (0.85, 0.0)
WARNING! Restraints triggered with energy of 0.0016444748034700751 kJ/mol at at frame 11329 at lambda (0.85, 0.0)
WARNING! Restraints triggered with energy of 1.8664830923080444 kJ/mol at at frame 11330 at lambda (0.85, 0.0)
WARNING! Restraints triggered with energy of 0.2707539498806 kJ/mol at at frame 11333 at lambda (0.85, 0.0)
WARNING! Restraints triggered with energy of 0.13586966693401337 kJ/mol at at frame 11341 at lambda (0.85, 0.0)
WARNING! Restraints triggered with energy of 5.601621627807617 kJ/mol at at frame 11348 at lambda (0.85, 0.0)
WARNING! Restraints triggered with energy of 2.316795587539673 kJ/mol at at frame 11365 at lambda (0.85, 0.0)
WARNING! Restraints triggered with energy of 0.5583245158195496 kJ/mol at at frame 11558 at lambda (0.85, 0.0)
WARNING! Restraints triggered with energy of 0.8216935396194458 kJ/mol at at frame 12071 at lambda (0.85, 0.0)
WARNING! Restraints triggered with energy of 3.838369369506836 kJ/mol at at frame 12505 at lambda (0.85, 0.0)
WARNING! Restraints triggered with energy of 0.5235442519187927 kJ/mol at at frame 12666 at lambda (0.85, 0.0)
WARNING! Restraints triggered with energy of 0.1367902159690857 kJ/mol at at frame 12684 at lambda (0.85, 0.0)
WARNING! Restraints triggered with energy of 3.1929776668548584 kJ/mol at at frame 12686 at lambda (0.85, 0.0)
WARNING! Restraints triggered with energy of 1.1535743474960327 kJ/mol at at frame 12688 at lambda (0.85, 0.0)
WARNING! Restraints triggered with energy of 0.034616224467754364 kJ/mol at at frame 12715 at lambda (0.85, 0.0)
WARNING! Restraints triggered with energy of 0.4183304011821747 kJ/mol at at frame 12716 at lambda (0.85, 0.0)
WARNING! Restraints triggered with energy of 0.7630100250244141 kJ/mol at at frame 12783 at lambda (0.85, 0.0)
WARNING! Restraints triggered with energy of 0.5067214369773865 kJ/mol at at frame 12849 at lambda (0.85, 0.0)
WARNING! Restraints triggered with energy of 0.06690941005945206 kJ/mol at at frame 12901 at lambda (0.85, 0.0)
WARNING! Restraints triggered with energy of 0.02007785253226757 kJ/mol at at frame 12917 at lambda (0.85, 0.0)
WARNING! Restraints triggered with energy of 2.5182719230651855 kJ/mol at at frame 12920 at lambda (0.85, 0.0)
WARNING! Restraints triggered with energy of 1.8366700410842896 kJ/mol at at frame 12935 at lambda (0.85, 0.0)
WARNING! Restraints triggered with energy of 0.04742657020688057 kJ/mol at at frame 12939 at lambda (0.85, 0.0)
WARNING! Restraints triggered with energy of 1.5754528045654297 kJ/mol at at frame 12991 at lambda (0.85, 0.0)
WARNING! Restraints triggered with energy of 0.001153300516307354 kJ/mol at at frame 13089 at lambda (0.85, 0.0)
WARNING! Restraints triggered with energy of 0.11236666887998581 kJ/mol at at frame 13897 at lambda (0.85, 0.0)
WARNING! Restraints triggered with energy of 0.03566422685980797 kJ/mol at at frame 14022 at lambda (0.85, 0.0)
WARNING! Restraints triggered with energy of 0.34314581751823425 kJ/mol at at frame 14250 at lambda (0.85, 0.0)
WARNING! Restraints triggered with energy of 3.5930819511413574 kJ/mol at at frame 14251 at lambda (0.85, 0.0)
WARNING! Restraints triggered with energy of 0.9597033262252808 kJ/mol at at frame 14269 at lambda (0.85, 0.0)
WARNING! Restraints triggered with energy of 0.3125377893447876 kJ/mol at at frame 14430 at lambda (0.85, 0.0)
WARNING! Restraints triggered with energy of 0.0017908243462443352 kJ/mol at at frame 14455 at lambda (0.85, 0.0)
WARNING! Restraints triggered with energy of 3.3025104999542236 kJ/mol at at frame 14456 at lambda (0.85, 0.0)
WARNING! Restraints triggered with energy of 4.588771820068359 kJ/mol at at frame 14457 at lambda (0.85, 0.0)
WARNING! Restraints triggered with energy of 0.5458623170852661 kJ/mol at at frame 14459 at lambda (0.85, 0.0)
WARNING! Restraints triggered with energy of 2.2682650089263916 kJ/mol at at frame 14463 at lambda (0.85, 0.0)
WARNING! Restraints triggered with energy of 3.457125425338745 kJ/mol at at frame 14471 at lambda (0.85, 0.0)
WARNING! Restraints triggered with energy of 1.9043998718261719 kJ/mol at at frame 14496 at lambda (0.85, 0.0)
WARNING! Restraints triggered with energy of 0.17646241188049316 kJ/mol at at frame 14501 at lambda (0.85, 0.0)
WARNING! Restraints triggered with energy of 1.9164609909057617 kJ/mol at at frame 14503 at lambda (0.85, 0.0)
WARNING! Restraints triggered with energy of 1.2555633783340454 kJ/mol at at frame 14504 at lambda (0.85, 0.0)
WARNING! Restraints triggered with energy of 2.0943410396575928 kJ/mol at at frame 14509 at lambda (0.85, 0.0)
WARNING! Restraints triggered with energy of 3.6197686195373535 kJ/mol at at frame 14515 at lambda (0.85, 0.0)
WARNING! Restraints triggered with energy of 4.002462387084961 kJ/mol at at frame 14517 at lambda (0.85, 0.0)
WARNING! Restraints triggered with energy of 2.2994062900543213 kJ/mol at at frame 14541 at lambda (0.85, 0.0)
WARNING! Restraints triggered with energy of 9.06606388092041 kJ/mol at at frame 14543 at lambda (0.85, 0.0)
WARNING! Restraints triggered with energy of 0.5785881280899048 kJ/mol at at frame 14544 at lambda (0.85, 0.0)
WARNING! Restraints triggered with energy of 0.1770738959312439 kJ/mol at at frame 14553 at lambda (0.85, 0.0)
WARNING! Restraints triggered with energy of 0.011143749579787254 kJ/mol at at frame 14595 at lambda (0.85, 0.0)
WARNING! Restraints triggered with energy of 0.0009184225928038359 kJ/mol at at frame 14607 at lambda (0.85, 0.0)
WARNING! Restraints triggered with energy of 0.7976961135864258 kJ/mol at at frame 14609 at lambda (0.85, 0.0)
WARNING! Restraints triggered with energy of 0.1344461739063263 kJ/mol at at frame 14766 at lambda (0.85, 0.0)
WARNING! Restraints triggered with energy of 0.18881064653396606 kJ/mol at at frame 14767 at lambda (0.85, 0.0)
WARNING! Restraints triggered with energy of 0.9877528548240662 kJ/mol at at frame 654 at lambda (0.9, 0.0)
WARNING! Restraints triggered with energy of 1.603934407234192 kJ/mol at at frame 2864 at lambda (0.9, 0.0)
WARNING! Restraints triggered with energy of 0.6775130033493042 kJ/mol at at frame 4186 at lambda (0.9, 0.0)
WARNING! Restraints triggered with energy of 0.1184229925274849 kJ/mol at at frame 4195 at lambda (0.9, 0.0)
WARNING! Restraints triggered with energy of 8.800572395324707 kJ/mol at at frame 4201 at lambda (0.9, 0.0)
WARNING! Restraints triggered with energy of 0.5923172831535339 kJ/mol at at frame 4207 at lambda (0.9, 0.0)
WARNING! Restraints triggered with energy of 0.2678917646408081 kJ/mol at at frame 4208 at lambda (0.9, 0.0)
WARNING! Restraints triggered with energy of 3.478898525238037 kJ/mol at at frame 4209 at lambda (0.9, 0.0)
WARNING! Restraints triggered with energy of 1.6426295042037964 kJ/mol at at frame 4212 at lambda (0.9, 0.0)
WARNING! Restraints triggered with energy of 9.077099800109863 kJ/mol at at frame 4214 at lambda (0.9, 0.0)
WARNING! Restraints triggered with energy of 0.9460781216621399 kJ/mol at at frame 4215 at lambda (0.9, 0.0)
WARNING! Restraints triggered with energy of 2.7402029037475586 kJ/mol at at frame 4220 at lambda (0.9, 0.0)
WARNING! Restraints triggered with energy of 2.0255684852600098 kJ/mol at at frame 4253 at lambda (0.9, 0.0)
WARNING! Restraints triggered with energy of 2.091308116912842 kJ/mol at at frame 4259 at lambda (0.9, 0.0)
WARNING! Restraints triggered with energy of 0.17141318321228027 kJ/mol at at frame 4260 at lambda (0.9, 0.0)
WARNING! Restraints triggered with energy of 0.10086880624294281 kJ/mol at at frame 4264 at lambda (0.9, 0.0)
WARNING! Restraints triggered with energy of 1.5573216676712036 kJ/mol at at frame 4266 at lambda (0.9, 0.0)
WARNING! Restraints triggered with energy of 0.17401136457920074 kJ/mol at at frame 4289 at lambda (0.9, 0.0)
WARNING! Restraints triggered with energy of 0.5549987554550171 kJ/mol at at frame 4328 at lambda (0.9, 0.0)
WARNING! Restraints triggered with energy of 0.023152722045779228 kJ/mol at at frame 4334 at lambda (0.9, 0.0)
WARNING! Restraints triggered with energy of 0.8444664478302002 kJ/mol at at frame 4339 at lambda (0.9, 0.0)
WARNING! Restraints triggered with energy of 1.1173877716064453 kJ/mol at at frame 4340 at lambda (0.9, 0.0)
WARNING! Restraints triggered with energy of 0.05717369168996811 kJ/mol at at frame 4341 at lambda (0.9, 0.0)
WARNING! Restraints triggered with energy of 2.6226797103881836 kJ/mol at at frame 4346 at lambda (0.9, 0.0)
WARNING! Restraints triggered with energy of 0.0218691136687994 kJ/mol at at frame 4351 at lambda (0.9, 0.0)
WARNING! Restraints triggered with energy of 0.5335683822631836 kJ/mol at at frame 4352 at lambda (0.9, 0.0)
WARNING! Restraints triggered with energy of 1.8053709268569946 kJ/mol at at frame 4353 at lambda (0.9, 0.0)
WARNING! Restraints triggered with energy of 0.8212484121322632 kJ/mol at at frame 4361 at lambda (0.9, 0.0)
WARNING! Restraints triggered with energy of 1.204951286315918 kJ/mol at at frame 4367 at lambda (0.9, 0.0)
WARNING! Restraints triggered with energy of 0.03500385954976082 kJ/mol at at frame 4369 at lambda (0.9, 0.0)
WARNING! Restraints triggered with energy of 0.00485621765255928 kJ/mol at at frame 4377 at lambda (0.9, 0.0)
WARNING! Restraints triggered with energy of 0.8361210823059082 kJ/mol at at frame 4378 at lambda (0.9, 0.0)
WARNING! Restraints triggered with energy of 3.804474353790283 kJ/mol at at frame 4381 at lambda (0.9, 0.0)
WARNING! Restraints triggered with energy of 0.5841037631034851 kJ/mol at at frame 4391 at lambda (0.9, 0.0)
WARNING! Restraints triggered with energy of 1.3950239419937134 kJ/mol at at frame 4392 at lambda (0.9, 0.0)
WARNING! Restraints triggered with energy of 0.4259757697582245 kJ/mol at at frame 4438 at lambda (0.9, 0.0)
WARNING! Restraints triggered with energy of 0.9457657933235168 kJ/mol at at frame 4545 at lambda (0.9, 0.0)
WARNING! Restraints triggered with energy of 1.0781662464141846 kJ/mol at at frame 4580 at lambda (0.9, 0.0)
WARNING! Restraints triggered with energy of 1.1496015787124634 kJ/mol at at frame 5846 at lambda (0.9, 0.0)
WARNING! Restraints triggered with energy of 1.703311562538147 kJ/mol at at frame 5849 at lambda (0.9, 0.0)
WARNING! Restraints triggered with energy of 0.02194739133119583 kJ/mol at at frame 6922 at lambda (0.9, 0.0)
WARNING! Restraints triggered with energy of 0.026363708078861237 kJ/mol at at frame 6923 at lambda (0.9, 0.0)
WARNING! Restraints triggered with energy of 0.30753180384635925 kJ/mol at at frame 6927 at lambda (0.9, 0.0)
WARNING! Restraints triggered with energy of 5.17179536819458 kJ/mol at at frame 7225 at lambda (0.9, 0.0)
WARNING! Restraints triggered with energy of 4.684591293334961 kJ/mol at at frame 7231 at lambda (0.9, 0.0)
WARNING! Restraints triggered with energy of 1.0798927545547485 kJ/mol at at frame 7247 at lambda (0.9, 0.0)
WARNING! Restraints triggered with energy of 0.8521032929420471 kJ/mol at at frame 7251 at lambda (0.9, 0.0)
WARNING! Restraints triggered with energy of 0.007525857537984848 kJ/mol at at frame 7264 at lambda (0.9, 0.0)
WARNING! Restraints triggered with energy of 0.05753103643655777 kJ/mol at at frame 7311 at lambda (0.9, 0.0)
WARNING! Restraints triggered with energy of 1.968370795249939 kJ/mol at at frame 7332 at lambda (0.9, 0.0)
WARNING! Restraints triggered with energy of 0.2887030243873596 kJ/mol at at frame 7348 at lambda (0.9, 0.0)
WARNING! Restraints triggered with energy of 2.5151257514953613 kJ/mol at at frame 7372 at lambda (0.9, 0.0)
WARNING! Restraints triggered with energy of 0.22594812512397766 kJ/mol at at frame 7377 at lambda (0.9, 0.0)
WARNING! Restraints triggered with energy of 0.17074133455753326 kJ/mol at at frame 7399 at lambda (0.9, 0.0)
WARNING! Restraints triggered with energy of 0.07544168829917908 kJ/mol at at frame 7951 at lambda (0.9, 0.0)
WARNING! Restraints triggered with energy of 2.035823345184326 kJ/mol at at frame 7965 at lambda (0.9, 0.0)
WARNING! Restraints triggered with energy of 0.059279244393110275 kJ/mol at at frame 7989 at lambda (0.9, 0.0)
WARNING! Restraints triggered with energy of 0.010256914421916008 kJ/mol at at frame 8102 at lambda (0.9, 0.0)
WARNING! Restraints triggered with energy of 7.435050964355469 kJ/mol at at frame 8103 at lambda (0.9, 0.0)
WARNING! Restraints triggered with energy of 0.0862295925617218 kJ/mol at at frame 8133 at lambda (0.9, 0.0)
WARNING! Restraints triggered with energy of 3.5480053424835205 kJ/mol at at frame 8143 at lambda (0.9, 0.0)
WARNING! Restraints triggered with energy of 0.766594409942627 kJ/mol at at frame 8146 at lambda (0.9, 0.0)
WARNING! Restraints triggered with energy of 0.14781777560710907 kJ/mol at at frame 8154 at lambda (0.9, 0.0)
WARNING! Restraints triggered with energy of 0.6886275410652161 kJ/mol at at frame 8155 at lambda (0.9, 0.0)
WARNING! Restraints triggered with energy of 0.3137638568878174 kJ/mol at at frame 8170 at lambda (0.9, 0.0)
WARNING! Restraints triggered with energy of 0.017940698191523552 kJ/mol at at frame 8171 at lambda (0.9, 0.0)
WARNING! Restraints triggered with energy of 0.5750162601470947 kJ/mol at at frame 8184 at lambda (0.9, 0.0)
WARNING! Restraints triggered with energy of 7.400995254516602 kJ/mol at at frame 8222 at lambda (0.9, 0.0)
WARNING! Restraints triggered with energy of 0.16266006231307983 kJ/mol at at frame 8268 at lambda (0.9, 0.0)
WARNING! Restraints triggered with energy of 1.3506097793579102 kJ/mol at at frame 8269 at lambda (0.9, 0.0)
WARNING! Restraints triggered with energy of 2.939650297164917 kJ/mol at at frame 8271 at lambda (0.9, 0.0)
WARNING! Restraints triggered with energy of 0.30782514810562134 kJ/mol at at frame 8274 at lambda (0.9, 0.0)
WARNING! Restraints triggered with energy of 0.12071540951728821 kJ/mol at at frame 8276 at lambda (0.9, 0.0)
WARNING! Restraints triggered with energy of 0.08796874433755875 kJ/mol at at frame 8277 at lambda (0.9, 0.0)
WARNING! Restraints triggered with energy of 0.563388466835022 kJ/mol at at frame 8278 at lambda (0.9, 0.0)
WARNING! Restraints triggered with energy of 2.4857966899871826 kJ/mol at at frame 8279 at lambda (0.9, 0.0)
WARNING! Restraints triggered with energy of 2.0126590728759766 kJ/mol at at frame 8283 at lambda (0.9, 0.0)
WARNING! Restraints triggered with energy of 2.8489091396331787 kJ/mol at at frame 8284 at lambda (0.9, 0.0)
WARNING! Restraints triggered with energy of 0.00027376084472052753 kJ/mol at at frame 8287 at lambda (0.9, 0.0)
WARNING! Restraints triggered with energy of 2.764267921447754 kJ/mol at at frame 8363 at lambda (0.9, 0.0)
WARNING! Restraints triggered with energy of 3.4906041622161865 kJ/mol at at frame 8398 at lambda (0.9, 0.0)
WARNING! Restraints triggered with energy of 0.26186493039131165 kJ/mol at at frame 8577 at lambda (0.9, 0.0)
WARNING! Restraints triggered with energy of 0.03272749483585358 kJ/mol at at frame 8581 at lambda (0.9, 0.0)
WARNING! Restraints triggered with energy of 0.19467438757419586 kJ/mol at at frame 8597 at lambda (0.9, 0.0)
WARNING! Restraints triggered with energy of 0.0413803830742836 kJ/mol at at frame 8598 at lambda (0.9, 0.0)
WARNING! Restraints triggered with energy of 0.3129497170448303 kJ/mol at at frame 8601 at lambda (0.9, 0.0)
WARNING! Restraints triggered with energy of 1.3333680629730225 kJ/mol at at frame 8603 at lambda (0.9, 0.0)
WARNING! Restraints triggered with energy of 1.4091137647628784 kJ/mol at at frame 8604 at lambda (0.9, 0.0)
WARNING! Restraints triggered with energy of 7.714555263519287 kJ/mol at at frame 8635 at lambda (0.9, 0.0)
WARNING! Restraints triggered with energy of 0.18265697360038757 kJ/mol at at frame 8667 at lambda (0.9, 0.0)
WARNING! Restraints triggered with energy of 2.7611911296844482 kJ/mol at at frame 8668 at lambda (0.9, 0.0)
WARNING! Restraints triggered with energy of 0.05397699028253555 kJ/mol at at frame 8672 at lambda (0.9, 0.0)
WARNING! Restraints triggered with energy of 0.004773649387061596 kJ/mol at at frame 8689 at lambda (0.9, 0.0)
WARNING! Restraints triggered with energy of 0.4131181538105011 kJ/mol at at frame 8691 at lambda (0.9, 0.0)
WARNING! Restraints triggered with energy of 0.44556236267089844 kJ/mol at at frame 8692 at lambda (0.9, 0.0)
WARNING! Restraints triggered with energy of 2.0713889598846436 kJ/mol at at frame 8694 at lambda (0.9, 0.0)
WARNING! Restraints triggered with energy of 0.006911376025527716 kJ/mol at at frame 8721 at lambda (0.9, 0.0)
WARNING! Restraints triggered with energy of 2.112887144088745 kJ/mol at at frame 8726 at lambda (0.9, 0.0)
WARNING! Restraints triggered with energy of 0.0024283500388264656 kJ/mol at at frame 8727 at lambda (0.9, 0.0)
WARNING! Restraints triggered with energy of 0.028579702600836754 kJ/mol at at frame 8731 at lambda (0.9, 0.0)
WARNING! Restraints triggered with energy of 0.9256865382194519 kJ/mol at at frame 8734 at lambda (0.9, 0.0)
WARNING! Restraints triggered with energy of 4.4083476066589355 kJ/mol at at frame 8736 at lambda (0.9, 0.0)
WARNING! Restraints triggered with energy of 0.3627017140388489 kJ/mol at at frame 8740 at lambda (0.9, 0.0)
WARNING! Restraints triggered with energy of 3.0558359622955322 kJ/mol at at frame 8742 at lambda (0.9, 0.0)
WARNING! Restraints triggered with energy of 0.008032218553125858 kJ/mol at at frame 8743 at lambda (0.9, 0.0)
WARNING! Restraints triggered with energy of 1.0430183410644531 kJ/mol at at frame 8747 at lambda (0.9, 0.0)
WARNING! Restraints triggered with energy of 3.752779245376587 kJ/mol at at frame 8749 at lambda (0.9, 0.0)
WARNING! Restraints triggered with energy of 0.3576800227165222 kJ/mol at at frame 8752 at lambda (0.9, 0.0)
WARNING! Restraints triggered with energy of 2.769671678543091 kJ/mol at at frame 8753 at lambda (0.9, 0.0)
WARNING! Restraints triggered with energy of 0.8037806153297424 kJ/mol at at frame 8757 at lambda (0.9, 0.0)
WARNING! Restraints triggered with energy of 0.5228748321533203 kJ/mol at at frame 8760 at lambda (0.9, 0.0)
WARNING! Restraints triggered with energy of 1.482188105583191 kJ/mol at at frame 8762 at lambda (0.9, 0.0)
WARNING! Restraints triggered with energy of 0.03951537236571312 kJ/mol at at frame 8769 at lambda (0.9, 0.0)
WARNING! Restraints triggered with energy of 0.3425706923007965 kJ/mol at at frame 8770 at lambda (0.9, 0.0)
WARNING! Restraints triggered with energy of 0.9387986660003662 kJ/mol at at frame 8771 at lambda (0.9, 0.0)
WARNING! Restraints triggered with energy of 0.08292298763990402 kJ/mol at at frame 8778 at lambda (0.9, 0.0)
WARNING! Restraints triggered with energy of 0.33000800013542175 kJ/mol at at frame 8779 at lambda (0.9, 0.0)
WARNING! Restraints triggered with energy of 6.042009353637695 kJ/mol at at frame 8781 at lambda (0.9, 0.0)
WARNING! Restraints triggered with energy of 0.7805653810501099 kJ/mol at at frame 8787 at lambda (0.9, 0.0)
WARNING! Restraints triggered with energy of 0.08367527276277542 kJ/mol at at frame 8815 at lambda (0.9, 0.0)
WARNING! Restraints triggered with energy of 0.48952561616897583 kJ/mol at at frame 8824 at lambda (0.9, 0.0)
WARNING! Restraints triggered with energy of 0.14034780859947205 kJ/mol at at frame 8842 at lambda (0.9, 0.0)
WARNING! Restraints triggered with energy of 0.22361984848976135 kJ/mol at at frame 8855 at lambda (0.9, 0.0)
WARNING! Restraints triggered with energy of 8.532073020935059 kJ/mol at at frame 8878 at lambda (0.9, 0.0)
WARNING! Restraints triggered with energy of 0.6408807635307312 kJ/mol at at frame 8967 at lambda (0.9, 0.0)
WARNING! Restraints triggered with energy of 5.579693794250488 kJ/mol at at frame 8969 at lambda (0.9, 0.0)
WARNING! Restraints triggered with energy of 0.04401053860783577 kJ/mol at at frame 8971 at lambda (0.9, 0.0)
WARNING! Restraints triggered with energy of 0.6059427261352539 kJ/mol at at frame 8975 at lambda (0.9, 0.0)
WARNING! Restraints triggered with energy of 0.35123664140701294 kJ/mol at at frame 8976 at lambda (0.9, 0.0)
WARNING! Restraints triggered with energy of 0.5351837873458862 kJ/mol at at frame 8977 at lambda (0.9, 0.0)
WARNING! Restraints triggered with energy of 1.6515742540359497 kJ/mol at at frame 8978 at lambda (0.9, 0.0)
WARNING! Restraints triggered with energy of 0.00875361543148756 kJ/mol at at frame 9000 at lambda (0.9, 0.0)
WARNING! Restraints triggered with energy of 0.10920453071594238 kJ/mol at at frame 9065 at lambda (0.9, 0.0)
WARNING! Restraints triggered with energy of 1.6892651319503784 kJ/mol at at frame 9066 at lambda (0.9, 0.0)
WARNING! Restraints triggered with energy of 0.03636317700147629 kJ/mol at at frame 9089 at lambda (0.9, 0.0)
WARNING! Restraints triggered with energy of 0.05804865434765816 kJ/mol at at frame 9185 at lambda (0.9, 0.0)
WARNING! Restraints triggered with energy of 1.3907662630081177 kJ/mol at at frame 9189 at lambda (0.9, 0.0)
WARNING! Restraints triggered with energy of 0.021228650584816933 kJ/mol at at frame 9221 at lambda (0.9, 0.0)
WARNING! Restraints triggered with energy of 0.6541948914527893 kJ/mol at at frame 9415 at lambda (0.9, 0.0)
WARNING! Restraints triggered with energy of 1.6427022218704224 kJ/mol at at frame 9416 at lambda (0.9, 0.0)
WARNING! Restraints triggered with energy of 6.005295276641846 kJ/mol at at frame 9422 at lambda (0.9, 0.0)
WARNING! Restraints triggered with energy of 1.8862497806549072 kJ/mol at at frame 9639 at lambda (0.9, 0.0)
WARNING! Restraints triggered with energy of 0.036298371851444244 kJ/mol at at frame 9674 at lambda (0.9, 0.0)
WARNING! Restraints triggered with energy of 0.014353325590491295 kJ/mol at at frame 9690 at lambda (0.9, 0.0)
WARNING! Restraints triggered with energy of 3.373215675354004 kJ/mol at at frame 9694 at lambda (0.9, 0.0)
WARNING! Restraints triggered with energy of 0.3832319974899292 kJ/mol at at frame 9698 at lambda (0.9, 0.0)
WARNING! Restraints triggered with energy of 1.7980692386627197 kJ/mol at at frame 9699 at lambda (0.9, 0.0)
WARNING! Restraints triggered with energy of 0.19271261990070343 kJ/mol at at frame 9710 at lambda (0.9, 0.0)
WARNING! Restraints triggered with energy of 0.20111030340194702 kJ/mol at at frame 9712 at lambda (0.9, 0.0)
WARNING! Restraints triggered with energy of 0.014283263124525547 kJ/mol at at frame 9725 at lambda (0.9, 0.0)
WARNING! Restraints triggered with energy of 2.851651668548584 kJ/mol at at frame 9726 at lambda (0.9, 0.0)
WARNING! Restraints triggered with energy of 1.8334717750549316 kJ/mol at at frame 9734 at lambda (0.9, 0.0)
WARNING! Restraints triggered with energy of 0.05344732478260994 kJ/mol at at frame 9770 at lambda (0.9, 0.0)
WARNING! Restraints triggered with energy of 1.3935965299606323 kJ/mol at at frame 9773 at lambda (0.9, 0.0)
WARNING! Restraints triggered with energy of 0.2242186814546585 kJ/mol at at frame 9775 at lambda (0.9, 0.0)
WARNING! Restraints triggered with energy of 3.3939573764801025 kJ/mol at at frame 9814 at lambda (0.9, 0.0)
WARNING! Restraints triggered with energy of 0.05186108872294426 kJ/mol at at frame 10142 at lambda (0.9, 0.0)
WARNING! Restraints triggered with energy of 0.23002448678016663 kJ/mol at at frame 10405 at lambda (0.9, 0.0)
WARNING! Restraints triggered with energy of 0.1335335522890091 kJ/mol at at frame 10406 at lambda (0.9, 0.0)
WARNING! Restraints triggered with energy of 0.3108716607093811 kJ/mol at at frame 10407 at lambda (0.9, 0.0)
WARNING! Restraints triggered with energy of 1.096621036529541 kJ/mol at at frame 10409 at lambda (0.9, 0.0)
WARNING! Restraints triggered with energy of 2.984346628189087 kJ/mol at at frame 10413 at lambda (0.9, 0.0)
WARNING! Restraints triggered with energy of 0.6103025674819946 kJ/mol at at frame 10414 at lambda (0.9, 0.0)
WARNING! Restraints triggered with energy of 0.0625278502702713 kJ/mol at at frame 10416 at lambda (0.9, 0.0)
WARNING! Restraints triggered with energy of 3.4424965381622314 kJ/mol at at frame 10428 at lambda (0.9, 0.0)
WARNING! Restraints triggered with energy of 0.7388687133789062 kJ/mol at at frame 10443 at lambda (0.9, 0.0)
WARNING! Restraints triggered with energy of 0.36838865280151367 kJ/mol at at frame 10455 at lambda (0.9, 0.0)
WARNING! Restraints triggered with energy of 1.7843934297561646 kJ/mol at at frame 10459 at lambda (0.9, 0.0)
WARNING! Restraints triggered with energy of 2.815216302871704 kJ/mol at at frame 10464 at lambda (0.9, 0.0)
WARNING! Restraints triggered with energy of 2.5377020835876465 kJ/mol at at frame 10465 at lambda (0.9, 0.0)
WARNING! Restraints triggered with energy of 0.6272995471954346 kJ/mol at at frame 10475 at lambda (0.9, 0.0)
WARNING! Restraints triggered with energy of 0.8594242930412292 kJ/mol at at frame 10481 at lambda (0.9, 0.0)
WARNING! Restraints triggered with energy of 2.753068447113037 kJ/mol at at frame 10482 at lambda (0.9, 0.0)
WARNING! Restraints triggered with energy of 7.134950160980225 kJ/mol at at frame 10488 at lambda (0.9, 0.0)
WARNING! Restraints triggered with energy of 8.496139526367188 kJ/mol at at frame 10507 at lambda (0.9, 0.0)
WARNING! Restraints triggered with energy of 3.5045926570892334 kJ/mol at at frame 10508 at lambda (0.9, 0.0)
WARNING! Restraints triggered with energy of 0.34338927268981934 kJ/mol at at frame 10509 at lambda (0.9, 0.0)
WARNING! Restraints triggered with energy of 1.0776759386062622 kJ/mol at at frame 10512 at lambda (0.9, 0.0)
WARNING! Restraints triggered with energy of 2.3301544189453125 kJ/mol at at frame 10513 at lambda (0.9, 0.0)
WARNING! Restraints triggered with energy of 0.20461520552635193 kJ/mol at at frame 10515 at lambda (0.9, 0.0)
WARNING! Restraints triggered with energy of 2.690095901489258 kJ/mol at at frame 10516 at lambda (0.9, 0.0)
WARNING! Restraints triggered with energy of 0.38666558265686035 kJ/mol at at frame 10517 at lambda (0.9, 0.0)
WARNING! Restraints triggered with energy of 0.08175772428512573 kJ/mol at at frame 10518 at lambda (0.9, 0.0)
WARNING! Restraints triggered with energy of 1.4969182014465332 kJ/mol at at frame 10519 at lambda (0.9, 0.0)
WARNING! Restraints triggered with energy of 0.6052812933921814 kJ/mol at at frame 10520 at lambda (0.9, 0.0)
WARNING! Restraints triggered with energy of 1.41104257106781 kJ/mol at at frame 10521 at lambda (0.9, 0.0)
WARNING! Restraints triggered with energy of 1.2650840282440186 kJ/mol at at frame 10529 at lambda (0.9, 0.0)
WARNING! Restraints triggered with energy of 0.932313084602356 kJ/mol at at frame 10537 at lambda (0.9, 0.0)
WARNING! Restraints triggered with energy of 0.22293265163898468 kJ/mol at at frame 10541 at lambda (0.9, 0.0)
WARNING! Restraints triggered with energy of 2.8645517826080322 kJ/mol at at frame 10542 at lambda (0.9, 0.0)
WARNING! Restraints triggered with energy of 1.7847466468811035 kJ/mol at at frame 10543 at lambda (0.9, 0.0)
WARNING! Restraints triggered with energy of 11.885497093200684 kJ/mol at at frame 10544 at lambda (0.9, 0.0)
WARNING! Restraints triggered with energy of 3.4745664596557617 kJ/mol at at frame 10545 at lambda (0.9, 0.0)
WARNING! Restraints triggered with energy of 1.253151774406433 kJ/mol at at frame 10559 at lambda (0.9, 0.0)
WARNING! Restraints triggered with energy of 5.599208354949951 kJ/mol at at frame 10561 at lambda (0.9, 0.0)
WARNING! Restraints triggered with energy of 1.9127758741378784 kJ/mol at at frame 10564 at lambda (0.9, 0.0)
WARNING! Restraints triggered with energy of 5.022337913513184 kJ/mol at at frame 10565 at lambda (0.9, 0.0)
WARNING! Restraints triggered with energy of 5.251608848571777 kJ/mol at at frame 10566 at lambda (0.9, 0.0)
WARNING! Restraints triggered with energy of 0.4574796259403229 kJ/mol at at frame 10572 at lambda (0.9, 0.0)
WARNING! Restraints triggered with energy of 0.5445931553840637 kJ/mol at at frame 10574 at lambda (0.9, 0.0)
WARNING! Restraints triggered with energy of 0.15138277411460876 kJ/mol at at frame 10678 at lambda (0.9, 0.0)
WARNING! Restraints triggered with energy of 2.3342790603637695 kJ/mol at at frame 10684 at lambda (0.9, 0.0)
WARNING! Restraints triggered with energy of 0.0015323295956477523 kJ/mol at at frame 10698 at lambda (0.9, 0.0)
WARNING! Restraints triggered with energy of 0.8566599488258362 kJ/mol at at frame 10704 at lambda (0.9, 0.0)
WARNING! Restraints triggered with energy of 0.19340141117572784 kJ/mol at at frame 10711 at lambda (0.9, 0.0)
WARNING! Restraints triggered with energy of 0.8938007354736328 kJ/mol at at frame 10721 at lambda (0.9, 0.0)
WARNING! Restraints triggered with energy of 5.938045501708984 kJ/mol at at frame 10723 at lambda (0.9, 0.0)
WARNING! Restraints triggered with energy of 0.39729633927345276 kJ/mol at at frame 10725 at lambda (0.9, 0.0)
WARNING! Restraints triggered with energy of 2.775993585586548 kJ/mol at at frame 10730 at lambda (0.9, 0.0)
WARNING! Restraints triggered with energy of 0.10082681477069855 kJ/mol at at frame 10733 at lambda (0.9, 0.0)
WARNING! Restraints triggered with energy of 0.5175074934959412 kJ/mol at at frame 10734 at lambda (0.9, 0.0)
WARNING! Restraints triggered with energy of 1.1421005725860596 kJ/mol at at frame 10735 at lambda (0.9, 0.0)
WARNING! Restraints triggered with energy of 1.9410394430160522 kJ/mol at at frame 10737 at lambda (0.9, 0.0)
WARNING! Restraints triggered with energy of 0.5942085385322571 kJ/mol at at frame 10738 at lambda (0.9, 0.0)
WARNING! Restraints triggered with energy of 4.710012912750244 kJ/mol at at frame 10739 at lambda (0.9, 0.0)
WARNING! Restraints triggered with energy of 3.846996307373047 kJ/mol at at frame 10742 at lambda (0.9, 0.0)
WARNING! Restraints triggered with energy of 2.9106411933898926 kJ/mol at at frame 10752 at lambda (0.9, 0.0)
WARNING! Restraints triggered with energy of 4.436389923095703 kJ/mol at at frame 10771 at lambda (0.9, 0.0)
WARNING! Restraints triggered with energy of 1.3893409967422485 kJ/mol at at frame 10772 at lambda (0.9, 0.0)
WARNING! Restraints triggered with energy of 0.01630258746445179 kJ/mol at at frame 10773 at lambda (0.9, 0.0)
WARNING! Restraints triggered with energy of 0.8215395212173462 kJ/mol at at frame 10774 at lambda (0.9, 0.0)
WARNING! Restraints triggered with energy of 6.988890647888184 kJ/mol at at frame 10778 at lambda (0.9, 0.0)
WARNING! Restraints triggered with energy of 0.00715690478682518 kJ/mol at at frame 10781 at lambda (0.9, 0.0)
WARNING! Restraints triggered with energy of 1.2182987928390503 kJ/mol at at frame 11351 at lambda (0.9, 0.0)
WARNING! Restraints triggered with energy of 0.007220962550491095 kJ/mol at at frame 11353 at lambda (0.9, 0.0)
WARNING! Restraints triggered with energy of 0.26875272393226624 kJ/mol at at frame 11390 at lambda (0.9, 0.0)
WARNING! Restraints triggered with energy of 0.4510001540184021 kJ/mol at at frame 11392 at lambda (0.9, 0.0)
WARNING! Restraints triggered with energy of 4.551140308380127 kJ/mol at at frame 11396 at lambda (0.9, 0.0)
WARNING! Restraints triggered with energy of 0.8764575719833374 kJ/mol at at frame 11400 at lambda (0.9, 0.0)
WARNING! Restraints triggered with energy of 0.3394933044910431 kJ/mol at at frame 11475 at lambda (0.9, 0.0)
WARNING! Restraints triggered with energy of 1.7548956871032715 kJ/mol at at frame 11477 at lambda (0.9, 0.0)
WARNING! Restraints triggered with energy of 2.7534759044647217 kJ/mol at at frame 11481 at lambda (0.9, 0.0)
WARNING! Restraints triggered with energy of 0.9775300621986389 kJ/mol at at frame 11498 at lambda (0.9, 0.0)
WARNING! Restraints triggered with energy of 0.5229977369308472 kJ/mol at at frame 11499 at lambda (0.9, 0.0)
WARNING! Restraints triggered with energy of 0.3503640294075012 kJ/mol at at frame 11500 at lambda (0.9, 0.0)
WARNING! Restraints triggered with energy of 0.9880532026290894 kJ/mol at at frame 11502 at lambda (0.9, 0.0)
WARNING! Restraints triggered with energy of 0.031963199377059937 kJ/mol at at frame 11504 at lambda (0.9, 0.0)
WARNING! Restraints triggered with energy of 0.10509324818849564 kJ/mol at at frame 11505 at lambda (0.9, 0.0)
WARNING! Restraints triggered with energy of 0.044196967035532 kJ/mol at at frame 11506 at lambda (0.9, 0.0)
WARNING! Restraints triggered with energy of 1.7595776319503784 kJ/mol at at frame 11507 at lambda (0.9, 0.0)
WARNING! Restraints triggered with energy of 0.0009333654306828976 kJ/mol at at frame 11525 at lambda (0.9, 0.0)
WARNING! Restraints triggered with energy of 0.017971070483326912 kJ/mol at at frame 11526 at lambda (0.9, 0.0)
WARNING! Restraints triggered with energy of 1.5472261905670166 kJ/mol at at frame 11611 at lambda (0.9, 0.0)
WARNING! Restraints triggered with energy of 2.080015182495117 kJ/mol at at frame 11614 at lambda (0.9, 0.0)
WARNING! Restraints triggered with energy of 0.8833673596382141 kJ/mol at at frame 11617 at lambda (0.9, 0.0)
WARNING! Restraints triggered with energy of 0.2687135636806488 kJ/mol at at frame 11618 at lambda (0.9, 0.0)
WARNING! Restraints triggered with energy of 0.0880696102976799 kJ/mol at at frame 11627 at lambda (0.9, 0.0)
WARNING! Restraints triggered with energy of 0.055053021758794785 kJ/mol at at frame 11628 at lambda (0.9, 0.0)
WARNING! Restraints triggered with energy of 4.158003807067871 kJ/mol at at frame 11630 at lambda (0.9, 0.0)
WARNING! Restraints triggered with energy of 1.0221365690231323 kJ/mol at at frame 11669 at lambda (0.9, 0.0)
WARNING! Restraints triggered with energy of 0.10573715716600418 kJ/mol at at frame 11675 at lambda (0.9, 0.0)
WARNING! Restraints triggered with energy of 0.18277809023857117 kJ/mol at at frame 11676 at lambda (0.9, 0.0)
WARNING! Restraints triggered with energy of 0.4211938977241516 kJ/mol at at frame 11677 at lambda (0.9, 0.0)
WARNING! Restraints triggered with energy of 0.3281444013118744 kJ/mol at at frame 11680 at lambda (0.9, 0.0)
WARNING! Restraints triggered with energy of 2.3101305961608887 kJ/mol at at frame 11682 at lambda (0.9, 0.0)
WARNING! Restraints triggered with energy of 1.3017802238464355 kJ/mol at at frame 11683 at lambda (0.9, 0.0)
WARNING! Restraints triggered with energy of 0.21522393822669983 kJ/mol at at frame 11685 at lambda (0.9, 0.0)
WARNING! Restraints triggered with energy of 0.10733386874198914 kJ/mol at at frame 11691 at lambda (0.9, 0.0)
WARNING! Restraints triggered with energy of 0.0847000852227211 kJ/mol at at frame 11693 at lambda (0.9, 0.0)
WARNING! Restraints triggered with energy of 0.8443101644515991 kJ/mol at at frame 11694 at lambda (0.9, 0.0)
WARNING! Restraints triggered with energy of 0.013806497678160667 kJ/mol at at frame 11696 at lambda (0.9, 0.0)
WARNING! Restraints triggered with energy of 4.040301322937012 kJ/mol at at frame 11710 at lambda (0.9, 0.0)
WARNING! Restraints triggered with energy of 7.300014019012451 kJ/mol at at frame 11711 at lambda (0.9, 0.0)
WARNING! Restraints triggered with energy of 2.529043674468994 kJ/mol at at frame 11712 at lambda (0.9, 0.0)
WARNING! Restraints triggered with energy of 3.1814792156219482 kJ/mol at at frame 11713 at lambda (0.9, 0.0)
WARNING! Restraints triggered with energy of 2.2398793697357178 kJ/mol at at frame 11714 at lambda (0.9, 0.0)
WARNING! Restraints triggered with energy of 0.0005132909864187241 kJ/mol at at frame 11718 at lambda (0.9, 0.0)
WARNING! Restraints triggered with energy of 4.654959201812744 kJ/mol at at frame 11721 at lambda (0.9, 0.0)
WARNING! Restraints triggered with energy of 2.3131744861602783 kJ/mol at at frame 11728 at lambda (0.9, 0.0)
WARNING! Restraints triggered with energy of 0.24929969012737274 kJ/mol at at frame 11732 at lambda (0.9, 0.0)
WARNING! Restraints triggered with energy of 2.989928960800171 kJ/mol at at frame 11742 at lambda (0.9, 0.0)
WARNING! Restraints triggered with energy of 0.15891869366168976 kJ/mol at at frame 11745 at lambda (0.9, 0.0)
WARNING! Restraints triggered with energy of 4.182071685791016 kJ/mol at at frame 11763 at lambda (0.9, 0.0)
WARNING! Restraints triggered with energy of 5.379809856414795 kJ/mol at at frame 11779 at lambda (0.9, 0.0)
WARNING! Restraints triggered with energy of 0.2687135636806488 kJ/mol at at frame 11784 at lambda (0.9, 0.0)
WARNING! Restraints triggered with energy of 5.345736503601074 kJ/mol at at frame 11811 at lambda (0.9, 0.0)
WARNING! Restraints triggered with energy of 1.6497057676315308 kJ/mol at at frame 11812 at lambda (0.9, 0.0)
WARNING! Restraints triggered with energy of 0.22230881452560425 kJ/mol at at frame 11813 at lambda (0.9, 0.0)
WARNING! Restraints triggered with energy of 2.3602941036224365 kJ/mol at at frame 11816 at lambda (0.9, 0.0)
WARNING! Restraints triggered with energy of 0.2176756113767624 kJ/mol at at frame 11820 at lambda (0.9, 0.0)
WARNING! Restraints triggered with energy of 0.05353032425045967 kJ/mol at at frame 11822 at lambda (0.9, 0.0)
WARNING! Restraints triggered with energy of 0.2791423201560974 kJ/mol at at frame 11962 at lambda (0.9, 0.0)
WARNING! Restraints triggered with energy of 2.9037816524505615 kJ/mol at at frame 11966 at lambda (0.9, 0.0)
WARNING! Restraints triggered with energy of 0.23664814233779907 kJ/mol at at frame 11969 at lambda (0.9, 0.0)
WARNING! Restraints triggered with energy of 1.0234928131103516 kJ/mol at at frame 11988 at lambda (0.9, 0.0)
WARNING! Restraints triggered with energy of 0.41354313492774963 kJ/mol at at frame 11989 at lambda (0.9, 0.0)
WARNING! Restraints triggered with energy of 2.8969943523406982 kJ/mol at at frame 12027 at lambda (0.9, 0.0)
WARNING! Restraints triggered with energy of 1.5154392719268799 kJ/mol at at frame 12028 at lambda (0.9, 0.0)
WARNING! Restraints triggered with energy of 1.957441806793213 kJ/mol at at frame 12030 at lambda (0.9, 0.0)
WARNING! Restraints triggered with energy of 0.5342032313346863 kJ/mol at at frame 12070 at lambda (0.9, 0.0)
WARNING! Restraints triggered with energy of 0.08160118758678436 kJ/mol at at frame 12071 at lambda (0.9, 0.0)
WARNING! Restraints triggered with energy of 0.8070012927055359 kJ/mol at at frame 12073 at lambda (0.9, 0.0)
WARNING! Restraints triggered with energy of 1.9549057483673096 kJ/mol at at frame 12074 at lambda (0.9, 0.0)
WARNING! Restraints triggered with energy of 5.1242265701293945 kJ/mol at at frame 12077 at lambda (0.9, 0.0)
WARNING! Restraints triggered with energy of 0.6760523915290833 kJ/mol at at frame 12079 at lambda (0.9, 0.0)
WARNING! Restraints triggered with energy of 0.8218305706977844 kJ/mol at at frame 12080 at lambda (0.9, 0.0)
WARNING! Restraints triggered with energy of 1.4707127809524536 kJ/mol at at frame 12081 at lambda (0.9, 0.0)
WARNING! Restraints triggered with energy of 7.220569610595703 kJ/mol at at frame 12108 at lambda (0.9, 0.0)
WARNING! Restraints triggered with energy of 0.12299668043851852 kJ/mol at at frame 12109 at lambda (0.9, 0.0)
WARNING! Restraints triggered with energy of 1.3127074241638184 kJ/mol at at frame 12122 at lambda (0.9, 0.0)
WARNING! Restraints triggered with energy of 0.2977028787136078 kJ/mol at at frame 12123 at lambda (0.9, 0.0)
WARNING! Restraints triggered with energy of 0.4349850118160248 kJ/mol at at frame 12124 at lambda (0.9, 0.0)
WARNING! Restraints triggered with energy of 0.008544586598873138 kJ/mol at at frame 12125 at lambda (0.9, 0.0)
WARNING! Restraints triggered with energy of 0.03054746612906456 kJ/mol at at frame 12126 at lambda (0.9, 0.0)
WARNING! Restraints triggered with energy of 0.09025219827890396 kJ/mol at at frame 12130 at lambda (0.9, 0.0)
WARNING! Restraints triggered with energy of 9.291520118713379 kJ/mol at at frame 12132 at lambda (0.9, 0.0)
WARNING! Restraints triggered with energy of 1.688651442527771 kJ/mol at at frame 12135 at lambda (0.9, 0.0)
WARNING! Restraints triggered with energy of 1.0530149936676025 kJ/mol at at frame 12137 at lambda (0.9, 0.0)
WARNING! Restraints triggered with energy of 1.5762587785720825 kJ/mol at at frame 12143 at lambda (0.9, 0.0)
WARNING! Restraints triggered with energy of 0.05754915997385979 kJ/mol at at frame 12144 at lambda (0.9, 0.0)
WARNING! Restraints triggered with energy of 0.3425596356391907 kJ/mol at at frame 12146 at lambda (0.9, 0.0)
WARNING! Restraints triggered with energy of 0.5220556855201721 kJ/mol at at frame 12147 at lambda (0.9, 0.0)
WARNING! Restraints triggered with energy of 1.3765692710876465 kJ/mol at at frame 12161 at lambda (0.9, 0.0)
WARNING! Restraints triggered with energy of 1.031975269317627 kJ/mol at at frame 12163 at lambda (0.9, 0.0)
WARNING! Restraints triggered with energy of 5.767654895782471 kJ/mol at at frame 12164 at lambda (0.9, 0.0)
WARNING! Restraints triggered with energy of 3.7716100215911865 kJ/mol at at frame 12167 at lambda (0.9, 0.0)
WARNING! Restraints triggered with energy of 0.10539963096380234 kJ/mol at at frame 12169 at lambda (0.9, 0.0)
WARNING! Restraints triggered with energy of 0.5465602278709412 kJ/mol at at frame 12170 at lambda (0.9, 0.0)
WARNING! Restraints triggered with energy of 0.04050520062446594 kJ/mol at at frame 12171 at lambda (0.9, 0.0)
WARNING! Restraints triggered with energy of 1.2972370386123657 kJ/mol at at frame 12173 at lambda (0.9, 0.0)
WARNING! Restraints triggered with energy of 2.571300983428955 kJ/mol at at frame 12178 at lambda (0.9, 0.0)
WARNING! Restraints triggered with energy of 0.3245943784713745 kJ/mol at at frame 12181 at lambda (0.9, 0.0)
WARNING! Restraints triggered with energy of 0.3523681163787842 kJ/mol at at frame 12182 at lambda (0.9, 0.0)
WARNING! Restraints triggered with energy of 0.0003128806420136243 kJ/mol at at frame 12183 at lambda (0.9, 0.0)
WARNING! Restraints triggered with energy of 4.231542110443115 kJ/mol at at frame 12185 at lambda (0.9, 0.0)
WARNING! Restraints triggered with energy of 1.5233783721923828 kJ/mol at at frame 12233 at lambda (0.9, 0.0)
WARNING! Restraints triggered with energy of 0.521769106388092 kJ/mol at at frame 12243 at lambda (0.9, 0.0)
WARNING! Restraints triggered with energy of 0.07466035336256027 kJ/mol at at frame 12248 at lambda (0.9, 0.0)
WARNING! Restraints triggered with energy of 0.8168895244598389 kJ/mol at at frame 12256 at lambda (0.9, 0.0)
WARNING! Restraints triggered with energy of 0.04360335320234299 kJ/mol at at frame 12262 at lambda (0.9, 0.0)
WARNING! Restraints triggered with energy of 0.09335385262966156 kJ/mol at at frame 12388 at lambda (0.9, 0.0)
WARNING! Restraints triggered with energy of 0.5276522636413574 kJ/mol at at frame 12391 at lambda (0.9, 0.0)
WARNING! Restraints triggered with energy of 0.08241251111030579 kJ/mol at at frame 12392 at lambda (0.9, 0.0)
WARNING! Restraints triggered with energy of 0.009139482863247395 kJ/mol at at frame 12395 at lambda (0.9, 0.0)
WARNING! Restraints triggered with energy of 7.834101676940918 kJ/mol at at frame 12396 at lambda (0.9, 0.0)
WARNING! Restraints triggered with energy of 0.4174024760723114 kJ/mol at at frame 12397 at lambda (0.9, 0.0)
WARNING! Restraints triggered with energy of 0.6926144361495972 kJ/mol at at frame 12399 at lambda (0.9, 0.0)
WARNING! Restraints triggered with energy of 4.574944972991943 kJ/mol at at frame 12400 at lambda (0.9, 0.0)
WARNING! Restraints triggered with energy of 2.5424883365631104 kJ/mol at at frame 12401 at lambda (0.9, 0.0)
WARNING! Restraints triggered with energy of 0.3877468705177307 kJ/mol at at frame 12404 at lambda (0.9, 0.0)
WARNING! Restraints triggered with energy of 0.022538939490914345 kJ/mol at at frame 12405 at lambda (0.9, 0.0)
WARNING! Restraints triggered with energy of 0.6305199861526489 kJ/mol at at frame 12408 at lambda (0.9, 0.0)
WARNING! Restraints triggered with energy of 0.539919912815094 kJ/mol at at frame 12410 at lambda (0.9, 0.0)
WARNING! Restraints triggered with energy of 0.25468510389328003 kJ/mol at at frame 12427 at lambda (0.9, 0.0)
WARNING! Restraints triggered with energy of 0.18581876158714294 kJ/mol at at frame 12430 at lambda (0.9, 0.0)
WARNING! Restraints triggered with energy of 1.3235716819763184 kJ/mol at at frame 12554 at lambda (0.9, 0.0)
WARNING! Restraints triggered with energy of 0.48762449622154236 kJ/mol at at frame 12563 at lambda (0.9, 0.0)
WARNING! Restraints triggered with energy of 0.41657307744026184 kJ/mol at at frame 12564 at lambda (0.9, 0.0)
WARNING! Restraints triggered with energy of 0.18083718419075012 kJ/mol at at frame 12572 at lambda (0.9, 0.0)
WARNING! Restraints triggered with energy of 0.006939669139683247 kJ/mol at at frame 12575 at lambda (0.9, 0.0)
WARNING! Restraints triggered with energy of 0.6130205988883972 kJ/mol at at frame 12587 at lambda (0.9, 0.0)
WARNING! Restraints triggered with energy of 0.03181142359972 kJ/mol at at frame 12596 at lambda (0.9, 0.0)
WARNING! Restraints triggered with energy of 2.443394422531128 kJ/mol at at frame 12612 at lambda (0.9, 0.0)
WARNING! Restraints triggered with energy of 1.5796518325805664 kJ/mol at at frame 12613 at lambda (0.9, 0.0)
WARNING! Restraints triggered with energy of 0.01751069538295269 kJ/mol at at frame 12623 at lambda (0.9, 0.0)
WARNING! Restraints triggered with energy of 1.4617246389389038 kJ/mol at at frame 12629 at lambda (0.9, 0.0)
WARNING! Restraints triggered with energy of 0.41872137784957886 kJ/mol at at frame 12630 at lambda (0.9, 0.0)
WARNING! Restraints triggered with energy of 0.05034959688782692 kJ/mol at at frame 12631 at lambda (0.9, 0.0)
WARNING! Restraints triggered with energy of 0.09777948260307312 kJ/mol at at frame 12633 at lambda (0.9, 0.0)
WARNING! Restraints triggered with energy of 0.26964452862739563 kJ/mol at at frame 12638 at lambda (0.9, 0.0)
WARNING! Restraints triggered with energy of 0.12669381499290466 kJ/mol at at frame 12647 at lambda (0.9, 0.0)
WARNING! Restraints triggered with energy of 11.31544017791748 kJ/mol at at frame 12649 at lambda (0.9, 0.0)
WARNING! Restraints triggered with energy of 2.8023645877838135 kJ/mol at at frame 12657 at lambda (0.9, 0.0)
WARNING! Restraints triggered with energy of 0.30039873719215393 kJ/mol at at frame 12667 at lambda (0.9, 0.0)
WARNING! Restraints triggered with energy of 3.8230648040771484 kJ/mol at at frame 12668 at lambda (0.9, 0.0)
WARNING! Restraints triggered with energy of 0.003466065274551511 kJ/mol at at frame 12738 at lambda (0.9, 0.0)
WARNING! Restraints triggered with energy of 3.714458465576172 kJ/mol at at frame 12751 at lambda (0.9, 0.0)
WARNING! Restraints triggered with energy of 0.7611468434333801 kJ/mol at at frame 14052 at lambda (0.9, 0.0)
WARNING! Restraints triggered with energy of 0.011483261361718178 kJ/mol at at frame 14071 at lambda (0.9, 0.0)
WARNING! Restraints triggered with energy of 0.883686900138855 kJ/mol at at frame 14149 at lambda (0.9, 0.0)
WARNING! Restraints triggered with energy of 6.754703521728516 kJ/mol at at frame 14152 at lambda (0.9, 0.0)
WARNING! Restraints triggered with energy of 0.0865015760064125 kJ/mol at at frame 14153 at lambda (0.9, 0.0)
WARNING! Restraints triggered with energy of 0.2711668908596039 kJ/mol at at frame 14154 at lambda (0.9, 0.0)
WARNING! Restraints triggered with energy of 0.22112596035003662 kJ/mol at at frame 14158 at lambda (0.9, 0.0)
WARNING! Restraints triggered with energy of 2.8994381427764893 kJ/mol at at frame 14159 at lambda (0.9, 0.0)
WARNING! Restraints triggered with energy of 0.8235951066017151 kJ/mol at at frame 14160 at lambda (0.9, 0.0)
WARNING! Restraints triggered with energy of 0.5654459595680237 kJ/mol at at frame 14163 at lambda (0.9, 0.0)
WARNING! Restraints triggered with energy of 0.22044259309768677 kJ/mol at at frame 14165 at lambda (0.9, 0.0)
WARNING! Restraints triggered with energy of 0.8312922120094299 kJ/mol at at frame 14166 at lambda (0.9, 0.0)
WARNING! Restraints triggered with energy of 0.5520196557044983 kJ/mol at at frame 14171 at lambda (0.9, 0.0)
WARNING! Restraints triggered with energy of 4.081293106079102 kJ/mol at at frame 14175 at lambda (0.9, 0.0)
WARNING! Restraints triggered with energy of 1.405663013458252 kJ/mol at at frame 14176 at lambda (0.9, 0.0)
WARNING! Restraints triggered with energy of 1.630331039428711 kJ/mol at at frame 14177 at lambda (0.9, 0.0)
WARNING! Restraints triggered with energy of 2.7052035331726074 kJ/mol at at frame 14179 at lambda (0.9, 0.0)
WARNING! Restraints triggered with energy of 0.1182735487818718 kJ/mol at at frame 14180 at lambda (0.9, 0.0)
WARNING! Restraints triggered with energy of 0.3035644292831421 kJ/mol at at frame 14185 at lambda (0.9, 0.0)
WARNING! Restraints triggered with energy of 1.537749171257019 kJ/mol at at frame 14190 at lambda (0.9, 0.0)
WARNING! Restraints triggered with energy of 2.2863073348999023 kJ/mol at at frame 14198 at lambda (0.9, 0.0)
WARNING! Restraints triggered with energy of 0.9902511239051819 kJ/mol at at frame 14199 at lambda (0.9, 0.0)
WARNING! Restraints triggered with energy of 3.1867706775665283 kJ/mol at at frame 14200 at lambda (0.9, 0.0)
WARNING! Restraints triggered with energy of 0.8305002450942993 kJ/mol at at frame 14204 at lambda (0.9, 0.0)
WARNING! Restraints triggered with energy of 8.01942253112793 kJ/mol at at frame 14215 at lambda (0.9, 0.0)
WARNING! Restraints triggered with energy of 0.039620570838451385 kJ/mol at at frame 14216 at lambda (0.9, 0.0)
WARNING! Restraints triggered with energy of 0.23266811668872833 kJ/mol at at frame 14278 at lambda (0.9, 0.0)
WARNING! Restraints triggered with energy of 0.07315076142549515 kJ/mol at at frame 14554 at lambda (0.9, 0.0)
WARNING! Restraints triggered with energy of 0.0017463434487581253 kJ/mol at at frame 14571 at lambda (0.9, 0.0)
WARNING! Restraints triggered with energy of 7.027591705322266 kJ/mol at at frame 14660 at lambda (0.9, 0.0)
WARNING! Restraints triggered with energy of 1.0975112915039062 kJ/mol at at frame 14715 at lambda (0.9, 0.0)
WARNING! Restraints triggered with energy of 0.0003697078500408679 kJ/mol at at frame 14817 at lambda (0.9, 0.0)
WARNING! Restraints triggered with energy of 0.05538589879870415 kJ/mol at at frame 14822 at lambda (0.9, 0.0)
Forward Free energy difference: -0.4140245307727053  0.07339409604204308 kJ/mol
Reverse Free energy difference: -6.56253530966756  0.4279399814182583 kJ/mol
BAR Free energy difference from first half of samples: 1.4009783608722741  0.020185366785569613 kJ/mol
BAR Free energy difference from second half of samples: 2.702202992978486  0.01777816591673828 kJ/mol
Total BAR Free energy difference: 1.080153234929978  0.2458298388223365 kJ/mol with estimated overlap of 0.3588078865004911
