 Evaluating /Dedicated/schnieders/programs/stack-2021.1.sh
  Loading Modules
   Stack 2021.1
   GCC 9.3.0
   CMake 3.20.0
   Eigen 3.3.9
   Cuda 11.1.1
   Cuda: /usr/share/apps/2021.1/arch/gcc-9.3.0/cuda-11.1.1
   CudaNN 7.6.5.32-10.2
  Loading software from /Dedicated/schnieders/programs
   Ant: /Dedicated/schnieders/programs/apache-ant-1.10.11
   FFX: ~/programs/forcefieldx
   GDMA: /Dedicated/schnieders/programs/gdma-2.3
   Groovy: /Dedicated/schnieders/programs/groovy-4.0.1
   Java: /Dedicated/schnieders/programs/jdk-21
   Maven: /Dedicated/schnieders/programs/apache-maven-3.9.5
   OpenMM CUDA Compiler: /usr/share/apps/2021.1/arch/gcc-9.3.0/cuda-11.1.1/bin/nvcc
Warning on use of the timeseries module: If the inherent timescales of the system are long compared to those being analyzed, this statistical inefficiency may be an underestimate.  The estimate presumes the use of many statistically independent samples.  Tests should be performed to assess whether this condition is satisfied.   Be cautious in the interpretation of the data.

****** PyMBAR will use 64-bit JAX! *******
* JAX is currently set to 32-bit bitsize *
* which is its default.                  *
*                                        *
* PyMBAR requires 64-bit mode and WILL   *
* enable JAX's 64-bit mode when called.  *
*                                        *
* This MAY cause problems with other     *
* Uses of JAX in the same code.          *
******************************************


******* JAX 64-bit mode is now on! *******
*     JAX is now set to 64-bit mode!     *
*   This MAY cause problems with other   *
*      uses of JAX in the same code.     *
******************************************

An NVIDIA GPU may be present on this machine, but a CUDA-enabled jaxlib is not installed. Falling back to cpu.
Adding Restraint with parameters:  [(0, 1), (6275.999999999999, 0.0, 1.0)]
Using PBC Conditions on Restraint?  True
Force dictionary: {'AmoebaBond': 0, 'PeriodicTorsionForce': 1, 'AmoebaVdwForce': 2, 'AmoebaMultipoleForce': 3, 'HarmonicBondForce': 4, 'CMMotionRemover': 5, 'AmoebaOutOfPlaneBend': 6, 'AmoebaAngle': 7, 'AmoebaInPlaneAngle': 8, 'AmoebaStretchBend': 9, 'CustomCentroidBondForce': 10}
Evaluating Free Energy using BAR between (vdw, elec): (0.95, 0.0) and (1.0, 0.0)
WARNING! Restraints triggered with energy of 0.7865173816680908 kJ/mol at at frame 691 at lambda (0.95, 0.0)
WARNING! Restraints triggered with energy of 0.23547351360321045 kJ/mol at at frame 711 at lambda (0.95, 0.0)
WARNING! Restraints triggered with energy of 0.3105137050151825 kJ/mol at at frame 749 at lambda (0.95, 0.0)
WARNING! Restraints triggered with energy of 0.2199285328388214 kJ/mol at at frame 751 at lambda (0.95, 0.0)
WARNING! Restraints triggered with energy of 0.06480582058429718 kJ/mol at at frame 753 at lambda (0.95, 0.0)
WARNING! Restraints triggered with energy of 0.21895527839660645 kJ/mol at at frame 756 at lambda (0.95, 0.0)
WARNING! Restraints triggered with energy of 0.22608284652233124 kJ/mol at at frame 757 at lambda (0.95, 0.0)
WARNING! Restraints triggered with energy of 2.864807605743408 kJ/mol at at frame 801 at lambda (0.95, 0.0)
WARNING! Restraints triggered with energy of 0.9953135848045349 kJ/mol at at frame 805 at lambda (0.95, 0.0)
WARNING! Restraints triggered with energy of 0.5915616154670715 kJ/mol at at frame 808 at lambda (0.95, 0.0)
WARNING! Restraints triggered with energy of 2.8118581771850586 kJ/mol at at frame 1254 at lambda (0.95, 0.0)
WARNING! Restraints triggered with energy of 0.029949605464935303 kJ/mol at at frame 1293 at lambda (0.95, 0.0)
WARNING! Restraints triggered with energy of 0.44668513536453247 kJ/mol at at frame 1295 at lambda (0.95, 0.0)
WARNING! Restraints triggered with energy of 2.922027349472046 kJ/mol at at frame 1297 at lambda (0.95, 0.0)
WARNING! Restraints triggered with energy of 0.0035095682833343744 kJ/mol at at frame 1299 at lambda (0.95, 0.0)
WARNING! Restraints triggered with energy of 1.1064534187316895 kJ/mol at at frame 1323 at lambda (0.95, 0.0)
WARNING! Restraints triggered with energy of 0.03465137258172035 kJ/mol at at frame 1324 at lambda (0.95, 0.0)
WARNING! Restraints triggered with energy of 1.3319509029388428 kJ/mol at at frame 1326 at lambda (0.95, 0.0)
WARNING! Restraints triggered with energy of 0.022482262924313545 kJ/mol at at frame 1348 at lambda (0.95, 0.0)
WARNING! Restraints triggered with energy of 0.42813581228256226 kJ/mol at at frame 1813 at lambda (0.95, 0.0)
WARNING! Restraints triggered with energy of 0.15106694400310516 kJ/mol at at frame 2586 at lambda (0.95, 0.0)
WARNING! Restraints triggered with energy of 0.0009184225928038359 kJ/mol at at frame 2588 at lambda (0.95, 0.0)
WARNING! Restraints triggered with energy of 1.3285741806030273 kJ/mol at at frame 2594 at lambda (0.95, 0.0)
WARNING! Restraints triggered with energy of 0.07015279680490494 kJ/mol at at frame 2595 at lambda (0.95, 0.0)
WARNING! Restraints triggered with energy of 0.1974593698978424 kJ/mol at at frame 2597 at lambda (0.95, 0.0)
WARNING! Restraints triggered with energy of 0.37608635425567627 kJ/mol at at frame 3364 at lambda (0.95, 0.0)
WARNING! Restraints triggered with energy of 2.6389472484588623 kJ/mol at at frame 5214 at lambda (0.95, 0.0)
WARNING! Restraints triggered with energy of 0.44845420122146606 kJ/mol at at frame 8763 at lambda (0.95, 0.0)
WARNING! Restraints triggered with energy of 9.8329022875987e-05 kJ/mol at at frame 8772 at lambda (0.95, 0.0)
WARNING! Restraints triggered with energy of 0.4527395963668823 kJ/mol at at frame 8773 at lambda (0.95, 0.0)
WARNING! Restraints triggered with energy of 0.4959160089492798 kJ/mol at at frame 8775 at lambda (0.95, 0.0)
WARNING! Restraints triggered with energy of 3.127436876296997 kJ/mol at at frame 8776 at lambda (0.95, 0.0)
WARNING! Restraints triggered with energy of 0.31955641508102417 kJ/mol at at frame 8779 at lambda (0.95, 0.0)
WARNING! Restraints triggered with energy of 0.23518945276737213 kJ/mol at at frame 8786 at lambda (0.95, 0.0)
WARNING! Restraints triggered with energy of 0.027523161843419075 kJ/mol at at frame 8789 at lambda (0.95, 0.0)
WARNING! Restraints triggered with energy of 2.5959227085113525 kJ/mol at at frame 8795 at lambda (0.95, 0.0)
WARNING! Restraints triggered with energy of 0.02258717082440853 kJ/mol at at frame 8802 at lambda (0.95, 0.0)
WARNING! Restraints triggered with energy of 0.04347329959273338 kJ/mol at at frame 8803 at lambda (0.95, 0.0)
WARNING! Restraints triggered with energy of 0.058089617639780045 kJ/mol at at frame 8806 at lambda (0.95, 0.0)
WARNING! Restraints triggered with energy of 0.11360468715429306 kJ/mol at at frame 8808 at lambda (0.95, 0.0)
WARNING! Restraints triggered with energy of 0.006739730015397072 kJ/mol at at frame 8812 at lambda (0.95, 0.0)
WARNING! Restraints triggered with energy of 1.5494824647903442 kJ/mol at at frame 8817 at lambda (0.95, 0.0)
WARNING! Restraints triggered with energy of 0.00014612451195716858 kJ/mol at at frame 8819 at lambda (0.95, 0.0)
WARNING! Restraints triggered with energy of 0.5941211581230164 kJ/mol at at frame 8820 at lambda (0.95, 0.0)
WARNING! Restraints triggered with energy of 2.6426918506622314 kJ/mol at at frame 8831 at lambda (0.95, 0.0)
WARNING! Restraints triggered with energy of 1.5939749479293823 kJ/mol at at frame 8832 at lambda (0.95, 0.0)
WARNING! Restraints triggered with energy of 1.2585068941116333 kJ/mol at at frame 8883 at lambda (0.95, 0.0)
WARNING! Restraints triggered with energy of 0.013324740342795849 kJ/mol at at frame 8887 at lambda (0.95, 0.0)
WARNING! Restraints triggered with energy of 3.704200029373169 kJ/mol at at frame 8889 at lambda (0.95, 0.0)
WARNING! Restraints triggered with energy of 0.0006774255307391286 kJ/mol at at frame 8895 at lambda (0.95, 0.0)
WARNING! Restraints triggered with energy of 0.2068769931793213 kJ/mol at at frame 8896 at lambda (0.95, 0.0)
WARNING! Restraints triggered with energy of 1.1314475536346436 kJ/mol at at frame 8900 at lambda (0.95, 0.0)
WARNING! Restraints triggered with energy of 3.28530216217041 kJ/mol at at frame 8918 at lambda (0.95, 0.0)
WARNING! Restraints triggered with energy of 0.8124911189079285 kJ/mol at at frame 8920 at lambda (0.95, 0.0)
WARNING! Restraints triggered with energy of 3.2583460807800293 kJ/mol at at frame 8922 at lambda (0.95, 0.0)
WARNING! Restraints triggered with energy of 1.1240662336349487 kJ/mol at at frame 8924 at lambda (0.95, 0.0)
WARNING! Restraints triggered with energy of 3.5884647369384766 kJ/mol at at frame 8926 at lambda (0.95, 0.0)
WARNING! Restraints triggered with energy of 7.266218662261963 kJ/mol at at frame 8928 at lambda (0.95, 0.0)
WARNING! Restraints triggered with energy of 0.14529427886009216 kJ/mol at at frame 8936 at lambda (0.95, 0.0)
WARNING! Restraints triggered with energy of 4.2633056640625 kJ/mol at at frame 8937 at lambda (0.95, 0.0)
WARNING! Restraints triggered with energy of 2.46535062789917 kJ/mol at at frame 8955 at lambda (0.95, 0.0)
WARNING! Restraints triggered with energy of 0.05635916814208031 kJ/mol at at frame 8966 at lambda (0.95, 0.0)
WARNING! Restraints triggered with energy of 1.089157223701477 kJ/mol at at frame 8970 at lambda (0.95, 0.0)
WARNING! Restraints triggered with energy of 0.09079205989837646 kJ/mol at at frame 8993 at lambda (0.95, 0.0)
WARNING! Restraints triggered with energy of 4.410290718078613 kJ/mol at at frame 8996 at lambda (0.95, 0.0)
WARNING! Restraints triggered with energy of 0.3858673572540283 kJ/mol at at frame 8997 at lambda (0.95, 0.0)
WARNING! Restraints triggered with energy of 0.012954521924257278 kJ/mol at at frame 9136 at lambda (0.95, 0.0)
WARNING! Restraints triggered with energy of 0.17163221538066864 kJ/mol at at frame 9142 at lambda (0.95, 0.0)
WARNING! Restraints triggered with energy of 0.4319259226322174 kJ/mol at at frame 9148 at lambda (0.95, 0.0)
WARNING! Restraints triggered with energy of 1.9859524965286255 kJ/mol at at frame 9151 at lambda (0.95, 0.0)
WARNING! Restraints triggered with energy of 1.7630620002746582 kJ/mol at at frame 9198 at lambda (0.95, 0.0)
WARNING! Restraints triggered with energy of 1.0169872045516968 kJ/mol at at frame 9206 at lambda (0.95, 0.0)
WARNING! Restraints triggered with energy of 0.2330053448677063 kJ/mol at at frame 9211 at lambda (0.95, 0.0)
WARNING! Restraints triggered with energy of 0.5022943019866943 kJ/mol at at frame 9229 at lambda (0.95, 0.0)
WARNING! Restraints triggered with energy of 0.08538860082626343 kJ/mol at at frame 9230 at lambda (0.95, 0.0)
WARNING! Restraints triggered with energy of 1.0553033351898193 kJ/mol at at frame 9240 at lambda (0.95, 0.0)
WARNING! Restraints triggered with energy of 2.467782974243164 kJ/mol at at frame 9241 at lambda (0.95, 0.0)
WARNING! Restraints triggered with energy of 0.3981897532939911 kJ/mol at at frame 9245 at lambda (0.95, 0.0)
WARNING! Restraints triggered with energy of 2.18330979347229 kJ/mol at at frame 9246 at lambda (0.95, 0.0)
WARNING! Restraints triggered with energy of 0.37973225116729736 kJ/mol at at frame 9247 at lambda (0.95, 0.0)
WARNING! Restraints triggered with energy of 1.6045563220977783 kJ/mol at at frame 9248 at lambda (0.95, 0.0)
WARNING! Restraints triggered with energy of 0.4149532914161682 kJ/mol at at frame 9250 at lambda (0.95, 0.0)
WARNING! Restraints triggered with energy of 4.311448574066162 kJ/mol at at frame 9251 at lambda (0.95, 0.0)
WARNING! Restraints triggered with energy of 0.19248050451278687 kJ/mol at at frame 9254 at lambda (0.95, 0.0)
WARNING! Restraints triggered with energy of 0.18397514522075653 kJ/mol at at frame 9257 at lambda (0.95, 0.0)
WARNING! Restraints triggered with energy of 0.367941677570343 kJ/mol at at frame 9259 at lambda (0.95, 0.0)
WARNING! Restraints triggered with energy of 0.10466507077217102 kJ/mol at at frame 9260 at lambda (0.95, 0.0)
WARNING! Restraints triggered with energy of 0.16744820773601532 kJ/mol at at frame 9542 at lambda (0.95, 0.0)
WARNING! Restraints triggered with energy of 0.2055475264787674 kJ/mol at at frame 9571 at lambda (0.95, 0.0)
WARNING! Restraints triggered with energy of 8.313960075378418 kJ/mol at at frame 9572 at lambda (0.95, 0.0)
WARNING! Restraints triggered with energy of 0.2940453886985779 kJ/mol at at frame 9576 at lambda (0.95, 0.0)
WARNING! Restraints triggered with energy of 0.7022204399108887 kJ/mol at at frame 9577 at lambda (0.95, 0.0)
WARNING! Restraints triggered with energy of 0.08158499747514725 kJ/mol at at frame 9581 at lambda (0.95, 0.0)
WARNING! Restraints triggered with energy of 0.6103172898292542 kJ/mol at at frame 9587 at lambda (0.95, 0.0)
WARNING! Restraints triggered with energy of 2.162428379058838 kJ/mol at at frame 9636 at lambda (0.95, 0.0)
WARNING! Restraints triggered with energy of 0.9221463203430176 kJ/mol at at frame 9639 at lambda (0.95, 0.0)
WARNING! Restraints triggered with energy of 0.0021405136212706566 kJ/mol at at frame 9646 at lambda (0.95, 0.0)
WARNING! Restraints triggered with energy of 4.004578590393066 kJ/mol at at frame 9648 at lambda (0.95, 0.0)
WARNING! Restraints triggered with energy of 0.328241765499115 kJ/mol at at frame 9655 at lambda (0.95, 0.0)
WARNING! Restraints triggered with energy of 3.168353796005249 kJ/mol at at frame 9660 at lambda (0.95, 0.0)
WARNING! Restraints triggered with energy of 3.0926952362060547 kJ/mol at at frame 9661 at lambda (0.95, 0.0)
WARNING! Restraints triggered with energy of 0.6950372457504272 kJ/mol at at frame 9665 at lambda (0.95, 0.0)
WARNING! Restraints triggered with energy of 1.2316988706588745 kJ/mol at at frame 9671 at lambda (0.95, 0.0)
WARNING! Restraints triggered with energy of 0.7003539800643921 kJ/mol at at frame 9672 at lambda (0.95, 0.0)
WARNING! Restraints triggered with energy of 2.529494285583496 kJ/mol at at frame 9673 at lambda (0.95, 0.0)
WARNING! Restraints triggered with energy of 4.564446926116943 kJ/mol at at frame 9687 at lambda (0.95, 0.0)
WARNING! Restraints triggered with energy of 0.01535220630466938 kJ/mol at at frame 9694 at lambda (0.95, 0.0)
WARNING! Restraints triggered with energy of 0.5310465693473816 kJ/mol at at frame 9698 at lambda (0.95, 0.0)
WARNING! Restraints triggered with energy of 0.38792333006858826 kJ/mol at at frame 9700 at lambda (0.95, 0.0)
WARNING! Restraints triggered with energy of 5.716104507446289 kJ/mol at at frame 9702 at lambda (0.95, 0.0)
WARNING! Restraints triggered with energy of 4.15846586227417 kJ/mol at at frame 9714 at lambda (0.95, 0.0)
WARNING! Restraints triggered with energy of 0.0033546641934663057 kJ/mol at at frame 9717 at lambda (0.95, 0.0)
WARNING! Restraints triggered with energy of 4.486897945404053 kJ/mol at at frame 9720 at lambda (0.95, 0.0)
WARNING! Restraints triggered with energy of 0.6228793263435364 kJ/mol at at frame 9730 at lambda (0.95, 0.0)
WARNING! Restraints triggered with energy of 1.2643406391143799 kJ/mol at at frame 9738 at lambda (0.95, 0.0)
WARNING! Restraints triggered with energy of 0.7093132734298706 kJ/mol at at frame 9739 at lambda (0.95, 0.0)
WARNING! Restraints triggered with energy of 1.0764213800430298 kJ/mol at at frame 9740 at lambda (0.95, 0.0)
WARNING! Restraints triggered with energy of 0.6025804877281189 kJ/mol at at frame 9741 at lambda (0.95, 0.0)
WARNING! Restraints triggered with energy of 3.975188732147217 kJ/mol at at frame 9742 at lambda (0.95, 0.0)
WARNING! Restraints triggered with energy of 2.054731607437134 kJ/mol at at frame 9743 at lambda (0.95, 0.0)
WARNING! Restraints triggered with energy of 0.65938401222229 kJ/mol at at frame 9744 at lambda (0.95, 0.0)
WARNING! Restraints triggered with energy of 3.7028915882110596 kJ/mol at at frame 9745 at lambda (0.95, 0.0)
WARNING! Restraints triggered with energy of 0.23338842391967773 kJ/mol at at frame 9747 at lambda (0.95, 0.0)
WARNING! Restraints triggered with energy of 0.6472927927970886 kJ/mol at at frame 9748 at lambda (0.95, 0.0)
WARNING! Restraints triggered with energy of 0.6898977160453796 kJ/mol at at frame 9751 at lambda (0.95, 0.0)
WARNING! Restraints triggered with energy of 0.030441919341683388 kJ/mol at at frame 9792 at lambda (0.95, 0.0)
WARNING! Restraints triggered with energy of 0.3859729766845703 kJ/mol at at frame 9795 at lambda (0.95, 0.0)
WARNING! Restraints triggered with energy of 5.7386155128479 kJ/mol at at frame 9805 at lambda (0.95, 0.0)
WARNING! Restraints triggered with energy of 3.394618511199951 kJ/mol at at frame 9806 at lambda (0.95, 0.0)
WARNING! Restraints triggered with energy of 0.31557562947273254 kJ/mol at at frame 9817 at lambda (0.95, 0.0)
WARNING! Restraints triggered with energy of 0.07728936523199081 kJ/mol at at frame 9820 at lambda (0.95, 0.0)
WARNING! Restraints triggered with energy of 4.759454250335693 kJ/mol at at frame 9821 at lambda (0.95, 0.0)
WARNING! Restraints triggered with energy of 1.7245521545410156 kJ/mol at at frame 9822 at lambda (0.95, 0.0)
WARNING! Restraints triggered with energy of 0.9334076642990112 kJ/mol at at frame 9823 at lambda (0.95, 0.0)
WARNING! Restraints triggered with energy of 3.5942275524139404 kJ/mol at at frame 9834 at lambda (0.95, 0.0)
WARNING! Restraints triggered with energy of 0.7343459129333496 kJ/mol at at frame 9835 at lambda (0.95, 0.0)
WARNING! Restraints triggered with energy of 0.8986822962760925 kJ/mol at at frame 9836 at lambda (0.95, 0.0)
WARNING! Restraints triggered with energy of 0.8208890557289124 kJ/mol at at frame 9839 at lambda (0.95, 0.0)
WARNING! Restraints triggered with energy of 0.17362549901008606 kJ/mol at at frame 9868 at lambda (0.95, 0.0)
WARNING! Restraints triggered with energy of 0.06826464831829071 kJ/mol at at frame 9882 at lambda (0.95, 0.0)
WARNING! Restraints triggered with energy of 0.8508135080337524 kJ/mol at at frame 9886 at lambda (0.95, 0.0)
WARNING! Restraints triggered with energy of 0.4298553764820099 kJ/mol at at frame 9887 at lambda (0.95, 0.0)
WARNING! Restraints triggered with energy of 4.380077838897705 kJ/mol at at frame 9890 at lambda (0.95, 0.0)
WARNING! Restraints triggered with energy of 1.0865567922592163 kJ/mol at at frame 9901 at lambda (0.95, 0.0)
WARNING! Restraints triggered with energy of 0.6586326956748962 kJ/mol at at frame 9902 at lambda (0.95, 0.0)
WARNING! Restraints triggered with energy of 2.707782745361328 kJ/mol at at frame 9915 at lambda (0.95, 0.0)
WARNING! Restraints triggered with energy of 0.00434524193406105 kJ/mol at at frame 12731 at lambda (0.95, 0.0)
WARNING! Restraints triggered with energy of 1.9959198236465454 kJ/mol at at frame 12734 at lambda (0.95, 0.0)
WARNING! Restraints triggered with energy of 0.0046196188777685165 kJ/mol at at frame 12735 at lambda (0.95, 0.0)
WARNING! Restraints triggered with energy of 0.25859859585762024 kJ/mol at at frame 12802 at lambda (0.95, 0.0)
WARNING! Restraints triggered with energy of 0.44902360439300537 kJ/mol at at frame 12803 at lambda (0.95, 0.0)
WARNING! Restraints triggered with energy of 0.7334398031234741 kJ/mol at at frame 12806 at lambda (0.95, 0.0)
WARNING! Restraints triggered with energy of 0.5788467526435852 kJ/mol at at frame 12811 at lambda (0.95, 0.0)
WARNING! Restraints triggered with energy of 1.0623583793640137 kJ/mol at at frame 12814 at lambda (0.95, 0.0)
WARNING! Restraints triggered with energy of 1.413399338722229 kJ/mol at at frame 12910 at lambda (0.95, 0.0)
WARNING! Restraints triggered with energy of 5.874241828918457 kJ/mol at at frame 12926 at lambda (0.95, 0.0)
WARNING! Restraints triggered with energy of 0.5602879524230957 kJ/mol at at frame 12937 at lambda (0.95, 0.0)
WARNING! Restraints triggered with energy of 0.5446210503578186 kJ/mol at at frame 12938 at lambda (0.95, 0.0)
WARNING! Restraints triggered with energy of 0.3817484974861145 kJ/mol at at frame 12984 at lambda (0.95, 0.0)
WARNING! Restraints triggered with energy of 0.006252666935324669 kJ/mol at at frame 13004 at lambda (0.95, 0.0)
WARNING! Restraints triggered with energy of 1.9075288772583008 kJ/mol at at frame 13007 at lambda (0.95, 0.0)
WARNING! Restraints triggered with energy of 0.7685636281967163 kJ/mol at at frame 13008 at lambda (0.95, 0.0)
WARNING! Restraints triggered with energy of 3.918752431869507 kJ/mol at at frame 13013 at lambda (0.95, 0.0)
WARNING! Restraints triggered with energy of 0.08221201598644257 kJ/mol at at frame 13014 at lambda (0.95, 0.0)
WARNING! Restraints triggered with energy of 0.2943527400493622 kJ/mol at at frame 13064 at lambda (0.95, 0.0)
WARNING! Restraints triggered with energy of 0.8394231200218201 kJ/mol at at frame 13095 at lambda (0.95, 0.0)
WARNING! Restraints triggered with energy of 2.046239137649536 kJ/mol at at frame 13139 at lambda (0.95, 0.0)
WARNING! Restraints triggered with energy of 2.6819236278533936 kJ/mol at at frame 13145 at lambda (0.95, 0.0)
WARNING! Restraints triggered with energy of 0.2775081396102905 kJ/mol at at frame 13146 at lambda (0.95, 0.0)
WARNING! Restraints triggered with energy of 0.9864955544471741 kJ/mol at at frame 13173 at lambda (0.95, 0.0)
WARNING! Restraints triggered with energy of 0.19925957918167114 kJ/mol at at frame 13179 at lambda (0.95, 0.0)
WARNING! Restraints triggered with energy of 0.01641129143536091 kJ/mol at at frame 13206 at lambda (0.95, 0.0)
WARNING! Restraints triggered with energy of 1.0168348550796509 kJ/mol at at frame 13207 at lambda (0.95, 0.0)
WARNING! Restraints triggered with energy of 0.48190397024154663 kJ/mol at at frame 13212 at lambda (0.95, 0.0)
WARNING! Restraints triggered with energy of 0.5357919335365295 kJ/mol at at frame 13220 at lambda (0.95, 0.0)
WARNING! Restraints triggered with energy of 6.43915319442749 kJ/mol at at frame 13224 at lambda (0.95, 0.0)
WARNING! Restraints triggered with energy of 0.034423213452100754 kJ/mol at at frame 13229 at lambda (0.95, 0.0)
WARNING! Restraints triggered with energy of 1.3401377201080322 kJ/mol at at frame 13230 at lambda (0.95, 0.0)
WARNING! Restraints triggered with energy of 1.419873833656311 kJ/mol at at frame 13231 at lambda (0.95, 0.0)
WARNING! Restraints triggered with energy of 4.226104259490967 kJ/mol at at frame 13245 at lambda (0.95, 0.0)
WARNING! Restraints triggered with energy of 1.1524993181228638 kJ/mol at at frame 13246 at lambda (0.95, 0.0)
WARNING! Restraints triggered with energy of 0.045199256390333176 kJ/mol at at frame 13252 at lambda (0.95, 0.0)
WARNING! Restraints triggered with energy of 1.9836373329162598 kJ/mol at at frame 13260 at lambda (0.95, 0.0)
WARNING! Restraints triggered with energy of 2.1551573276519775 kJ/mol at at frame 13264 at lambda (0.95, 0.0)
WARNING! Restraints triggered with energy of 0.7661975622177124 kJ/mol at at frame 13269 at lambda (0.95, 0.0)
WARNING! Restraints triggered with energy of 0.16526804864406586 kJ/mol at at frame 13275 at lambda (0.95, 0.0)
WARNING! Restraints triggered with energy of 1.2111377716064453 kJ/mol at at frame 13287 at lambda (0.95, 0.0)
WARNING! Restraints triggered with energy of 1.5052953958511353 kJ/mol at at frame 13288 at lambda (0.95, 0.0)
WARNING! Restraints triggered with energy of 3.252007484436035 kJ/mol at at frame 13290 at lambda (0.95, 0.0)
WARNING! Restraints triggered with energy of 0.043559979647397995 kJ/mol at at frame 13291 at lambda (0.95, 0.0)
WARNING! Restraints triggered with energy of 1.1620289087295532 kJ/mol at at frame 13294 at lambda (0.95, 0.0)
WARNING! Restraints triggered with energy of 0.12458493560552597 kJ/mol at at frame 13295 at lambda (0.95, 0.0)
WARNING! Restraints triggered with energy of 2.1212968826293945 kJ/mol at at frame 13318 at lambda (0.95, 0.0)
WARNING! Restraints triggered with energy of 0.07330409437417984 kJ/mol at at frame 13319 at lambda (0.95, 0.0)
WARNING! Restraints triggered with energy of 1.511094331741333 kJ/mol at at frame 13322 at lambda (0.95, 0.0)
WARNING! Restraints triggered with energy of 0.03754682093858719 kJ/mol at at frame 13384 at lambda (0.95, 0.0)
WARNING! Restraints triggered with energy of 0.6719896793365479 kJ/mol at at frame 13385 at lambda (0.95, 0.0)
WARNING! Restraints triggered with energy of 0.017361052334308624 kJ/mol at at frame 13599 at lambda (0.95, 0.0)
WARNING! Restraints triggered with energy of 0.39286813139915466 kJ/mol at at frame 13633 at lambda (0.95, 0.0)
WARNING! Restraints triggered with energy of 0.6914359927177429 kJ/mol at at frame 13655 at lambda (0.95, 0.0)
WARNING! Restraints triggered with energy of 1.6407660245895386 kJ/mol at at frame 13656 at lambda (0.95, 0.0)
WARNING! Restraints triggered with energy of 0.736208438873291 kJ/mol at at frame 13665 at lambda (0.95, 0.0)
WARNING! Restraints triggered with energy of 0.7196747064590454 kJ/mol at at frame 13669 at lambda (0.95, 0.0)
WARNING! Restraints triggered with energy of 0.021871907636523247 kJ/mol at at frame 13670 at lambda (0.95, 0.0)
WARNING! Restraints triggered with energy of 0.8358793258666992 kJ/mol at at frame 13671 at lambda (0.95, 0.0)
WARNING! Restraints triggered with energy of 1.4650377035140991 kJ/mol at at frame 13678 at lambda (0.95, 0.0)
WARNING! Restraints triggered with energy of 0.020069822669029236 kJ/mol at at frame 13679 at lambda (0.95, 0.0)
WARNING! Restraints triggered with energy of 0.5662984848022461 kJ/mol at at frame 13681 at lambda (0.95, 0.0)
WARNING! Restraints triggered with energy of 0.05336439236998558 kJ/mol at at frame 13710 at lambda (0.95, 0.0)
WARNING! Restraints triggered with energy of 0.9750851988792419 kJ/mol at at frame 13715 at lambda (0.95, 0.0)
WARNING! Restraints triggered with energy of 0.3321489989757538 kJ/mol at at frame 13722 at lambda (0.95, 0.0)
WARNING! Restraints triggered with energy of 0.08825467526912689 kJ/mol at at frame 13766 at lambda (0.95, 0.0)
WARNING! Restraints triggered with energy of 0.8897518515586853 kJ/mol at at frame 13770 at lambda (0.95, 0.0)
WARNING! Restraints triggered with energy of 2.3363285064697266 kJ/mol at at frame 13806 at lambda (0.95, 0.0)
WARNING! Restraints triggered with energy of 0.5239270329475403 kJ/mol at at frame 13809 at lambda (0.95, 0.0)
WARNING! Restraints triggered with energy of 0.2717573344707489 kJ/mol at at frame 13837 at lambda (0.95, 0.0)
WARNING! Restraints triggered with energy of 3.245335102081299 kJ/mol at at frame 13846 at lambda (0.95, 0.0)
WARNING! Restraints triggered with energy of 0.5443980097770691 kJ/mol at at frame 13864 at lambda (0.95, 0.0)
WARNING! Restraints triggered with energy of 0.43448686599731445 kJ/mol at at frame 13884 at lambda (0.95, 0.0)
WARNING! Restraints triggered with energy of 0.4942680299282074 kJ/mol at at frame 13885 at lambda (0.95, 0.0)
WARNING! Restraints triggered with energy of 0.5940775275230408 kJ/mol at at frame 13886 at lambda (0.95, 0.0)
WARNING! Restraints triggered with energy of 1.7068877220153809 kJ/mol at at frame 13887 at lambda (0.95, 0.0)
WARNING! Restraints triggered with energy of 3.5795257091522217 kJ/mol at at frame 13888 at lambda (0.95, 0.0)
WARNING! Restraints triggered with energy of 0.024849627166986465 kJ/mol at at frame 13892 at lambda (0.95, 0.0)
WARNING! Restraints triggered with energy of 0.01854272000491619 kJ/mol at at frame 13897 at lambda (0.95, 0.0)
WARNING! Restraints triggered with energy of 3.799870729446411 kJ/mol at at frame 13900 at lambda (0.95, 0.0)
WARNING! Restraints triggered with energy of 1.3725168704986572 kJ/mol at at frame 13918 at lambda (0.95, 0.0)
WARNING! Restraints triggered with energy of 1.8569992780685425 kJ/mol at at frame 13919 at lambda (0.95, 0.0)
WARNING! Restraints triggered with energy of 0.33223608136177063 kJ/mol at at frame 13921 at lambda (0.95, 0.0)
WARNING! Restraints triggered with energy of 1.1638009548187256 kJ/mol at at frame 13923 at lambda (0.95, 0.0)
WARNING! Restraints triggered with energy of 0.01204661000519991 kJ/mol at at frame 13924 at lambda (0.95, 0.0)
WARNING! Restraints triggered with energy of 1.533419132232666 kJ/mol at at frame 13926 at lambda (0.95, 0.0)
WARNING! Restraints triggered with energy of 5.7365643442608416e-05 kJ/mol at at frame 13934 at lambda (0.95, 0.0)
WARNING! Restraints triggered with energy of 0.39048030972480774 kJ/mol at at frame 13939 at lambda (0.95, 0.0)
WARNING! Restraints triggered with energy of 5.311249256134033 kJ/mol at at frame 13940 at lambda (0.95, 0.0)
WARNING! Restraints triggered with energy of 0.8123888969421387 kJ/mol at at frame 13943 at lambda (0.95, 0.0)
WARNING! Restraints triggered with energy of 0.661548376083374 kJ/mol at at frame 13944 at lambda (0.95, 0.0)
WARNING! Restraints triggered with energy of 3.124798536300659 kJ/mol at at frame 13945 at lambda (0.95, 0.0)
WARNING! Restraints triggered with energy of 3.212583303451538 kJ/mol at at frame 13951 at lambda (0.95, 0.0)
WARNING! Restraints triggered with energy of 1.3122313022613525 kJ/mol at at frame 13952 at lambda (0.95, 0.0)
WARNING! Restraints triggered with energy of 1.3441640138626099 kJ/mol at at frame 13953 at lambda (0.95, 0.0)
WARNING! Restraints triggered with energy of 0.00941417459398508 kJ/mol at at frame 13954 at lambda (0.95, 0.0)
WARNING! Restraints triggered with energy of 0.6375133395195007 kJ/mol at at frame 13960 at lambda (0.95, 0.0)
WARNING! Restraints triggered with energy of 1.1811645030975342 kJ/mol at at frame 13970 at lambda (0.95, 0.0)
WARNING! Restraints triggered with energy of 0.0180318895727396 kJ/mol at at frame 13971 at lambda (0.95, 0.0)
WARNING! Restraints triggered with energy of 1.8844343423843384 kJ/mol at at frame 13974 at lambda (0.95, 0.0)
WARNING! Restraints triggered with energy of 2.540651559829712 kJ/mol at at frame 13975 at lambda (0.95, 0.0)
WARNING! Restraints triggered with energy of 0.916839599609375 kJ/mol at at frame 13978 at lambda (0.95, 0.0)
WARNING! Restraints triggered with energy of 2.7168657779693604 kJ/mol at at frame 14021 at lambda (0.95, 0.0)
WARNING! Restraints triggered with energy of 1.1221246719360352 kJ/mol at at frame 14026 at lambda (0.95, 0.0)
WARNING! Restraints triggered with energy of 0.4216843843460083 kJ/mol at at frame 14028 at lambda (0.95, 0.0)
WARNING! Restraints triggered with energy of 0.7838562726974487 kJ/mol at at frame 14132 at lambda (0.95, 0.0)
WARNING! Restraints triggered with energy of 3.6421186923980713 kJ/mol at at frame 14148 at lambda (0.95, 0.0)
WARNING! Restraints triggered with energy of 0.08027929067611694 kJ/mol at at frame 14154 at lambda (0.95, 0.0)
WARNING! Restraints triggered with energy of 0.08579198271036148 kJ/mol at at frame 14155 at lambda (0.95, 0.0)
WARNING! Restraints triggered with energy of 0.12439834326505661 kJ/mol at at frame 14159 at lambda (0.95, 0.0)
WARNING! Restraints triggered with energy of 0.0031702029518783092 kJ/mol at at frame 14175 at lambda (0.95, 0.0)
WARNING! Restraints triggered with energy of 0.02444339357316494 kJ/mol at at frame 14208 at lambda (0.95, 0.0)
WARNING! Restraints triggered with energy of 0.045307744294404984 kJ/mol at at frame 14209 at lambda (0.95, 0.0)
WARNING! Restraints triggered with energy of 5.286553382873535 kJ/mol at at frame 14210 at lambda (0.95, 0.0)
WARNING! Restraints triggered with energy of 0.0062452019192278385 kJ/mol at at frame 14211 at lambda (0.95, 0.0)
WARNING! Restraints triggered with energy of 0.16195999085903168 kJ/mol at at frame 14223 at lambda (0.95, 0.0)
WARNING! Restraints triggered with energy of 0.7171772718429565 kJ/mol at at frame 14262 at lambda (0.95, 0.0)
WARNING! Restraints triggered with energy of 0.44960594177246094 kJ/mol at at frame 14266 at lambda (0.95, 0.0)
WARNING! Restraints triggered with energy of 2.987740993499756 kJ/mol at at frame 14268 at lambda (0.95, 0.0)
WARNING! Restraints triggered with energy of 2.427771806716919 kJ/mol at at frame 14275 at lambda (0.95, 0.0)
WARNING! Restraints triggered with energy of 3.8379251956939697 kJ/mol at at frame 14276 at lambda (0.95, 0.0)
WARNING! Restraints triggered with energy of 0.08648490905761719 kJ/mol at at frame 14277 at lambda (0.95, 0.0)
WARNING! Restraints triggered with energy of 0.030729299411177635 kJ/mol at at frame 14293 at lambda (0.95, 0.0)
WARNING! Restraints triggered with energy of 0.46475183963775635 kJ/mol at at frame 14295 at lambda (0.95, 0.0)
WARNING! Restraints triggered with energy of 0.07328875362873077 kJ/mol at at frame 14301 at lambda (0.95, 0.0)
WARNING! Restraints triggered with energy of 0.4470639228820801 kJ/mol at at frame 14736 at lambda (0.95, 0.0)
WARNING! Restraints triggered with energy of 9.315473289461806e-05 kJ/mol at at frame 14740 at lambda (0.95, 0.0)
WARNING! Restraints triggered with energy of 0.9894618391990662 kJ/mol at at frame 14741 at lambda (0.95, 0.0)
WARNING! Restraints triggered with energy of 0.24044884741306305 kJ/mol at at frame 14743 at lambda (0.95, 0.0)
WARNING! Restraints triggered with energy of 0.22306641936302185 kJ/mol at at frame 14769 at lambda (0.95, 0.0)
WARNING! Restraints triggered with energy of 0.0005296807503327727 kJ/mol at at frame 14777 at lambda (0.95, 0.0)
WARNING! Restraints triggered with energy of 0.21052688360214233 kJ/mol at at frame 14779 at lambda (0.95, 0.0)
WARNING! Restraints triggered with energy of 4.951099395751953 kJ/mol at at frame 14811 at lambda (0.95, 0.0)
WARNING! Restraints triggered with energy of 0.0038661863654851913 kJ/mol at at frame 14813 at lambda (0.95, 0.0)
WARNING! Restraints triggered with energy of 1.1319499015808105 kJ/mol at at frame 14815 at lambda (0.95, 0.0)
WARNING! Restraints triggered with energy of 0.3313983082771301 kJ/mol at at frame 14824 at lambda (0.95, 0.0)
WARNING! Restraints triggered with energy of 1.6798269748687744 kJ/mol at at frame 14826 at lambda (0.95, 0.0)
WARNING! Restraints triggered with energy of 1.143190860748291 kJ/mol at at frame 14828 at lambda (0.95, 0.0)
WARNING! Restraints triggered with energy of 0.272604763507843 kJ/mol at at frame 14831 at lambda (0.95, 0.0)
WARNING! Restraints triggered with energy of 0.4212919771671295 kJ/mol at at frame 14833 at lambda (0.95, 0.0)
WARNING! Restraints triggered with energy of 0.6088426113128662 kJ/mol at at frame 14834 at lambda (0.95, 0.0)
WARNING! Restraints triggered with energy of 0.20337821543216705 kJ/mol at at frame 14857 at lambda (0.95, 0.0)
WARNING! Restraints triggered with energy of 3.8113667964935303 kJ/mol at at frame 14884 at lambda (0.95, 0.0)
WARNING! Restraints triggered with energy of 4.214851379394531 kJ/mol at at frame 14885 at lambda (0.95, 0.0)
WARNING! Restraints triggered with energy of 0.5829206705093384 kJ/mol at at frame 14886 at lambda (0.95, 0.0)
WARNING! Restraints triggered with energy of 3.959538459777832 kJ/mol at at frame 14889 at lambda (0.95, 0.0)
WARNING! Restraints triggered with energy of 1.4184563159942627 kJ/mol at at frame 14890 at lambda (0.95, 0.0)
WARNING! Restraints triggered with energy of 0.4533371329307556 kJ/mol at at frame 14900 at lambda (0.95, 0.0)
WARNING! Restraints triggered with energy of 0.4511270225048065 kJ/mol at at frame 14905 at lambda (0.95, 0.0)
WARNING! Restraints triggered with energy of 0.0024600988253951073 kJ/mol at at frame 14917 at lambda (0.95, 0.0)
WARNING! Restraints triggered with energy of 0.7498518824577332 kJ/mol at at frame 14918 at lambda (0.95, 0.0)
WARNING! Restraints triggered with energy of 2.6560962200164795 kJ/mol at at frame 14919 at lambda (0.95, 0.0)
WARNING! Restraints triggered with energy of 3.161297559738159 kJ/mol at at frame 14920 at lambda (0.95, 0.0)
WARNING! Restraints triggered with energy of 4.27157735824585 kJ/mol at at frame 14921 at lambda (0.95, 0.0)
WARNING! Restraints triggered with energy of 2.741516351699829 kJ/mol at at frame 14922 at lambda (0.95, 0.0)
WARNING! Restraints triggered with energy of 0.08348961174488068 kJ/mol at at frame 14923 at lambda (0.95, 0.0)
WARNING! Restraints triggered with energy of 0.27760764956474304 kJ/mol at at frame 14924 at lambda (0.95, 0.0)
WARNING! Restraints triggered with energy of 0.01689387857913971 kJ/mol at at frame 14927 at lambda (0.95, 0.0)
WARNING! Restraints triggered with energy of 1.6872526407241821 kJ/mol at at frame 14931 at lambda (0.95, 0.0)
WARNING! Restraints triggered with energy of 0.23201261460781097 kJ/mol at at frame 14940 at lambda (0.95, 0.0)
WARNING! Restraints triggered with energy of 1.8492599725723267 kJ/mol at at frame 14983 at lambda (0.95, 0.0)
WARNING! Restraints triggered with energy of 5.138859748840332 kJ/mol at at frame 14994 at lambda (0.95, 0.0)
WARNING! Restraints triggered with energy of 1.6429442167282104 kJ/mol at at frame 14995 at lambda (0.95, 0.0)
Forward Free energy difference: -11.616321577997606 ± 0.06854997122721641 kJ/mol
Reverse Free energy difference: 7.858845806780935 ± 0.34244557642212964 kJ/mol
BAR Free energy difference from first half of samples: -10.661476577726924 ± 0.01963699688234684 kJ/mol
BAR Free energy difference from second half of samples: -9.575244562425782 ± 0.023952177521930886 kJ/mol
Total BAR Free energy difference: -9.732743401339379 ± 0.24689648619436527 kJ/mol with estimated overlap of 0.3658587887902438
