 Evaluating /Dedicated/schnieders/programs/stack-2021.1.sh
  Loading Modules
   Stack 2021.1
   GCC 9.3.0
   CMake 3.20.0
   Eigen 3.3.9
   Cuda 11.1.1
   Cuda: /usr/share/apps/2021.1/arch/gcc-9.3.0/cuda-11.1.1
   CudaNN 7.6.5.32-10.2
  Loading software from /Dedicated/schnieders/programs
   Ant: /Dedicated/schnieders/programs/apache-ant-1.10.11
   FFX: ~/programs/forcefieldx
   GDMA: /Dedicated/schnieders/programs/gdma-2.3
   Groovy: /Dedicated/schnieders/programs/groovy-4.0.1
   Java: /Dedicated/schnieders/programs/jdk-21
   Maven: /Dedicated/schnieders/programs/apache-maven-3.9.5
   OpenMM CUDA Compiler: /usr/share/apps/2021.1/arch/gcc-9.3.0/cuda-11.1.1/bin/nvcc
Warning on use of the timeseries module: If the inherent timescales of the system are long compared to those being analyzed, this statistical inefficiency may be an underestimate.  The estimate presumes the use of many statistically independent samples.  Tests should be performed to assess whether this condition is satisfied.   Be cautious in the interpretation of the data.

****** PyMBAR will use 64-bit JAX! *******
* JAX is currently set to 32-bit bitsize *
* which is its default.                  *
*                                        *
* PyMBAR requires 64-bit mode and WILL   *
* enable JAX's 64-bit mode when called.  *
*                                        *
* This MAY cause problems with other     *
* Uses of JAX in the same code.          *
******************************************


******* JAX 64-bit mode is now on! *******
*     JAX is now set to 64-bit mode!     *
*   This MAY cause problems with other   *
*      uses of JAX in the same code.     *
******************************************

An NVIDIA GPU may be present on this machine, but a CUDA-enabled jaxlib is not installed. Falling back to cpu.
Failed to reach a solution to within tolerance with hybr: trying next method
Adding Restraint with parameters:  [(0, 1), (6275.999999999999, 0.0, 1.0)]
Using PBC Conditions on Restraint?  True
Force dictionary: {'AmoebaBond': 0, 'PeriodicTorsionForce': 1, 'AmoebaVdwForce': 2, 'AmoebaMultipoleForce': 3, 'HarmonicBondForce': 4, 'CMMotionRemover': 5, 'AmoebaOutOfPlaneBend': 6, 'AmoebaAngle': 7, 'AmoebaInPlaneAngle': 8, 'AmoebaStretchBend': 9, 'CustomCentroidBondForce': 10}
Evaluating Free Energy using BAR between (vdw, elec): (1.0, 0.9) and (1.0, 0.95)
WARNING! Restraints triggered with energy of 0.7458827495574951 kJ/mol at at frame 5659 at lambda (1.0, 0.95)
WARNING! Restraints triggered with energy of 1.3119285106658936 kJ/mol at at frame 5664 at lambda (1.0, 0.95)
WARNING! Restraints triggered with energy of 2.297459125518799 kJ/mol at at frame 5665 at lambda (1.0, 0.95)
WARNING! Restraints triggered with energy of 2.607072591781616 kJ/mol at at frame 5666 at lambda (1.0, 0.95)
WARNING! Restraints triggered with energy of 4.005977630615234 kJ/mol at at frame 5668 at lambda (1.0, 0.95)
WARNING! Restraints triggered with energy of 0.8598445653915405 kJ/mol at at frame 5671 at lambda (1.0, 0.95)
WARNING! Restraints triggered with energy of 1.2932603359222412 kJ/mol at at frame 5679 at lambda (1.0, 0.95)
WARNING! Restraints triggered with energy of 2.461733818054199 kJ/mol at at frame 5680 at lambda (1.0, 0.95)
WARNING! Restraints triggered with energy of 0.38652467727661133 kJ/mol at at frame 5683 at lambda (1.0, 0.95)
WARNING! Restraints triggered with energy of 7.110753536224365 kJ/mol at at frame 5684 at lambda (1.0, 0.95)
WARNING! Restraints triggered with energy of 2.4656174182891846 kJ/mol at at frame 5686 at lambda (1.0, 0.95)
WARNING! Restraints triggered with energy of 1.397032380104065 kJ/mol at at frame 5687 at lambda (1.0, 0.95)
WARNING! Restraints triggered with energy of 2.298490047454834 kJ/mol at at frame 5693 at lambda (1.0, 0.95)
WARNING! Restraints triggered with energy of 2.565337896347046 kJ/mol at at frame 5844 at lambda (1.0, 0.95)
WARNING! Restraints triggered with energy of 0.1869277060031891 kJ/mol at at frame 5845 at lambda (1.0, 0.95)
WARNING! Restraints triggered with energy of 0.9048522710800171 kJ/mol at at frame 5847 at lambda (1.0, 0.95)
WARNING! Restraints triggered with energy of 0.17223526537418365 kJ/mol at at frame 5848 at lambda (1.0, 0.95)
WARNING! Restraints triggered with energy of 1.9264886379241943 kJ/mol at at frame 5849 at lambda (1.0, 0.95)
WARNING! Restraints triggered with energy of 0.6096534729003906 kJ/mol at at frame 5851 at lambda (1.0, 0.95)
WARNING! Restraints triggered with energy of 0.015338167548179626 kJ/mol at at frame 5853 at lambda (1.0, 0.95)
WARNING! Restraints triggered with energy of 2.315185785293579 kJ/mol at at frame 5854 at lambda (1.0, 0.95)
WARNING! Restraints triggered with energy of 0.01530777383595705 kJ/mol at at frame 5894 at lambda (1.0, 0.95)
WARNING! Restraints triggered with energy of 0.08951039612293243 kJ/mol at at frame 5904 at lambda (1.0, 0.95)
WARNING! Restraints triggered with energy of 0.7428842782974243 kJ/mol at at frame 6024 at lambda (1.0, 0.95)
WARNING! Restraints triggered with energy of 0.7208769917488098 kJ/mol at at frame 6031 at lambda (1.0, 0.95)
WARNING! Restraints triggered with energy of 1.3389135599136353 kJ/mol at at frame 6035 at lambda (1.0, 0.95)
WARNING! Restraints triggered with energy of 0.5914309024810791 kJ/mol at at frame 6037 at lambda (1.0, 0.95)
WARNING! Restraints triggered with energy of 1.4660894870758057 kJ/mol at at frame 6039 at lambda (1.0, 0.95)
WARNING! Restraints triggered with energy of 0.00790240429341793 kJ/mol at at frame 6041 at lambda (1.0, 0.95)
WARNING! Restraints triggered with energy of 0.2814221978187561 kJ/mol at at frame 6044 at lambda (1.0, 0.95)
WARNING! Restraints triggered with energy of 2.680748224258423 kJ/mol at at frame 6066 at lambda (1.0, 0.95)
WARNING! Restraints triggered with energy of 3.237785577774048 kJ/mol at at frame 6179 at lambda (1.0, 0.95)
WARNING! Restraints triggered with energy of 0.5058613419532776 kJ/mol at at frame 6180 at lambda (1.0, 0.95)
WARNING! Restraints triggered with energy of 0.12960796058177948 kJ/mol at at frame 6182 at lambda (1.0, 0.95)
WARNING! Restraints triggered with energy of 3.7269184589385986 kJ/mol at at frame 6184 at lambda (1.0, 0.95)
WARNING! Restraints triggered with energy of 2.7778820991516113 kJ/mol at at frame 6187 at lambda (1.0, 0.95)
WARNING! Restraints triggered with energy of 2.4245355129241943 kJ/mol at at frame 6188 at lambda (1.0, 0.95)
WARNING! Restraints triggered with energy of 4.819515228271484 kJ/mol at at frame 6196 at lambda (1.0, 0.95)
WARNING! Restraints triggered with energy of 0.7371000647544861 kJ/mol at at frame 6197 at lambda (1.0, 0.95)
WARNING! Restraints triggered with energy of 4.548682689666748 kJ/mol at at frame 6198 at lambda (1.0, 0.95)
WARNING! Restraints triggered with energy of 0.09436070173978806 kJ/mol at at frame 6200 at lambda (1.0, 0.95)
WARNING! Restraints triggered with energy of 0.015525874681770802 kJ/mol at at frame 6201 at lambda (1.0, 0.95)
WARNING! Restraints triggered with energy of 0.3099350929260254 kJ/mol at at frame 6202 at lambda (1.0, 0.95)
WARNING! Restraints triggered with energy of 6.471834182739258 kJ/mol at at frame 6210 at lambda (1.0, 0.95)
WARNING! Restraints triggered with energy of 1.4504883289337158 kJ/mol at at frame 6213 at lambda (1.0, 0.95)
WARNING! Restraints triggered with energy of 0.21483856439590454 kJ/mol at at frame 6215 at lambda (1.0, 0.95)
WARNING! Restraints triggered with energy of 0.6491023898124695 kJ/mol at at frame 6217 at lambda (1.0, 0.95)
WARNING! Restraints triggered with energy of 0.2318761795759201 kJ/mol at at frame 6224 at lambda (1.0, 0.95)
WARNING! Restraints triggered with energy of 0.020037727430462837 kJ/mol at at frame 6225 at lambda (1.0, 0.95)
WARNING! Restraints triggered with energy of 0.26746177673339844 kJ/mol at at frame 6228 at lambda (1.0, 0.95)
WARNING! Restraints triggered with energy of 0.09852506965398788 kJ/mol at at frame 6240 at lambda (1.0, 0.95)
WARNING! Restraints triggered with energy of 0.6581116318702698 kJ/mol at at frame 6253 at lambda (1.0, 0.95)
WARNING! Restraints triggered with energy of 0.9506396651268005 kJ/mol at at frame 6254 at lambda (1.0, 0.95)
WARNING! Restraints triggered with energy of 0.3526597023010254 kJ/mol at at frame 6255 at lambda (1.0, 0.95)
WARNING! Restraints triggered with energy of 0.4906892478466034 kJ/mol at at frame 6257 at lambda (1.0, 0.95)
WARNING! Restraints triggered with energy of 0.2297528088092804 kJ/mol at at frame 6258 at lambda (1.0, 0.95)
WARNING! Restraints triggered with energy of 3.1384356021881104 kJ/mol at at frame 6259 at lambda (1.0, 0.95)
WARNING! Restraints triggered with energy of 2.1255903244018555 kJ/mol at at frame 6260 at lambda (1.0, 0.95)
WARNING! Restraints triggered with energy of 1.6132529973983765 kJ/mol at at frame 6262 at lambda (1.0, 0.95)
WARNING! Restraints triggered with energy of 3.2165451049804688 kJ/mol at at frame 6263 at lambda (1.0, 0.95)
WARNING! Restraints triggered with energy of 0.5414058566093445 kJ/mol at at frame 6266 at lambda (1.0, 0.95)
WARNING! Restraints triggered with energy of 0.13358186185359955 kJ/mol at at frame 6267 at lambda (1.0, 0.95)
WARNING! Restraints triggered with energy of 0.21952128410339355 kJ/mol at at frame 6269 at lambda (1.0, 0.95)
WARNING! Restraints triggered with energy of 1.7407124042510986 kJ/mol at at frame 6271 at lambda (1.0, 0.95)
WARNING! Restraints triggered with energy of 1.413219690322876 kJ/mol at at frame 6272 at lambda (1.0, 0.95)
WARNING! Restraints triggered with energy of 6.051809310913086 kJ/mol at at frame 6273 at lambda (1.0, 0.95)
WARNING! Restraints triggered with energy of 2.2966575622558594 kJ/mol at at frame 6274 at lambda (1.0, 0.95)
WARNING! Restraints triggered with energy of 1.9534163584467024e-05 kJ/mol at at frame 6279 at lambda (1.0, 0.95)
WARNING! Restraints triggered with energy of 0.5056329965591431 kJ/mol at at frame 6280 at lambda (1.0, 0.95)
WARNING! Restraints triggered with energy of 0.15361027419567108 kJ/mol at at frame 6284 at lambda (1.0, 0.95)
WARNING! Restraints triggered with energy of 0.2233251929283142 kJ/mol at at frame 6398 at lambda (1.0, 0.95)
WARNING! Restraints triggered with energy of 2.390744209289551 kJ/mol at at frame 6400 at lambda (1.0, 0.95)
WARNING! Restraints triggered with energy of 0.8665480613708496 kJ/mol at at frame 6403 at lambda (1.0, 0.95)
WARNING! Restraints triggered with energy of 0.4385925829410553 kJ/mol at at frame 6773 at lambda (1.0, 0.95)
WARNING! Restraints triggered with energy of 0.05448722094297409 kJ/mol at at frame 6775 at lambda (1.0, 0.95)
WARNING! Restraints triggered with energy of 1.462752342224121 kJ/mol at at frame 6777 at lambda (1.0, 0.95)
WARNING! Restraints triggered with energy of 0.0695238709449768 kJ/mol at at frame 6787 at lambda (1.0, 0.95)
WARNING! Restraints triggered with energy of 0.09859029948711395 kJ/mol at at frame 6788 at lambda (1.0, 0.95)
WARNING! Restraints triggered with energy of 1.2463948726654053 kJ/mol at at frame 6789 at lambda (1.0, 0.95)
WARNING! Restraints triggered with energy of 0.21282970905303955 kJ/mol at at frame 6794 at lambda (1.0, 0.95)
WARNING! Restraints triggered with energy of 0.011949373409152031 kJ/mol at at frame 6795 at lambda (1.0, 0.95)
WARNING! Restraints triggered with energy of 2.8838930130004883 kJ/mol at at frame 6798 at lambda (1.0, 0.95)
WARNING! Restraints triggered with energy of 0.03316288813948631 kJ/mol at at frame 7131 at lambda (1.0, 0.95)
WARNING! Restraints triggered with energy of 0.06972821056842804 kJ/mol at at frame 7132 at lambda (1.0, 0.95)
WARNING! Restraints triggered with energy of 6.489350198535249e-05 kJ/mol at at frame 7184 at lambda (1.0, 0.95)
WARNING! Restraints triggered with energy of 1.0973925590515137 kJ/mol at at frame 7197 at lambda (1.0, 0.95)
WARNING! Restraints triggered with energy of 0.014938462525606155 kJ/mol at at frame 7221 at lambda (1.0, 0.95)
WARNING! Restraints triggered with energy of 0.44977059960365295 kJ/mol at at frame 7228 at lambda (1.0, 0.95)
WARNING! Restraints triggered with energy of 1.6630998849868774 kJ/mol at at frame 7447 at lambda (1.0, 0.95)
WARNING! Restraints triggered with energy of 5.2447285652160645 kJ/mol at at frame 7448 at lambda (1.0, 0.95)
WARNING! Restraints triggered with energy of 2.417482376098633 kJ/mol at at frame 7449 at lambda (1.0, 0.95)
WARNING! Restraints triggered with energy of 0.8511620163917542 kJ/mol at at frame 7451 at lambda (1.0, 0.95)
WARNING! Restraints triggered with energy of 0.011046264320611954 kJ/mol at at frame 7452 at lambda (1.0, 0.95)
WARNING! Restraints triggered with energy of 0.08665718883275986 kJ/mol at at frame 7470 at lambda (1.0, 0.95)
WARNING! Restraints triggered with energy of 5.545303821563721 kJ/mol at at frame 7475 at lambda (1.0, 0.95)
WARNING! Restraints triggered with energy of 0.009722709655761719 kJ/mol at at frame 7476 at lambda (1.0, 0.95)
WARNING! Restraints triggered with energy of 0.435670405626297 kJ/mol at at frame 7477 at lambda (1.0, 0.95)
WARNING! Restraints triggered with energy of 0.024668337777256966 kJ/mol at at frame 7495 at lambda (1.0, 0.95)
WARNING! Restraints triggered with energy of 0.0015762625262141228 kJ/mol at at frame 7505 at lambda (1.0, 0.95)
WARNING! Restraints triggered with energy of 2.20706844329834 kJ/mol at at frame 7556 at lambda (1.0, 0.95)
WARNING! Restraints triggered with energy of 0.07113171368837357 kJ/mol at at frame 7569 at lambda (1.0, 0.95)
WARNING! Restraints triggered with energy of 0.00649087131023407 kJ/mol at at frame 7775 at lambda (1.0, 0.95)
WARNING! Restraints triggered with energy of 0.040178947150707245 kJ/mol at at frame 7776 at lambda (1.0, 0.95)
WARNING! Restraints triggered with energy of 0.9989725351333618 kJ/mol at at frame 7840 at lambda (1.0, 0.95)
WARNING! Restraints triggered with energy of 0.9829156398773193 kJ/mol at at frame 7841 at lambda (1.0, 0.95)
WARNING! Restraints triggered with energy of 0.030346425250172615 kJ/mol at at frame 7844 at lambda (1.0, 0.95)
WARNING! Restraints triggered with energy of 1.7369763851165771 kJ/mol at at frame 7856 at lambda (1.0, 0.95)
WARNING! Restraints triggered with energy of 0.1415604054927826 kJ/mol at at frame 7858 at lambda (1.0, 0.95)
WARNING! Restraints triggered with energy of 0.16577522456645966 kJ/mol at at frame 7862 at lambda (1.0, 0.95)
WARNING! Restraints triggered with energy of 0.048310909420251846 kJ/mol at at frame 7865 at lambda (1.0, 0.95)
WARNING! Restraints triggered with energy of 2.836076021194458 kJ/mol at at frame 7867 at lambda (1.0, 0.95)
WARNING! Restraints triggered with energy of 0.04615595564246178 kJ/mol at at frame 7880 at lambda (1.0, 0.95)
WARNING! Restraints triggered with energy of 0.05398576334118843 kJ/mol at at frame 7885 at lambda (1.0, 0.95)
WARNING! Restraints triggered with energy of 1.3890516757965088 kJ/mol at at frame 7923 at lambda (1.0, 0.95)
WARNING! Restraints triggered with energy of 0.5279815793037415 kJ/mol at at frame 7929 at lambda (1.0, 0.95)
WARNING! Restraints triggered with energy of 0.9632778167724609 kJ/mol at at frame 7930 at lambda (1.0, 0.95)
WARNING! Restraints triggered with energy of 1.3115174770355225 kJ/mol at at frame 7931 at lambda (1.0, 0.95)
WARNING! Restraints triggered with energy of 2.7046444416046143 kJ/mol at at frame 7932 at lambda (1.0, 0.95)
WARNING! Restraints triggered with energy of 0.04083659127354622 kJ/mol at at frame 7939 at lambda (1.0, 0.95)
WARNING! Restraints triggered with energy of 2.7458648681640625 kJ/mol at at frame 7941 at lambda (1.0, 0.95)
WARNING! Restraints triggered with energy of 0.0004685245512519032 kJ/mol at at frame 7949 at lambda (1.0, 0.95)
WARNING! Restraints triggered with energy of 6.363076686859131 kJ/mol at at frame 7951 at lambda (1.0, 0.95)
WARNING! Restraints triggered with energy of 3.2477173805236816 kJ/mol at at frame 7953 at lambda (1.0, 0.95)
WARNING! Restraints triggered with energy of 0.02035985141992569 kJ/mol at at frame 7954 at lambda (1.0, 0.95)
WARNING! Restraints triggered with energy of 3.050093650817871 kJ/mol at at frame 7955 at lambda (1.0, 0.95)
WARNING! Restraints triggered with energy of 0.26007023453712463 kJ/mol at at frame 7956 at lambda (1.0, 0.95)
WARNING! Restraints triggered with energy of 0.3398345708847046 kJ/mol at at frame 7964 at lambda (1.0, 0.95)
WARNING! Restraints triggered with energy of 5.478610992431641 kJ/mol at at frame 7965 at lambda (1.0, 0.95)
WARNING! Restraints triggered with energy of 0.49646151065826416 kJ/mol at at frame 7966 at lambda (1.0, 0.95)
WARNING! Restraints triggered with energy of 2.1296403408050537 kJ/mol at at frame 7975 at lambda (1.0, 0.95)
WARNING! Restraints triggered with energy of 0.24175651371479034 kJ/mol at at frame 7982 at lambda (1.0, 0.95)
WARNING! Restraints triggered with energy of 1.5629364252090454 kJ/mol at at frame 7999 at lambda (1.0, 0.95)
WARNING! Restraints triggered with energy of 1.7392176389694214 kJ/mol at at frame 8000 at lambda (1.0, 0.95)
WARNING! Restraints triggered with energy of 2.192697048187256 kJ/mol at at frame 8001 at lambda (1.0, 0.95)
WARNING! Restraints triggered with energy of 1.0836251974105835 kJ/mol at at frame 8002 at lambda (1.0, 0.95)
WARNING! Restraints triggered with energy of 0.021715758368372917 kJ/mol at at frame 8004 at lambda (1.0, 0.95)
WARNING! Restraints triggered with energy of 1.5126968622207642 kJ/mol at at frame 8005 at lambda (1.0, 0.95)
WARNING! Restraints triggered with energy of 0.6828092336654663 kJ/mol at at frame 8011 at lambda (1.0, 0.95)
WARNING! Restraints triggered with energy of 0.18631574511528015 kJ/mol at at frame 8013 at lambda (1.0, 0.95)
WARNING! Restraints triggered with energy of 1.3404438495635986 kJ/mol at at frame 8018 at lambda (1.0, 0.95)
WARNING! Restraints triggered with energy of 0.3090209364891052 kJ/mol at at frame 8020 at lambda (1.0, 0.95)
WARNING! Restraints triggered with energy of 5.047173023223877 kJ/mol at at frame 8026 at lambda (1.0, 0.95)
WARNING! Restraints triggered with energy of 0.09213442355394363 kJ/mol at at frame 8027 at lambda (1.0, 0.95)
WARNING! Restraints triggered with energy of 0.6318855285644531 kJ/mol at at frame 8037 at lambda (1.0, 0.95)
WARNING! Restraints triggered with energy of 0.8628246188163757 kJ/mol at at frame 8103 at lambda (1.0, 0.95)
WARNING! Restraints triggered with energy of 0.8741956353187561 kJ/mol at at frame 8108 at lambda (1.0, 0.95)
WARNING! Restraints triggered with energy of 0.4123779535293579 kJ/mol at at frame 8112 at lambda (1.0, 0.95)
WARNING! Restraints triggered with energy of 0.3445413112640381 kJ/mol at at frame 8178 at lambda (1.0, 0.95)
WARNING! Restraints triggered with energy of 1.0891966819763184 kJ/mol at at frame 8180 at lambda (1.0, 0.95)
WARNING! Restraints triggered with energy of 0.2943117618560791 kJ/mol at at frame 8182 at lambda (1.0, 0.95)
WARNING! Restraints triggered with energy of 1.3672995567321777 kJ/mol at at frame 8300 at lambda (1.0, 0.95)
WARNING! Restraints triggered with energy of 0.6023019552230835 kJ/mol at at frame 8334 at lambda (1.0, 0.95)
WARNING! Restraints triggered with energy of 1.706048846244812 kJ/mol at at frame 8337 at lambda (1.0, 0.95)
WARNING! Restraints triggered with energy of 1.6326954364776611 kJ/mol at at frame 8338 at lambda (1.0, 0.95)
WARNING! Restraints triggered with energy of 0.7790809273719788 kJ/mol at at frame 8341 at lambda (1.0, 0.95)
WARNING! Restraints triggered with energy of 1.4248521327972412 kJ/mol at at frame 8343 at lambda (1.0, 0.95)
WARNING! Restraints triggered with energy of 0.5012373328208923 kJ/mol at at frame 8357 at lambda (1.0, 0.95)
WARNING! Restraints triggered with energy of 0.2493751496076584 kJ/mol at at frame 8358 at lambda (1.0, 0.95)
WARNING! Restraints triggered with energy of 0.8604927062988281 kJ/mol at at frame 8359 at lambda (1.0, 0.95)
WARNING! Restraints triggered with energy of 0.03312506154179573 kJ/mol at at frame 8360 at lambda (1.0, 0.95)
WARNING! Restraints triggered with energy of 6.190784931182861 kJ/mol at at frame 8366 at lambda (1.0, 0.95)
WARNING! Restraints triggered with energy of 0.17704209685325623 kJ/mol at at frame 8367 at lambda (1.0, 0.95)
WARNING! Restraints triggered with energy of 0.9797348976135254 kJ/mol at at frame 8368 at lambda (1.0, 0.95)
WARNING! Restraints triggered with energy of 1.9493374824523926 kJ/mol at at frame 8369 at lambda (1.0, 0.95)
WARNING! Restraints triggered with energy of 2.1589579582214355 kJ/mol at at frame 8370 at lambda (1.0, 0.95)
WARNING! Restraints triggered with energy of 0.06852645426988602 kJ/mol at at frame 8379 at lambda (1.0, 0.95)
WARNING! Restraints triggered with energy of 1.919102668762207 kJ/mol at at frame 8391 at lambda (1.0, 0.95)
WARNING! Restraints triggered with energy of 0.25364717841148376 kJ/mol at at frame 8393 at lambda (1.0, 0.95)
WARNING! Restraints triggered with energy of 0.5514023900032043 kJ/mol at at frame 8394 at lambda (1.0, 0.95)
WARNING! Restraints triggered with energy of 1.168696403503418 kJ/mol at at frame 8397 at lambda (1.0, 0.95)
WARNING! Restraints triggered with energy of 0.23122179508209229 kJ/mol at at frame 8426 at lambda (1.0, 0.95)
WARNING! Restraints triggered with energy of 3.188693046569824 kJ/mol at at frame 8427 at lambda (1.0, 0.95)
WARNING! Restraints triggered with energy of 0.007212940137833357 kJ/mol at at frame 8436 at lambda (1.0, 0.95)
WARNING! Restraints triggered with energy of 0.6104353666305542 kJ/mol at at frame 8443 at lambda (1.0, 0.95)
WARNING! Restraints triggered with energy of 0.004272094462066889 kJ/mol at at frame 8447 at lambda (1.0, 0.95)
WARNING! Restraints triggered with energy of 0.15449245274066925 kJ/mol at at frame 8452 at lambda (1.0, 0.95)
WARNING! Restraints triggered with energy of 0.8862277269363403 kJ/mol at at frame 8453 at lambda (1.0, 0.95)
WARNING! Restraints triggered with energy of 0.4001229405403137 kJ/mol at at frame 8462 at lambda (1.0, 0.95)
WARNING! Restraints triggered with energy of 0.30567020177841187 kJ/mol at at frame 8464 at lambda (1.0, 0.95)
WARNING! Restraints triggered with energy of 0.02708621881902218 kJ/mol at at frame 8465 at lambda (1.0, 0.95)
WARNING! Restraints triggered with energy of 0.04354027286171913 kJ/mol at at frame 8471 at lambda (1.0, 0.95)
WARNING! Restraints triggered with energy of 0.3401539623737335 kJ/mol at at frame 8475 at lambda (1.0, 0.95)
WARNING! Restraints triggered with energy of 0.7309831380844116 kJ/mol at at frame 8478 at lambda (1.0, 0.95)
WARNING! Restraints triggered with energy of 6.639885425567627 kJ/mol at at frame 8492 at lambda (1.0, 0.95)
WARNING! Restraints triggered with energy of 1.2137166261672974 kJ/mol at at frame 8493 at lambda (1.0, 0.95)
WARNING! Restraints triggered with energy of 0.7295627593994141 kJ/mol at at frame 8494 at lambda (1.0, 0.95)
WARNING! Restraints triggered with energy of 3.2884180545806885 kJ/mol at at frame 8495 at lambda (1.0, 0.95)
WARNING! Restraints triggered with energy of 0.17652590572834015 kJ/mol at at frame 8496 at lambda (1.0, 0.95)
WARNING! Restraints triggered with energy of 10.086040496826172 kJ/mol at at frame 8497 at lambda (1.0, 0.95)
WARNING! Restraints triggered with energy of 0.5099129676818848 kJ/mol at at frame 8498 at lambda (1.0, 0.95)
WARNING! Restraints triggered with energy of 0.49258309602737427 kJ/mol at at frame 8499 at lambda (1.0, 0.95)
WARNING! Restraints triggered with energy of 4.068215847015381 kJ/mol at at frame 8501 at lambda (1.0, 0.95)
WARNING! Restraints triggered with energy of 0.6127544045448303 kJ/mol at at frame 8502 at lambda (1.0, 0.95)
WARNING! Restraints triggered with energy of 1.1710456609725952 kJ/mol at at frame 8503 at lambda (1.0, 0.95)
WARNING! Restraints triggered with energy of 1.6359308958053589 kJ/mol at at frame 8505 at lambda (1.0, 0.95)
WARNING! Restraints triggered with energy of 0.019659865647554398 kJ/mol at at frame 8520 at lambda (1.0, 0.95)
WARNING! Restraints triggered with energy of 0.16214247047901154 kJ/mol at at frame 8523 at lambda (1.0, 0.95)
WARNING! Restraints triggered with energy of 0.44868189096450806 kJ/mol at at frame 8538 at lambda (1.0, 0.95)
WARNING! Restraints triggered with energy of 0.001969309523701668 kJ/mol at at frame 8552 at lambda (1.0, 0.95)
WARNING! Restraints triggered with energy of 2.7077361664851196e-05 kJ/mol at at frame 8570 at lambda (1.0, 0.95)
WARNING! Restraints triggered with energy of 0.42820999026298523 kJ/mol at at frame 8576 at lambda (1.0, 0.95)
WARNING! Restraints triggered with energy of 4.664948463439941 kJ/mol at at frame 8579 at lambda (1.0, 0.95)
WARNING! Restraints triggered with energy of 0.0041836705058813095 kJ/mol at at frame 8584 at lambda (1.0, 0.95)
WARNING! Restraints triggered with energy of 0.6539199948310852 kJ/mol at at frame 8586 at lambda (1.0, 0.95)
WARNING! Restraints triggered with energy of 1.6958997249603271 kJ/mol at at frame 8587 at lambda (1.0, 0.95)
WARNING! Restraints triggered with energy of 5.7079887483268976e-05 kJ/mol at at frame 8591 at lambda (1.0, 0.95)
WARNING! Restraints triggered with energy of 0.008817348629236221 kJ/mol at at frame 8620 at lambda (1.0, 0.95)
WARNING! Restraints triggered with energy of 0.85004723072052 kJ/mol at at frame 8621 at lambda (1.0, 0.95)
WARNING! Restraints triggered with energy of 0.2720823884010315 kJ/mol at at frame 8622 at lambda (1.0, 0.95)
WARNING! Restraints triggered with energy of 0.13244524598121643 kJ/mol at at frame 8652 at lambda (1.0, 0.95)
WARNING! Restraints triggered with energy of 2.676358938217163 kJ/mol at at frame 8653 at lambda (1.0, 0.95)
WARNING! Restraints triggered with energy of 3.7739577293395996 kJ/mol at at frame 8656 at lambda (1.0, 0.95)
WARNING! Restraints triggered with energy of 4.385059833526611 kJ/mol at at frame 8657 at lambda (1.0, 0.95)
WARNING! Restraints triggered with energy of 3.731149435043335 kJ/mol at at frame 8658 at lambda (1.0, 0.95)
WARNING! Restraints triggered with energy of 0.044328100979328156 kJ/mol at at frame 8660 at lambda (1.0, 0.95)
WARNING! Restraints triggered with energy of 0.11835150420665741 kJ/mol at at frame 8661 at lambda (1.0, 0.95)
WARNING! Restraints triggered with energy of 0.39972877502441406 kJ/mol at at frame 8662 at lambda (1.0, 0.95)
WARNING! Restraints triggered with energy of 0.002544182585552335 kJ/mol at at frame 8667 at lambda (1.0, 0.95)
WARNING! Restraints triggered with energy of 0.4588475823402405 kJ/mol at at frame 8674 at lambda (1.0, 0.95)
WARNING! Restraints triggered with energy of 2.6755244731903076 kJ/mol at at frame 8675 at lambda (1.0, 0.95)
WARNING! Restraints triggered with energy of 1.594380497932434 kJ/mol at at frame 8676 at lambda (1.0, 0.95)
WARNING! Restraints triggered with energy of 0.5757182836532593 kJ/mol at at frame 8677 at lambda (1.0, 0.95)
WARNING! Restraints triggered with energy of 4.295775890350342 kJ/mol at at frame 8678 at lambda (1.0, 0.95)
WARNING! Restraints triggered with energy of 4.320120334625244 kJ/mol at at frame 8682 at lambda (1.0, 0.95)
WARNING! Restraints triggered with energy of 1.0123449563980103 kJ/mol at at frame 8685 at lambda (1.0, 0.95)
WARNING! Restraints triggered with energy of 1.1456761360168457 kJ/mol at at frame 8686 at lambda (1.0, 0.95)
WARNING! Restraints triggered with energy of 0.0007479976629838347 kJ/mol at at frame 8687 at lambda (1.0, 0.95)
WARNING! Restraints triggered with energy of 3.3157384395599365 kJ/mol at at frame 8689 at lambda (1.0, 0.95)
WARNING! Restraints triggered with energy of 0.003526372602209449 kJ/mol at at frame 8691 at lambda (1.0, 0.95)
WARNING! Restraints triggered with energy of 0.3910824954509735 kJ/mol at at frame 8693 at lambda (1.0, 0.95)
WARNING! Restraints triggered with energy of 0.7875562310218811 kJ/mol at at frame 8694 at lambda (1.0, 0.95)
WARNING! Restraints triggered with energy of 0.0009241555817425251 kJ/mol at at frame 8695 at lambda (1.0, 0.95)
WARNING! Restraints triggered with energy of 0.19444943964481354 kJ/mol at at frame 8700 at lambda (1.0, 0.95)
WARNING! Restraints triggered with energy of 0.07108638435602188 kJ/mol at at frame 8703 at lambda (1.0, 0.95)
WARNING! Restraints triggered with energy of 1.196589708328247 kJ/mol at at frame 8706 at lambda (1.0, 0.95)
WARNING! Restraints triggered with energy of 0.00043363100849092007 kJ/mol at at frame 8708 at lambda (1.0, 0.95)
WARNING! Restraints triggered with energy of 1.4163875579833984 kJ/mol at at frame 8714 at lambda (1.0, 0.95)
WARNING! Restraints triggered with energy of 1.7725797891616821 kJ/mol at at frame 8718 at lambda (1.0, 0.95)
WARNING! Restraints triggered with energy of 0.20955736935138702 kJ/mol at at frame 8719 at lambda (1.0, 0.95)
WARNING! Restraints triggered with energy of 0.053129035979509354 kJ/mol at at frame 8728 at lambda (1.0, 0.95)
WARNING! Restraints triggered with energy of 0.3456175625324249 kJ/mol at at frame 8729 at lambda (1.0, 0.95)
WARNING! Restraints triggered with energy of 4.027820110321045 kJ/mol at at frame 8731 at lambda (1.0, 0.95)
WARNING! Restraints triggered with energy of 0.02088331989943981 kJ/mol at at frame 8732 at lambda (1.0, 0.95)
WARNING! Restraints triggered with energy of 0.43704283237457275 kJ/mol at at frame 8733 at lambda (1.0, 0.95)
WARNING! Restraints triggered with energy of 2.1269123554229736 kJ/mol at at frame 8738 at lambda (1.0, 0.95)
WARNING! Restraints triggered with energy of 4.666417121887207 kJ/mol at at frame 8739 at lambda (1.0, 0.95)
WARNING! Restraints triggered with energy of 3.166975498199463 kJ/mol at at frame 8741 at lambda (1.0, 0.95)
WARNING! Restraints triggered with energy of 0.01871544122695923 kJ/mol at at frame 8743 at lambda (1.0, 0.95)
WARNING! Restraints triggered with energy of 1.0798141956329346 kJ/mol at at frame 8746 at lambda (1.0, 0.95)
WARNING! Restraints triggered with energy of 3.6202354431152344 kJ/mol at at frame 8747 at lambda (1.0, 0.95)
WARNING! Restraints triggered with energy of 0.545527458190918 kJ/mol at at frame 8754 at lambda (1.0, 0.95)
WARNING! Restraints triggered with energy of 0.2233787626028061 kJ/mol at at frame 8767 at lambda (1.0, 0.95)
WARNING! Restraints triggered with energy of 0.141915962100029 kJ/mol at at frame 8771 at lambda (1.0, 0.95)
WARNING! Restraints triggered with energy of 0.216197669506073 kJ/mol at at frame 8774 at lambda (1.0, 0.95)
WARNING! Restraints triggered with energy of 9.05742073059082 kJ/mol at at frame 8775 at lambda (1.0, 0.95)
WARNING! Restraints triggered with energy of 0.1492518186569214 kJ/mol at at frame 8776 at lambda (1.0, 0.95)
WARNING! Restraints triggered with energy of 0.012244357727468014 kJ/mol at at frame 8777 at lambda (1.0, 0.95)
WARNING! Restraints triggered with energy of 1.6847264766693115 kJ/mol at at frame 8779 at lambda (1.0, 0.95)
WARNING! Restraints triggered with energy of 0.07188428193330765 kJ/mol at at frame 8780 at lambda (1.0, 0.95)
WARNING! Restraints triggered with energy of 0.7436984777450562 kJ/mol at at frame 8782 at lambda (1.0, 0.95)
WARNING! Restraints triggered with energy of 1.0700424909591675 kJ/mol at at frame 8784 at lambda (1.0, 0.95)
WARNING! Restraints triggered with energy of 0.22570578753948212 kJ/mol at at frame 8785 at lambda (1.0, 0.95)
WARNING! Restraints triggered with energy of 0.5837140679359436 kJ/mol at at frame 8788 at lambda (1.0, 0.95)
WARNING! Restraints triggered with energy of 0.5973721742630005 kJ/mol at at frame 8789 at lambda (1.0, 0.95)
WARNING! Restraints triggered with energy of 0.337087482213974 kJ/mol at at frame 8791 at lambda (1.0, 0.95)
WARNING! Restraints triggered with energy of 3.644137382507324 kJ/mol at at frame 8792 at lambda (1.0, 0.95)
WARNING! Restraints triggered with energy of 5.259532451629639 kJ/mol at at frame 8793 at lambda (1.0, 0.95)
WARNING! Restraints triggered with energy of 0.34846600890159607 kJ/mol at at frame 8794 at lambda (1.0, 0.95)
WARNING! Restraints triggered with energy of 0.07598739117383957 kJ/mol at at frame 8795 at lambda (1.0, 0.95)
WARNING! Restraints triggered with energy of 0.019290847703814507 kJ/mol at at frame 8798 at lambda (1.0, 0.95)
WARNING! Restraints triggered with energy of 1.4426735639572144 kJ/mol at at frame 8802 at lambda (1.0, 0.95)
WARNING! Restraints triggered with energy of 0.018322188407182693 kJ/mol at at frame 8803 at lambda (1.0, 0.95)
WARNING! Restraints triggered with energy of 0.06866001337766647 kJ/mol at at frame 8804 at lambda (1.0, 0.95)
WARNING! Restraints triggered with energy of 2.4344568252563477 kJ/mol at at frame 8805 at lambda (1.0, 0.95)
WARNING! Restraints triggered with energy of 7.388463973999023 kJ/mol at at frame 8807 at lambda (1.0, 0.95)
WARNING! Restraints triggered with energy of 0.21622402966022491 kJ/mol at at frame 8815 at lambda (1.0, 0.95)
WARNING! Restraints triggered with energy of 0.24135735630989075 kJ/mol at at frame 8818 at lambda (1.0, 0.95)
WARNING! Restraints triggered with energy of 0.12435171008110046 kJ/mol at at frame 8832 at lambda (1.0, 0.95)
WARNING! Restraints triggered with energy of 0.555097222328186 kJ/mol at at frame 8838 at lambda (1.0, 0.95)
WARNING! Restraints triggered with energy of 0.45976927876472473 kJ/mol at at frame 8839 at lambda (1.0, 0.95)
WARNING! Restraints triggered with energy of 2.1270501613616943 kJ/mol at at frame 8841 at lambda (1.0, 0.95)
WARNING! Restraints triggered with energy of 0.05279867723584175 kJ/mol at at frame 8844 at lambda (1.0, 0.95)
WARNING! Restraints triggered with energy of 0.04849790409207344 kJ/mol at at frame 8846 at lambda (1.0, 0.95)
WARNING! Restraints triggered with energy of 1.0133143663406372 kJ/mol at at frame 8850 at lambda (1.0, 0.95)
WARNING! Restraints triggered with energy of 1.2601813077926636 kJ/mol at at frame 8857 at lambda (1.0, 0.95)
WARNING! Restraints triggered with energy of 0.7005121111869812 kJ/mol at at frame 8860 at lambda (1.0, 0.95)
WARNING! Restraints triggered with energy of 1.0188548564910889 kJ/mol at at frame 8861 at lambda (1.0, 0.95)
WARNING! Restraints triggered with energy of 0.00989104900509119 kJ/mol at at frame 8865 at lambda (1.0, 0.95)
WARNING! Restraints triggered with energy of 0.5634451508522034 kJ/mol at at frame 8867 at lambda (1.0, 0.95)
WARNING! Restraints triggered with energy of 0.8216250538825989 kJ/mol at at frame 8868 at lambda (1.0, 0.95)
WARNING! Restraints triggered with energy of 0.24802818894386292 kJ/mol at at frame 8869 at lambda (1.0, 0.95)
WARNING! Restraints triggered with energy of 0.8601073026657104 kJ/mol at at frame 8870 at lambda (1.0, 0.95)
WARNING! Restraints triggered with energy of 1.0067086219787598 kJ/mol at at frame 8871 at lambda (1.0, 0.95)
WARNING! Restraints triggered with energy of 3.060030698776245 kJ/mol at at frame 8872 at lambda (1.0, 0.95)
WARNING! Restraints triggered with energy of 0.03153913840651512 kJ/mol at at frame 8875 at lambda (1.0, 0.95)
WARNING! Restraints triggered with energy of 0.031008051708340645 kJ/mol at at frame 8876 at lambda (1.0, 0.95)
WARNING! Restraints triggered with energy of 0.0005279433680698276 kJ/mol at at frame 8889 at lambda (1.0, 0.95)
WARNING! Restraints triggered with energy of 0.8122357726097107 kJ/mol at at frame 8891 at lambda (1.0, 0.95)
WARNING! Restraints triggered with energy of 0.735916793346405 kJ/mol at at frame 8892 at lambda (1.0, 0.95)
WARNING! Restraints triggered with energy of 0.35166212916374207 kJ/mol at at frame 8902 at lambda (1.0, 0.95)
WARNING! Restraints triggered with energy of 0.21023233234882355 kJ/mol at at frame 8917 at lambda (1.0, 0.95)
WARNING! Restraints triggered with energy of 0.09008771926164627 kJ/mol at at frame 8919 at lambda (1.0, 0.95)
WARNING! Restraints triggered with energy of 1.0250029563903809 kJ/mol at at frame 8920 at lambda (1.0, 0.95)
WARNING! Restraints triggered with energy of 0.4170730710029602 kJ/mol at at frame 8921 at lambda (1.0, 0.95)
WARNING! Restraints triggered with energy of 0.7481191754341125 kJ/mol at at frame 8922 at lambda (1.0, 0.95)
WARNING! Restraints triggered with energy of 0.9413808584213257 kJ/mol at at frame 8925 at lambda (1.0, 0.95)
WARNING! Restraints triggered with energy of 0.020075175911188126 kJ/mol at at frame 8927 at lambda (1.0, 0.95)
WARNING! Restraints triggered with energy of 3.5944786071777344 kJ/mol at at frame 8940 at lambda (1.0, 0.95)
WARNING! Restraints triggered with energy of 1.2470065355300903 kJ/mol at at frame 8941 at lambda (1.0, 0.95)
WARNING! Restraints triggered with energy of 0.033497367054224014 kJ/mol at at frame 8942 at lambda (1.0, 0.95)
WARNING! Restraints triggered with energy of 0.9348133206367493 kJ/mol at at frame 8943 at lambda (1.0, 0.95)
WARNING! Restraints triggered with energy of 0.15860261023044586 kJ/mol at at frame 8944 at lambda (1.0, 0.95)
WARNING! Restraints triggered with energy of 0.142942413687706 kJ/mol at at frame 8965 at lambda (1.0, 0.95)
WARNING! Restraints triggered with energy of 0.1763117015361786 kJ/mol at at frame 8968 at lambda (1.0, 0.95)
WARNING! Restraints triggered with energy of 1.519208312034607 kJ/mol at at frame 8969 at lambda (1.0, 0.95)
WARNING! Restraints triggered with energy of 0.01935911551117897 kJ/mol at at frame 8972 at lambda (1.0, 0.95)
WARNING! Restraints triggered with energy of 0.02156294509768486 kJ/mol at at frame 8981 at lambda (1.0, 0.95)
WARNING! Restraints triggered with energy of 0.30540919303894043 kJ/mol at at frame 8987 at lambda (1.0, 0.95)
WARNING! Restraints triggered with energy of 0.7910969853401184 kJ/mol at at frame 8995 at lambda (1.0, 0.95)
WARNING! Restraints triggered with energy of 0.18517610430717468 kJ/mol at at frame 9004 at lambda (1.0, 0.95)
WARNING! Restraints triggered with energy of 2.6295361518859863 kJ/mol at at frame 9005 at lambda (1.0, 0.95)
WARNING! Restraints triggered with energy of 3.937319755554199 kJ/mol at at frame 9020 at lambda (1.0, 0.95)
WARNING! Restraints triggered with energy of 0.44749343395233154 kJ/mol at at frame 9022 at lambda (1.0, 0.95)
WARNING! Restraints triggered with energy of 0.017655959352850914 kJ/mol at at frame 9023 at lambda (1.0, 0.95)
WARNING! Restraints triggered with energy of 0.21073493361473083 kJ/mol at at frame 9027 at lambda (1.0, 0.95)
WARNING! Restraints triggered with energy of 0.9370425939559937 kJ/mol at at frame 9028 at lambda (1.0, 0.95)
WARNING! Restraints triggered with energy of 0.08764971792697906 kJ/mol at at frame 9029 at lambda (1.0, 0.95)
WARNING! Restraints triggered with energy of 0.028967373073101044 kJ/mol at at frame 9030 at lambda (1.0, 0.95)
WARNING! Restraints triggered with energy of 0.4317769706249237 kJ/mol at at frame 9031 at lambda (1.0, 0.95)
WARNING! Restraints triggered with energy of 0.1962275207042694 kJ/mol at at frame 9043 at lambda (1.0, 0.95)
WARNING! Restraints triggered with energy of 0.23002448678016663 kJ/mol at at frame 9051 at lambda (1.0, 0.95)
WARNING! Restraints triggered with energy of 5.798132419586182 kJ/mol at at frame 9052 at lambda (1.0, 0.95)
WARNING! Restraints triggered with energy of 4.375138282775879 kJ/mol at at frame 9068 at lambda (1.0, 0.95)
WARNING! Restraints triggered with energy of 1.2714227437973022 kJ/mol at at frame 9070 at lambda (1.0, 0.95)
WARNING! Restraints triggered with energy of 0.06308165937662125 kJ/mol at at frame 9071 at lambda (1.0, 0.95)
WARNING! Restraints triggered with energy of 0.04573894292116165 kJ/mol at at frame 9086 at lambda (1.0, 0.95)
WARNING! Restraints triggered with energy of 1.835902214050293 kJ/mol at at frame 9087 at lambda (1.0, 0.95)
WARNING! Restraints triggered with energy of 0.7482008934020996 kJ/mol at at frame 9096 at lambda (1.0, 0.95)
WARNING! Restraints triggered with energy of 0.017874982208013535 kJ/mol at at frame 9098 at lambda (1.0, 0.95)
WARNING! Restraints triggered with energy of 4.7590837478637695 kJ/mol at at frame 9099 at lambda (1.0, 0.95)
WARNING! Restraints triggered with energy of 8.927321434020996 kJ/mol at at frame 9104 at lambda (1.0, 0.95)
WARNING! Restraints triggered with energy of 0.5335131883621216 kJ/mol at at frame 9106 at lambda (1.0, 0.95)
WARNING! Restraints triggered with energy of 4.821920394897461 kJ/mol at at frame 9107 at lambda (1.0, 0.95)
WARNING! Restraints triggered with energy of 0.24024513363838196 kJ/mol at at frame 9109 at lambda (1.0, 0.95)
WARNING! Restraints triggered with energy of 0.1509128212928772 kJ/mol at at frame 9113 at lambda (1.0, 0.95)
WARNING! Restraints triggered with energy of 0.8565375804901123 kJ/mol at at frame 9165 at lambda (1.0, 0.95)
WARNING! Restraints triggered with energy of 0.2063189446926117 kJ/mol at at frame 9167 at lambda (1.0, 0.95)
WARNING! Restraints triggered with energy of 3.22746205329895 kJ/mol at at frame 9168 at lambda (1.0, 0.95)
WARNING! Restraints triggered with energy of 0.01731877215206623 kJ/mol at at frame 9170 at lambda (1.0, 0.95)
WARNING! Restraints triggered with energy of 5.929441928863525 kJ/mol at at frame 9172 at lambda (1.0, 0.95)
WARNING! Restraints triggered with energy of 0.6984426975250244 kJ/mol at at frame 9174 at lambda (1.0, 0.95)
WARNING! Restraints triggered with energy of 2.8968658447265625 kJ/mol at at frame 9177 at lambda (1.0, 0.95)
WARNING! Restraints triggered with energy of 1.6579400300979614 kJ/mol at at frame 9178 at lambda (1.0, 0.95)
WARNING! Restraints triggered with energy of 0.1476435512304306 kJ/mol at at frame 9179 at lambda (1.0, 0.95)
WARNING! Restraints triggered with energy of 1.6298246383666992 kJ/mol at at frame 9180 at lambda (1.0, 0.95)
WARNING! Restraints triggered with energy of 1.4781206846237183 kJ/mol at at frame 9181 at lambda (1.0, 0.95)
WARNING! Restraints triggered with energy of 0.01589995063841343 kJ/mol at at frame 9182 at lambda (1.0, 0.95)
WARNING! Restraints triggered with energy of 0.06596009433269501 kJ/mol at at frame 9183 at lambda (1.0, 0.95)
WARNING! Restraints triggered with energy of 0.2429560273885727 kJ/mol at at frame 9184 at lambda (1.0, 0.95)
WARNING! Restraints triggered with energy of 0.06675315648317337 kJ/mol at at frame 9186 at lambda (1.0, 0.95)
WARNING! Restraints triggered with energy of 1.9919459819793701 kJ/mol at at frame 9191 at lambda (1.0, 0.95)
WARNING! Restraints triggered with energy of 0.06260816752910614 kJ/mol at at frame 9193 at lambda (1.0, 0.95)
WARNING! Restraints triggered with energy of 3.2337088584899902 kJ/mol at at frame 9194 at lambda (1.0, 0.95)
WARNING! Restraints triggered with energy of 0.37979042530059814 kJ/mol at at frame 9195 at lambda (1.0, 0.95)
WARNING! Restraints triggered with energy of 0.024915173649787903 kJ/mol at at frame 9199 at lambda (1.0, 0.95)
WARNING! Restraints triggered with energy of 0.7228508591651917 kJ/mol at at frame 9203 at lambda (1.0, 0.95)
WARNING! Restraints triggered with energy of 0.8950868844985962 kJ/mol at at frame 9204 at lambda (1.0, 0.95)
WARNING! Restraints triggered with energy of 1.4794299602508545 kJ/mol at at frame 9215 at lambda (1.0, 0.95)
WARNING! Restraints triggered with energy of 3.7806389331817627 kJ/mol at at frame 9217 at lambda (1.0, 0.95)
WARNING! Restraints triggered with energy of 1.0410516262054443 kJ/mol at at frame 9218 at lambda (1.0, 0.95)
WARNING! Restraints triggered with energy of 0.6901957988739014 kJ/mol at at frame 9219 at lambda (1.0, 0.95)
WARNING! Restraints triggered with energy of 0.08521758764982224 kJ/mol at at frame 9220 at lambda (1.0, 0.95)
WARNING! Restraints triggered with energy of 1.8060054779052734 kJ/mol at at frame 9222 at lambda (1.0, 0.95)
WARNING! Restraints triggered with energy of 2.5466761589050293 kJ/mol at at frame 9223 at lambda (1.0, 0.95)
WARNING! Restraints triggered with energy of 2.9313011169433594 kJ/mol at at frame 9704 at lambda (1.0, 0.95)
WARNING! Restraints triggered with energy of 2.0573859214782715 kJ/mol at at frame 9705 at lambda (1.0, 0.95)
WARNING! Restraints triggered with energy of 0.06785567104816437 kJ/mol at at frame 9706 at lambda (1.0, 0.95)
WARNING! Restraints triggered with energy of 0.12873226404190063 kJ/mol at at frame 9707 at lambda (1.0, 0.95)
WARNING! Restraints triggered with energy of 0.8106873631477356 kJ/mol at at frame 9709 at lambda (1.0, 0.95)
WARNING! Restraints triggered with energy of 0.0016368243377655745 kJ/mol at at frame 9712 at lambda (1.0, 0.95)
WARNING! Restraints triggered with energy of 2.9578778743743896 kJ/mol at at frame 9717 at lambda (1.0, 0.95)
WARNING! Restraints triggered with energy of 0.827971875667572 kJ/mol at at frame 9723 at lambda (1.0, 0.95)
WARNING! Restraints triggered with energy of 1.3138545751571655 kJ/mol at at frame 9726 at lambda (1.0, 0.95)
WARNING! Restraints triggered with energy of 0.02721693553030491 kJ/mol at at frame 9730 at lambda (1.0, 0.95)
WARNING! Restraints triggered with energy of 6.357551097869873 kJ/mol at at frame 9731 at lambda (1.0, 0.95)
WARNING! Restraints triggered with energy of 0.328523188829422 kJ/mol at at frame 9732 at lambda (1.0, 0.95)
WARNING! Restraints triggered with energy of 1.3731143474578857 kJ/mol at at frame 9733 at lambda (1.0, 0.95)
WARNING! Restraints triggered with energy of 0.7135668992996216 kJ/mol at at frame 9734 at lambda (1.0, 0.95)
WARNING! Restraints triggered with energy of 11.205410957336426 kJ/mol at at frame 9735 at lambda (1.0, 0.95)
WARNING! Restraints triggered with energy of 2.504652738571167 kJ/mol at at frame 9737 at lambda (1.0, 0.95)
WARNING! Restraints triggered with energy of 1.3905434608459473 kJ/mol at at frame 9739 at lambda (1.0, 0.95)
WARNING! Restraints triggered with energy of 2.057602643966675 kJ/mol at at frame 9740 at lambda (1.0, 0.95)
WARNING! Restraints triggered with energy of 2.8827383518218994 kJ/mol at at frame 9741 at lambda (1.0, 0.95)
WARNING! Restraints triggered with energy of 0.21302145719528198 kJ/mol at at frame 9742 at lambda (1.0, 0.95)
WARNING! Restraints triggered with energy of 1.3289008140563965 kJ/mol at at frame 9744 at lambda (1.0, 0.95)
WARNING! Restraints triggered with energy of 0.1538028120994568 kJ/mol at at frame 9745 at lambda (1.0, 0.95)
WARNING! Restraints triggered with energy of 0.14063099026679993 kJ/mol at at frame 9746 at lambda (1.0, 0.95)
WARNING! Restraints triggered with energy of 0.7415825128555298 kJ/mol at at frame 9747 at lambda (1.0, 0.95)
WARNING! Restraints triggered with energy of 1.2065690755844116 kJ/mol at at frame 9749 at lambda (1.0, 0.95)
WARNING! Restraints triggered with energy of 0.2717278003692627 kJ/mol at at frame 9855 at lambda (1.0, 0.95)
WARNING! Restraints triggered with energy of 6.244475364685059 kJ/mol at at frame 9900 at lambda (1.0, 0.95)
WARNING! Restraints triggered with energy of 0.7953360676765442 kJ/mol at at frame 9901 at lambda (1.0, 0.95)
WARNING! Restraints triggered with energy of 0.5556321144104004 kJ/mol at at frame 9903 at lambda (1.0, 0.95)
WARNING! Restraints triggered with energy of 1.0382399559020996 kJ/mol at at frame 10019 at lambda (1.0, 0.95)
WARNING! Restraints triggered with energy of 0.837814450263977 kJ/mol at at frame 10020 at lambda (1.0, 0.95)
WARNING! Restraints triggered with energy of 3.334233283996582 kJ/mol at at frame 10021 at lambda (1.0, 0.95)
WARNING! Restraints triggered with energy of 1.3523883819580078 kJ/mol at at frame 10023 at lambda (1.0, 0.95)
WARNING! Restraints triggered with energy of 3.0068702697753906 kJ/mol at at frame 10032 at lambda (1.0, 0.95)
WARNING! Restraints triggered with energy of 0.2264152467250824 kJ/mol at at frame 10033 at lambda (1.0, 0.95)
WARNING! Restraints triggered with energy of 1.169533610343933 kJ/mol at at frame 10034 at lambda (1.0, 0.95)
WARNING! Restraints triggered with energy of 4.065092086791992 kJ/mol at at frame 10035 at lambda (1.0, 0.95)
WARNING! Restraints triggered with energy of 0.6791775822639465 kJ/mol at at frame 10036 at lambda (1.0, 0.95)
WARNING! Restraints triggered with energy of 0.28983062505722046 kJ/mol at at frame 10037 at lambda (1.0, 0.95)
WARNING! Restraints triggered with energy of 0.000936252879910171 kJ/mol at at frame 10038 at lambda (1.0, 0.95)
WARNING! Restraints triggered with energy of 0.004158054478466511 kJ/mol at at frame 10041 at lambda (1.0, 0.95)
WARNING! Restraints triggered with energy of 0.23799152672290802 kJ/mol at at frame 10042 at lambda (1.0, 0.95)
WARNING! Restraints triggered with energy of 2.3890798091888428 kJ/mol at at frame 10043 at lambda (1.0, 0.95)
WARNING! Restraints triggered with energy of 3.456634044647217 kJ/mol at at frame 10044 at lambda (1.0, 0.95)
WARNING! Restraints triggered with energy of 0.15066345036029816 kJ/mol at at frame 10046 at lambda (1.0, 0.95)
WARNING! Restraints triggered with energy of 0.25648024678230286 kJ/mol at at frame 10121 at lambda (1.0, 0.95)
WARNING! Restraints triggered with energy of 0.06590189784765244 kJ/mol at at frame 10122 at lambda (1.0, 0.95)
WARNING! Restraints triggered with energy of 1.9544832706451416 kJ/mol at at frame 10124 at lambda (1.0, 0.95)
WARNING! Restraints triggered with energy of 1.787144660949707 kJ/mol at at frame 10125 at lambda (1.0, 0.95)
WARNING! Restraints triggered with energy of 1.446237564086914 kJ/mol at at frame 10126 at lambda (1.0, 0.95)
WARNING! Restraints triggered with energy of 0.07796822488307953 kJ/mol at at frame 10130 at lambda (1.0, 0.95)
WARNING! Restraints triggered with energy of 5.623995780944824 kJ/mol at at frame 10132 at lambda (1.0, 0.95)
WARNING! Restraints triggered with energy of 3.4397988319396973 kJ/mol at at frame 10133 at lambda (1.0, 0.95)
WARNING! Restraints triggered with energy of 1.58164644241333 kJ/mol at at frame 10134 at lambda (1.0, 0.95)
WARNING! Restraints triggered with energy of 0.7287402153015137 kJ/mol at at frame 10135 at lambda (1.0, 0.95)
WARNING! Restraints triggered with energy of 0.09051908552646637 kJ/mol at at frame 10215 at lambda (1.0, 0.95)
WARNING! Restraints triggered with energy of 0.817179799079895 kJ/mol at at frame 10216 at lambda (1.0, 0.95)
WARNING! Restraints triggered with energy of 2.039651870727539 kJ/mol at at frame 10217 at lambda (1.0, 0.95)
WARNING! Restraints triggered with energy of 4.355840682983398 kJ/mol at at frame 10222 at lambda (1.0, 0.95)
WARNING! Restraints triggered with energy of 0.41196563839912415 kJ/mol at at frame 10223 at lambda (1.0, 0.95)
WARNING! Restraints triggered with energy of 3.9576597213745117 kJ/mol at at frame 10224 at lambda (1.0, 0.95)
WARNING! Restraints triggered with energy of 1.2908343076705933 kJ/mol at at frame 10226 at lambda (1.0, 0.95)
WARNING! Restraints triggered with energy of 0.949369490146637 kJ/mol at at frame 10230 at lambda (1.0, 0.95)
WARNING! Restraints triggered with energy of 2.189537763595581 kJ/mol at at frame 10239 at lambda (1.0, 0.95)
WARNING! Restraints triggered with energy of 0.02928326651453972 kJ/mol at at frame 10240 at lambda (1.0, 0.95)
WARNING! Restraints triggered with energy of 0.8428876399993896 kJ/mol at at frame 10243 at lambda (1.0, 0.95)
WARNING! Restraints triggered with energy of 2.0288493633270264 kJ/mol at at frame 10244 at lambda (1.0, 0.95)
WARNING! Restraints triggered with energy of 0.5284895300865173 kJ/mol at at frame 10245 at lambda (1.0, 0.95)
WARNING! Restraints triggered with energy of 0.4926360845565796 kJ/mol at at frame 10247 at lambda (1.0, 0.95)
WARNING! Restraints triggered with energy of 0.33673661947250366 kJ/mol at at frame 10248 at lambda (1.0, 0.95)
WARNING! Restraints triggered with energy of 0.8553143739700317 kJ/mol at at frame 10250 at lambda (1.0, 0.95)
WARNING! Restraints triggered with energy of 1.1952470541000366 kJ/mol at at frame 10253 at lambda (1.0, 0.95)
WARNING! Restraints triggered with energy of 13.530075073242188 kJ/mol at at frame 10254 at lambda (1.0, 0.95)
WARNING! Restraints triggered with energy of 3.0398764610290527 kJ/mol at at frame 10255 at lambda (1.0, 0.95)
WARNING! Restraints triggered with energy of 0.6422272324562073 kJ/mol at at frame 10256 at lambda (1.0, 0.95)
WARNING! Restraints triggered with energy of 2.6619789600372314 kJ/mol at at frame 10257 at lambda (1.0, 0.95)
WARNING! Restraints triggered with energy of 0.15760375559329987 kJ/mol at at frame 10258 at lambda (1.0, 0.95)
WARNING! Restraints triggered with energy of 1.08677339553833 kJ/mol at at frame 10259 at lambda (1.0, 0.95)
WARNING! Restraints triggered with energy of 3.2257657051086426 kJ/mol at at frame 10261 at lambda (1.0, 0.95)
WARNING! Restraints triggered with energy of 0.6132867932319641 kJ/mol at at frame 10263 at lambda (1.0, 0.95)
WARNING! Restraints triggered with energy of 2.5076427459716797 kJ/mol at at frame 10270 at lambda (1.0, 0.95)
WARNING! Restraints triggered with energy of 0.9226542711257935 kJ/mol at at frame 10271 at lambda (1.0, 0.95)
WARNING! Restraints triggered with energy of 9.7944917678833 kJ/mol at at frame 10273 at lambda (1.0, 0.95)
WARNING! Restraints triggered with energy of 0.4516727030277252 kJ/mol at at frame 10274 at lambda (1.0, 0.95)
WARNING! Restraints triggered with energy of 0.06891761720180511 kJ/mol at at frame 10279 at lambda (1.0, 0.95)
WARNING! Restraints triggered with energy of 0.7856130599975586 kJ/mol at at frame 10280 at lambda (1.0, 0.95)
WARNING! Restraints triggered with energy of 3.378976583480835 kJ/mol at at frame 10282 at lambda (1.0, 0.95)
WARNING! Restraints triggered with energy of 0.1535140573978424 kJ/mol at at frame 10288 at lambda (1.0, 0.95)
WARNING! Restraints triggered with energy of 0.015410768799483776 kJ/mol at at frame 10289 at lambda (1.0, 0.95)
WARNING! Restraints triggered with energy of 1.9455156326293945 kJ/mol at at frame 10290 at lambda (1.0, 0.95)
WARNING! Restraints triggered with energy of 0.07986775040626526 kJ/mol at at frame 10291 at lambda (1.0, 0.95)
WARNING! Restraints triggered with energy of 3.344726085662842 kJ/mol at at frame 10292 at lambda (1.0, 0.95)
WARNING! Restraints triggered with energy of 1.9570189714431763 kJ/mol at at frame 10293 at lambda (1.0, 0.95)
WARNING! Restraints triggered with energy of 0.0003614021115936339 kJ/mol at at frame 10295 at lambda (1.0, 0.95)
WARNING! Restraints triggered with energy of 5.823310375213623 kJ/mol at at frame 10297 at lambda (1.0, 0.95)
WARNING! Restraints triggered with energy of 2.2112793922424316 kJ/mol at at frame 10299 at lambda (1.0, 0.95)
WARNING! Restraints triggered with energy of 0.0849091038107872 kJ/mol at at frame 10301 at lambda (1.0, 0.95)
WARNING! Restraints triggered with energy of 0.2552477717399597 kJ/mol at at frame 10304 at lambda (1.0, 0.95)
WARNING! Restraints triggered with energy of 3.6750669479370117 kJ/mol at at frame 10306 at lambda (1.0, 0.95)
WARNING! Restraints triggered with energy of 1.0855923891067505 kJ/mol at at frame 10312 at lambda (1.0, 0.95)
WARNING! Restraints triggered with energy of 0.760339617729187 kJ/mol at at frame 10315 at lambda (1.0, 0.95)
WARNING! Restraints triggered with energy of 1.145615577697754 kJ/mol at at frame 10317 at lambda (1.0, 0.95)
WARNING! Restraints triggered with energy of 1.5597739219665527 kJ/mol at at frame 10322 at lambda (1.0, 0.95)
WARNING! Restraints triggered with energy of 0.013957824558019638 kJ/mol at at frame 10323 at lambda (1.0, 0.95)
WARNING! Restraints triggered with energy of 0.6998009085655212 kJ/mol at at frame 10327 at lambda (1.0, 0.95)
WARNING! Restraints triggered with energy of 0.04000119864940643 kJ/mol at at frame 10330 at lambda (1.0, 0.95)
WARNING! Restraints triggered with energy of 0.047863587737083435 kJ/mol at at frame 10333 at lambda (1.0, 0.95)
WARNING! Restraints triggered with energy of 0.07443860918283463 kJ/mol at at frame 10337 at lambda (1.0, 0.95)
WARNING! Restraints triggered with energy of 0.052158307284116745 kJ/mol at at frame 10342 at lambda (1.0, 0.95)
WARNING! Restraints triggered with energy of 3.6145596504211426 kJ/mol at at frame 10343 at lambda (1.0, 0.95)
WARNING! Restraints triggered with energy of 0.5936117172241211 kJ/mol at at frame 10345 at lambda (1.0, 0.95)
WARNING! Restraints triggered with energy of 0.04371780529618263 kJ/mol at at frame 10346 at lambda (1.0, 0.95)
WARNING! Restraints triggered with energy of 1.0778326988220215 kJ/mol at at frame 10347 at lambda (1.0, 0.95)
WARNING! Restraints triggered with energy of 2.0369553565979004 kJ/mol at at frame 10349 at lambda (1.0, 0.95)
WARNING! Restraints triggered with energy of 3.2028403282165527 kJ/mol at at frame 10351 at lambda (1.0, 0.95)
WARNING! Restraints triggered with energy of 6.08941125869751 kJ/mol at at frame 10352 at lambda (1.0, 0.95)
WARNING! Restraints triggered with energy of 0.056970641016960144 kJ/mol at at frame 10355 at lambda (1.0, 0.95)
WARNING! Restraints triggered with energy of 4.775620937347412 kJ/mol at at frame 10358 at lambda (1.0, 0.95)
WARNING! Restraints triggered with energy of 0.1780448704957962 kJ/mol at at frame 10362 at lambda (1.0, 0.95)
WARNING! Restraints triggered with energy of 0.9138038158416748 kJ/mol at at frame 10363 at lambda (1.0, 0.95)
WARNING! Restraints triggered with energy of 0.36222410202026367 kJ/mol at at frame 10500 at lambda (1.0, 0.95)
WARNING! Restraints triggered with energy of 0.0036989194341003895 kJ/mol at at frame 10502 at lambda (1.0, 0.95)
WARNING! Restraints triggered with energy of 0.8961236476898193 kJ/mol at at frame 10503 at lambda (1.0, 0.95)
WARNING! Restraints triggered with energy of 0.9647799730300903 kJ/mol at at frame 10510 at lambda (1.0, 0.95)
WARNING! Restraints triggered with energy of 0.18109430372714996 kJ/mol at at frame 10512 at lambda (1.0, 0.95)
WARNING! Restraints triggered with energy of 8.239027976989746 kJ/mol at at frame 10513 at lambda (1.0, 0.95)
WARNING! Restraints triggered with energy of 0.7316615581512451 kJ/mol at at frame 10514 at lambda (1.0, 0.95)
WARNING! Restraints triggered with energy of 1.0262845754623413 kJ/mol at at frame 10515 at lambda (1.0, 0.95)
WARNING! Restraints triggered with energy of 6.805803298950195 kJ/mol at at frame 10516 at lambda (1.0, 0.95)
WARNING! Restraints triggered with energy of 0.0209242831915617 kJ/mol at at frame 10517 at lambda (1.0, 0.95)
WARNING! Restraints triggered with energy of 5.135435104370117 kJ/mol at at frame 10518 at lambda (1.0, 0.95)
WARNING! Restraints triggered with energy of 1.0132383108139038 kJ/mol at at frame 10519 at lambda (1.0, 0.95)
WARNING! Restraints triggered with energy of 0.928450882434845 kJ/mol at at frame 10520 at lambda (1.0, 0.95)
WARNING! Restraints triggered with energy of 0.21564476191997528 kJ/mol at at frame 10521 at lambda (1.0, 0.95)
WARNING! Restraints triggered with energy of 1.061910629272461 kJ/mol at at frame 10522 at lambda (1.0, 0.95)
WARNING! Restraints triggered with energy of 0.05063820630311966 kJ/mol at at frame 10524 at lambda (1.0, 0.95)
WARNING! Restraints triggered with energy of 0.16075363755226135 kJ/mol at at frame 10525 at lambda (1.0, 0.95)
WARNING! Restraints triggered with energy of 0.4294220805168152 kJ/mol at at frame 10526 at lambda (1.0, 0.95)
WARNING! Restraints triggered with energy of 0.40262386202812195 kJ/mol at at frame 10529 at lambda (1.0, 0.95)
WARNING! Restraints triggered with energy of 6.265496253967285 kJ/mol at at frame 10530 at lambda (1.0, 0.95)
WARNING! Restraints triggered with energy of 0.25325730443000793 kJ/mol at at frame 10531 at lambda (1.0, 0.95)
WARNING! Restraints triggered with energy of 0.4383174180984497 kJ/mol at at frame 10532 at lambda (1.0, 0.95)
WARNING! Restraints triggered with energy of 6.444809913635254 kJ/mol at at frame 10533 at lambda (1.0, 0.95)
WARNING! Restraints triggered with energy of 0.513953685760498 kJ/mol at at frame 10537 at lambda (1.0, 0.95)
WARNING! Restraints triggered with energy of 2.5151257514953613 kJ/mol at at frame 10538 at lambda (1.0, 0.95)
WARNING! Restraints triggered with energy of 1.1444836854934692 kJ/mol at at frame 10541 at lambda (1.0, 0.95)
WARNING! Restraints triggered with energy of 0.130357027053833 kJ/mol at at frame 10542 at lambda (1.0, 0.95)
WARNING! Restraints triggered with energy of 1.536789059638977 kJ/mol at at frame 10544 at lambda (1.0, 0.95)
WARNING! Restraints triggered with energy of 2.9212849140167236 kJ/mol at at frame 10545 at lambda (1.0, 0.95)
WARNING! Restraints triggered with energy of 2.6226494312286377 kJ/mol at at frame 10547 at lambda (1.0, 0.95)
WARNING! Restraints triggered with energy of 4.115745544433594 kJ/mol at at frame 10549 at lambda (1.0, 0.95)
WARNING! Restraints triggered with energy of 0.1659213751554489 kJ/mol at at frame 10550 at lambda (1.0, 0.95)
WARNING! Restraints triggered with energy of 0.2715013921260834 kJ/mol at at frame 10604 at lambda (1.0, 0.95)
WARNING! Restraints triggered with energy of 1.2163399457931519 kJ/mol at at frame 10665 at lambda (1.0, 0.95)
WARNING! Restraints triggered with energy of 0.7976455092430115 kJ/mol at at frame 10669 at lambda (1.0, 0.95)
WARNING! Restraints triggered with energy of 0.21469850838184357 kJ/mol at at frame 10672 at lambda (1.0, 0.95)
WARNING! Restraints triggered with energy of 0.9000973105430603 kJ/mol at at frame 10684 at lambda (1.0, 0.95)
WARNING! Restraints triggered with energy of 0.004565857816487551 kJ/mol at at frame 10713 at lambda (1.0, 0.95)
WARNING! Restraints triggered with energy of 1.0677772760391235 kJ/mol at at frame 10735 at lambda (1.0, 0.95)
WARNING! Restraints triggered with energy of 2.3068878650665283 kJ/mol at at frame 10873 at lambda (1.0, 0.95)
WARNING! Restraints triggered with energy of 0.15487131476402283 kJ/mol at at frame 10874 at lambda (1.0, 0.95)
WARNING! Restraints triggered with energy of 0.9261045455932617 kJ/mol at at frame 10949 at lambda (1.0, 0.95)
WARNING! Restraints triggered with energy of 0.3604075610637665 kJ/mol at at frame 10952 at lambda (1.0, 0.95)
WARNING! Restraints triggered with energy of 7.934656143188477 kJ/mol at at frame 10969 at lambda (1.0, 0.95)
WARNING! Restraints triggered with energy of 1.8621762990951538 kJ/mol at at frame 11070 at lambda (1.0, 0.95)
WARNING! Restraints triggered with energy of 2.285336494445801 kJ/mol at at frame 11071 at lambda (1.0, 0.95)
WARNING! Restraints triggered with energy of 0.19877929985523224 kJ/mol at at frame 11072 at lambda (1.0, 0.95)
WARNING! Restraints triggered with energy of 0.06686056405305862 kJ/mol at at frame 11073 at lambda (1.0, 0.95)
WARNING! Restraints triggered with energy of 0.7805153131484985 kJ/mol at at frame 11075 at lambda (1.0, 0.95)
WARNING! Restraints triggered with energy of 7.198711395263672 kJ/mol at at frame 11079 at lambda (1.0, 0.95)
WARNING! Restraints triggered with energy of 0.39273789525032043 kJ/mol at at frame 11080 at lambda (1.0, 0.95)
WARNING! Restraints triggered with energy of 0.34178626537323 kJ/mol at at frame 11081 at lambda (1.0, 0.95)
WARNING! Restraints triggered with energy of 0.30938854813575745 kJ/mol at at frame 11082 at lambda (1.0, 0.95)
WARNING! Restraints triggered with energy of 1.4115138053894043 kJ/mol at at frame 11084 at lambda (1.0, 0.95)
WARNING! Restraints triggered with energy of 0.47878843545913696 kJ/mol at at frame 11085 at lambda (1.0, 0.95)
WARNING! Restraints triggered with energy of 0.6203031539916992 kJ/mol at at frame 11086 at lambda (1.0, 0.95)
WARNING! Restraints triggered with energy of 3.890872001647949 kJ/mol at at frame 11087 at lambda (1.0, 0.95)
WARNING! Restraints triggered with energy of 7.7004499435424805 kJ/mol at at frame 11089 at lambda (1.0, 0.95)
WARNING! Restraints triggered with energy of 0.5566603541374207 kJ/mol at at frame 11090 at lambda (1.0, 0.95)
WARNING! Restraints triggered with energy of 0.001694637699984014 kJ/mol at at frame 11092 at lambda (1.0, 0.95)
WARNING! Restraints triggered with energy of 0.8549650311470032 kJ/mol at at frame 11094 at lambda (1.0, 0.95)
WARNING! Restraints triggered with energy of 1.6962440013885498 kJ/mol at at frame 11095 at lambda (1.0, 0.95)
WARNING! Restraints triggered with energy of 1.285496473312378 kJ/mol at at frame 11098 at lambda (1.0, 0.95)
WARNING! Restraints triggered with energy of 1.938698172569275 kJ/mol at at frame 11101 at lambda (1.0, 0.95)
WARNING! Restraints triggered with energy of 0.0849091038107872 kJ/mol at at frame 11102 at lambda (1.0, 0.95)
WARNING! Restraints triggered with energy of 1.066996693611145 kJ/mol at at frame 11104 at lambda (1.0, 0.95)
WARNING! Restraints triggered with energy of 0.04752945899963379 kJ/mol at at frame 11116 at lambda (1.0, 0.95)
WARNING! Restraints triggered with energy of 0.027507496997714043 kJ/mol at at frame 11126 at lambda (1.0, 0.95)
WARNING! Restraints triggered with energy of 1.849953532218933 kJ/mol at at frame 11127 at lambda (1.0, 0.95)
WARNING! Restraints triggered with energy of 4.806710720062256 kJ/mol at at frame 11131 at lambda (1.0, 0.95)
WARNING! Restraints triggered with energy of 2.0255684852600098 kJ/mol at at frame 11133 at lambda (1.0, 0.95)
WARNING! Restraints triggered with energy of 0.13952115178108215 kJ/mol at at frame 11134 at lambda (1.0, 0.95)
WARNING! Restraints triggered with energy of 2.9190900325775146 kJ/mol at at frame 11136 at lambda (1.0, 0.95)
WARNING! Restraints triggered with energy of 0.019467012956738472 kJ/mol at at frame 11141 at lambda (1.0, 0.95)
WARNING! Restraints triggered with energy of 0.05425820127129555 kJ/mol at at frame 11142 at lambda (1.0, 0.95)
WARNING! Restraints triggered with energy of 0.1349799782037735 kJ/mol at at frame 11144 at lambda (1.0, 0.95)
WARNING! Restraints triggered with energy of 7.014779567718506 kJ/mol at at frame 11150 at lambda (1.0, 0.95)
WARNING! Restraints triggered with energy of 1.2929811477661133 kJ/mol at at frame 11152 at lambda (1.0, 0.95)
WARNING! Restraints triggered with energy of 0.007603066507726908 kJ/mol at at frame 11157 at lambda (1.0, 0.95)
WARNING! Restraints triggered with energy of 0.08635720610618591 kJ/mol at at frame 11174 at lambda (1.0, 0.95)
WARNING! Restraints triggered with energy of 0.4355083405971527 kJ/mol at at frame 11176 at lambda (1.0, 0.95)
WARNING! Restraints triggered with energy of 0.5283384919166565 kJ/mol at at frame 11177 at lambda (1.0, 0.95)
WARNING! Restraints triggered with energy of 3.9349591732025146 kJ/mol at at frame 11181 at lambda (1.0, 0.95)
WARNING! Restraints triggered with energy of 1.9498649835586548 kJ/mol at at frame 11184 at lambda (1.0, 0.95)
WARNING! Restraints triggered with energy of 1.7502923583379015e-05 kJ/mol at at frame 11185 at lambda (1.0, 0.95)
WARNING! Restraints triggered with energy of 2.6115880012512207 kJ/mol at at frame 11224 at lambda (1.0, 0.95)
WARNING! Restraints triggered with energy of 3.842773914337158 kJ/mol at at frame 11230 at lambda (1.0, 0.95)
WARNING! Restraints triggered with energy of 0.2941068708896637 kJ/mol at at frame 11231 at lambda (1.0, 0.95)
WARNING! Restraints triggered with energy of 0.7062464356422424 kJ/mol at at frame 11232 at lambda (1.0, 0.95)
WARNING! Restraints triggered with energy of 0.483951598405838 kJ/mol at at frame 11233 at lambda (1.0, 0.95)
WARNING! Restraints triggered with energy of 1.7687093019485474 kJ/mol at at frame 11320 at lambda (1.0, 0.95)
WARNING! Restraints triggered with energy of 0.006035045254975557 kJ/mol at at frame 11329 at lambda (1.0, 0.95)
WARNING! Restraints triggered with energy of 2.2182223796844482 kJ/mol at at frame 11330 at lambda (1.0, 0.95)
WARNING! Restraints triggered with energy of 1.1756900548934937 kJ/mol at at frame 11332 at lambda (1.0, 0.95)
WARNING! Restraints triggered with energy of 0.8467764854431152 kJ/mol at at frame 11337 at lambda (1.0, 0.95)
WARNING! Restraints triggered with energy of 3.5168020725250244 kJ/mol at at frame 11338 at lambda (1.0, 0.95)
WARNING! Restraints triggered with energy of 2.803471326828003 kJ/mol at at frame 11347 at lambda (1.0, 0.95)
WARNING! Restraints triggered with energy of 0.2288302779197693 kJ/mol at at frame 11350 at lambda (1.0, 0.95)
WARNING! Restraints triggered with energy of 1.3991987705230713 kJ/mol at at frame 11355 at lambda (1.0, 0.95)
WARNING! Restraints triggered with energy of 0.2280268371105194 kJ/mol at at frame 11356 at lambda (1.0, 0.95)
WARNING! Restraints triggered with energy of 1.2062163352966309 kJ/mol at at frame 11357 at lambda (1.0, 0.95)
WARNING! Restraints triggered with energy of 4.469391345977783 kJ/mol at at frame 11359 at lambda (1.0, 0.95)
WARNING! Restraints triggered with energy of 1.7113324403762817 kJ/mol at at frame 11403 at lambda (1.0, 0.95)
WARNING! Restraints triggered with energy of 2.9173476696014404 kJ/mol at at frame 11423 at lambda (1.0, 0.95)
WARNING! Restraints triggered with energy of 0.5523565411567688 kJ/mol at at frame 11424 at lambda (1.0, 0.95)
WARNING! Restraints triggered with energy of 0.5195068120956421 kJ/mol at at frame 11765 at lambda (1.0, 0.95)
WARNING! Restraints triggered with energy of 2.3209948539733887 kJ/mol at at frame 13544 at lambda (1.0, 0.95)
WARNING! Restraints triggered with energy of 0.4026358127593994 kJ/mol at at frame 13545 at lambda (1.0, 0.95)
WARNING! Restraints triggered with energy of 2.4114949703216553 kJ/mol at at frame 13546 at lambda (1.0, 0.95)
WARNING! Restraints triggered with energy of 0.005535222589969635 kJ/mol at at frame 13631 at lambda (1.0, 0.95)
WARNING! Restraints triggered with energy of 0.023273585364222527 kJ/mol at at frame 13634 at lambda (1.0, 0.95)
WARNING! Restraints triggered with energy of 0.0921114832162857 kJ/mol at at frame 13635 at lambda (1.0, 0.95)
WARNING! Restraints triggered with energy of 0.8297602534294128 kJ/mol at at frame 13639 at lambda (1.0, 0.95)
WARNING! Restraints triggered with energy of 0.1473606377840042 kJ/mol at at frame 13677 at lambda (1.0, 0.95)
WARNING! Restraints triggered with energy of 0.05910921469330788 kJ/mol at at frame 13679 at lambda (1.0, 0.95)
WARNING! Restraints triggered with energy of 0.7383167743682861 kJ/mol at at frame 13681 at lambda (1.0, 0.95)
WARNING! Restraints triggered with energy of 0.5789042711257935 kJ/mol at at frame 13682 at lambda (1.0, 0.95)
WARNING! Restraints triggered with energy of 0.006682479288429022 kJ/mol at at frame 13686 at lambda (1.0, 0.95)
WARNING! Restraints triggered with energy of 1.672164216870442e-05 kJ/mol at at frame 13687 at lambda (1.0, 0.95)
WARNING! Restraints triggered with energy of 1.33208167552948 kJ/mol at at frame 13688 at lambda (1.0, 0.95)
WARNING! Restraints triggered with energy of 0.05428459867835045 kJ/mol at at frame 13693 at lambda (1.0, 0.95)
WARNING! Restraints triggered with energy of 0.008076291531324387 kJ/mol at at frame 13696 at lambda (1.0, 0.95)
WARNING! Restraints triggered with energy of 0.08852984011173248 kJ/mol at at frame 14058 at lambda (1.0, 0.95)
WARNING! Restraints triggered with energy of 0.09834137558937073 kJ/mol at at frame 14059 at lambda (1.0, 0.95)
WARNING! Restraints triggered with energy of 0.052253253757953644 kJ/mol at at frame 14513 at lambda (1.0, 0.95)
WARNING! Restraints triggered with energy of 0.09569403529167175 kJ/mol at at frame 14516 at lambda (1.0, 0.95)
WARNING! Restraints triggered with energy of 2.9077095985412598 kJ/mol at at frame 14521 at lambda (1.0, 0.95)
WARNING! Restraints triggered with energy of 2.6826658248901367 kJ/mol at at frame 14526 at lambda (1.0, 0.95)
WARNING! Restraints triggered with energy of 0.5338443517684937 kJ/mol at at frame 14528 at lambda (1.0, 0.95)
WARNING! Restraints triggered with energy of 6.305272579193115 kJ/mol at at frame 14530 at lambda (1.0, 0.95)
WARNING! Restraints triggered with energy of 0.0380978100001812 kJ/mol at at frame 14532 at lambda (1.0, 0.95)
WARNING! Restraints triggered with energy of 0.017530696466565132 kJ/mol at at frame 14561 at lambda (1.0, 0.95)
WARNING! Restraints triggered with energy of 2.107811212539673 kJ/mol at at frame 14562 at lambda (1.0, 0.95)
WARNING! Restraints triggered with energy of 0.36901941895484924 kJ/mol at at frame 14563 at lambda (1.0, 0.95)
WARNING! Restraints triggered with energy of 0.26691505312919617 kJ/mol at at frame 14564 at lambda (1.0, 0.95)
WARNING! Restraints triggered with energy of 0.054588671773672104 kJ/mol at at frame 14569 at lambda (1.0, 0.95)
WARNING! Restraints triggered with energy of 0.05640401691198349 kJ/mol at at frame 14576 at lambda (1.0, 0.95)
WARNING! Restraints triggered with energy of 0.004032352939248085 kJ/mol at at frame 14602 at lambda (1.0, 0.95)
WARNING! Restraints triggered with energy of 0.18838411569595337 kJ/mol at at frame 14605 at lambda (1.0, 0.95)
WARNING! Restraints triggered with energy of 4.648726463317871 kJ/mol at at frame 14612 at lambda (1.0, 0.95)
WARNING! Restraints triggered with energy of 0.041472647339105606 kJ/mol at at frame 14614 at lambda (1.0, 0.95)
WARNING! Restraints triggered with energy of 0.003818185068666935 kJ/mol at at frame 14616 at lambda (1.0, 0.95)
WARNING! Restraints triggered with energy of 0.009204602800309658 kJ/mol at at frame 14621 at lambda (1.0, 0.95)
Forward Free energy difference: -26.017598525718398  0.06023930791048291 kJ/mol
Reverse Free energy difference: 23.470625255878193  0.06222780070056154 kJ/mol
BAR Free energy difference from first half of samples: -24.787252684913227  0.014848405012159702 kJ/mol
BAR Free energy difference from second half of samples: -24.779390394052808  0.015241352390073461 kJ/mol
Total BAR Free energy difference: -24.052845021687588  0.0985346062147932 kJ/mol with estimated overlap of 0.5715450788229514
